============================= test session starts ==============================
platform linux -- Python 3.10.11, pytest-8.3.5, pluggy-1.5.0
rootdir: /home/justinchiu_cohere_com/minicode/large_repos/personal_finance_tracker/unified
configfile: pyproject.toml
plugins: anyio-4.9.0, metadata-3.1.1, json-report-1.5.0, cov-6.1.1
collected 153 items

tests/freelancer/expense/test_categorizer.py FFFFFFFFFFFF                [  7%]
tests/freelancer/income/test_income_manager.py FFFFFFFFFFF               [ 15%]
tests/freelancer/integration/test_categorization_recovery.py F.          [ 16%]
tests/freelancer/integration/test_categorization_recovery_mocks.py FF    [ 17%]
tests/freelancer/integration/test_categorization_recovery_simplified.py F [ 18%]
F                                                                        [ 18%]
tests/freelancer/integration/test_expense_tax_integration.py FF          [ 20%]
tests/freelancer/integration/test_integration_mocks.py FF.F              [ 22%]
tests/freelancer/integration/test_multi_year_projects.py FFF.            [ 25%]
tests/freelancer/integration/test_quarterly_tax_mocks.py F..             [ 27%]
tests/freelancer/integration/test_quarterly_tax_preparation.py F..       [ 29%]
tests/freelancer/integration/test_quarterly_tax_preparation_mock.py F    [ 30%]
tests/freelancer/integration/test_quarterly_tax_preparation_simplified.py F [ 30%]
..                                                                       [ 32%]
tests/freelancer/integration/test_year_over_year_comparison.py FFF.      [ 34%]
tests/freelancer/integration/test_year_over_year_mocks.py FFFF           [ 37%]
tests/freelancer/integration/test_year_over_year_simple.py .F..          [ 39%]
tests/freelancer/integration/test_year_over_year_simplified.py FF..      [ 42%]
tests/freelancer/project/test_profitability_analyzer.py FFFF...F         [ 47%]
tests/freelancer/projection/test_financial_projector.py F.......         [ 52%]
tests/freelancer/tax/test_tax_manager_simple.py .....                    [ 56%]
tests/freelancer/test_main.py .                                          [ 56%]
tests/socially_responsible_investor/test_ethical_screening/test_ethical_criteria_customization.py . [ 57%]
..                                                                       [ 58%]
tests/socially_responsible_investor/test_ethical_screening/test_screening.py . [ 59%]
..........                                                               [ 66%]
tests/socially_responsible_investor/test_impact_measurement/test_impact.py . [ 66%]
..........                                                               [ 73%]
tests/socially_responsible_investor/test_impact_measurement/test_impact_attribution.py . [ 73%]
..                                                                       [ 75%]
tests/socially_responsible_investor/test_portfolio_analysis/test_advanced_analysis.py . [ 75%]
..                                                                       [ 77%]
tests/socially_responsible_investor/test_portfolio_analysis/test_analysis.py . [ 77%]
.........                                                                [ 83%]
tests/socially_responsible_investor/test_shareholder_advocacy/test_advocacy.py . [ 84%]
.........                                                                [ 90%]
tests/socially_responsible_investor/test_values_budgeting/test_budgeting.py . [ 90%]
...........                                                              [ 98%]
tests/socially_responsible_investor/test_values_budgeting/test_personal_values_alignment.py . [ 98%]
..                                                                       [100%]

=================================== FAILURES ===================================
_______________________ TestExpenseCategorizer.test_init _______________________

self = <tests.freelancer.expense.test_categorizer.TestExpenseCategorizer object at 0x7fc860239f60>

    def test_init(self):
        """Test initialization of the expense categorizer."""
        categorizer = ExpenseCategorizer()
>       assert categorizer.rules == []
E       AssertionError: assert [Categorizati...ue=None), ...] == []
E         
E         Left contains 8 more items, first extra item: CategorizationRule(rule_id='6568779b-c78d-438d-be2c-0573c92eb6b5', category='software', rule_type=<RuleType.DESCRIPTIO...ASE), amount_min=None, amount_max=None, amount_value=None, required_tags=[], custom_function=None, category_value=None)
E         Use -v to get more diff

tests/freelancer/expense/test_categorizer.py:32: AssertionError
_____________ TestExpenseCategorizer.test_add_categorization_rule ______________

self = <tests.freelancer.expense.test_categorizer.TestExpenseCategorizer object at 0x7fc86023a770>

    def test_add_categorization_rule(self):
        """Test adding a categorization rule."""
        categorizer = ExpenseCategorizer()
    
        # Create a rule
        rule = CategorizationRule(
            name="Office Supplies Rule",
            category=ExpenseCategory.BUSINESS_SUPPLIES,
            keyword_patterns=["office", "supplies", "paper", "ink", "toner"],
            business_use_percentage=100.0,
            priority=10,
        )
    
        # Add the rule
>       added_rule = categorizer.add_categorization_rule(rule)
E       AttributeError: 'FreelancerExpenseCategorizer' object has no attribute 'add_categorization_rule'

tests/freelancer/expense/test_categorizer.py:51: AttributeError
____________ TestExpenseCategorizer.test_update_categorization_rule ____________

self = <tests.freelancer.expense.test_categorizer.TestExpenseCategorizer object at 0x7fc860239bd0>

    def test_update_categorization_rule(self):
        """Test updating a categorization rule."""
        categorizer = ExpenseCategorizer()
    
        # Create and add a rule
        rule = CategorizationRule(
            name="Original Rule",
            category=ExpenseCategory.BUSINESS_SUPPLIES,
            keyword_patterns=["original"],
            business_use_percentage=100.0,
            priority=10,
        )
    
>       categorizer.add_categorization_rule(rule)
E       AttributeError: 'FreelancerExpenseCategorizer' object has no attribute 'add_categorization_rule'

tests/freelancer/expense/test_categorizer.py:92: AttributeError
____________ TestExpenseCategorizer.test_remove_categorization_rule ____________

self = <tests.freelancer.expense.test_categorizer.TestExpenseCategorizer object at 0x7fc86023a920>

    def test_remove_categorization_rule(self):
        """Test removing a categorization rule."""
        categorizer = ExpenseCategorizer()
    
        # Create and add rules
        rule1 = CategorizationRule(
            name="Rule 1",
            category=ExpenseCategory.BUSINESS_SUPPLIES,
            keyword_patterns=["rule1"],
            business_use_percentage=100.0,
        )
    
        rule2 = CategorizationRule(
            name="Rule 2",
            category=ExpenseCategory.SOFTWARE,
            keyword_patterns=["rule2"],
            business_use_percentage=100.0,
        )
    
>       categorizer.add_categorization_rule(rule1)
E       AttributeError: 'FreelancerExpenseCategorizer' object has no attribute 'add_categorization_rule'

tests/freelancer/expense/test_categorizer.py:149: AttributeError
________________ TestExpenseCategorizer.test_add_mixed_use_item ________________

self = <tests.freelancer.expense.test_categorizer.TestExpenseCategorizer object at 0x7fc86023a950>

    def test_add_mixed_use_item(self):
        """Test adding a mixed-use item."""
        categorizer = ExpenseCategorizer()
    
        # Create a mixed-use item
        item = MixedUseItem(
            name="Home Internet",
            category=ExpenseCategory.INTERNET,
            business_use_percentage=70.0,
            description="Internet used for both business and personal",
        )
    
        # Add the item
>       added_item = categorizer.add_mixed_use_item(item)
E       AttributeError: 'FreelancerExpenseCategorizer' object has no attribute 'add_mixed_use_item'. Did you mean: '_add_mixed_use_item'?

tests/freelancer/expense/test_categorizer.py:177: AttributeError
______________ TestExpenseCategorizer.test_categorize_transaction ______________

self = <tests.freelancer.expense.test_categorizer.TestExpenseCategorizer object at 0x7fc86023aa10>
sample_transactions = [BaseTransaction(id='1f9862b2-69b1-427d-8910-e6c0a2614ea6', date=2022-01-15 00:00:00, amount=2500, description='Client...7e-eb258c9c1560', date=2022-07-15 00:00:00, amount=5000, description='Client payment for Project 6', type=income), ...]

    def test_categorize_transaction(self, sample_transactions):
        """Test categorizing a transaction."""
        categorizer = ExpenseCategorizer()
    
        # Add some rules
        rules = [
            CategorizationRule(
                name="Software Rule",
                category=ExpenseCategory.SOFTWARE,
                keyword_patterns=["software", "subscription"],
                business_use_percentage=100.0,
                priority=10,
            ),
            CategorizationRule(
                name="Office Supplies Rule",
                category=ExpenseCategory.BUSINESS_SUPPLIES,
                keyword_patterns=["supplies", "office"],
                business_use_percentage=100.0,
                priority=5,
            ),
            CategorizationRule(
                name="Meal Rule",
                category=ExpenseCategory.MEALS,
                keyword_patterns=["meal", "restaurant", "food"],
                business_use_percentage=50.0,  # 50% business use
                priority=3,
            ),
        ]
    
        for rule in rules:
>           categorizer.add_categorization_rule(rule)
E           AttributeError: 'FreelancerExpenseCategorizer' object has no attribute 'add_categorization_rule'

tests/freelancer/expense/test_categorizer.py:218: AttributeError
_____________ TestExpenseCategorizer.test_categorize_transactions ______________

self = <tests.freelancer.expense.test_categorizer.TestExpenseCategorizer object at 0x7fc86023ad70>

    def test_categorize_transactions(self):
        """Test categorizing multiple transactions at once."""
        categorizer = ExpenseCategorizer()
    
        # Add rules
        rule = CategorizationRule(
            name="Office Supplies Rule",
            category=ExpenseCategory.BUSINESS_SUPPLIES,
            keyword_patterns=["office", "supplies"],
            business_use_percentage=100.0,
        )
    
>       categorizer.add_categorization_rule(rule)
E       AttributeError: 'FreelancerExpenseCategorizer' object has no attribute 'add_categorization_rule'

tests/freelancer/expense/test_categorizer.py:324: AttributeError
_______________ TestExpenseCategorizer.test_apply_categorization _______________

self = <tests.freelancer.expense.test_categorizer.TestExpenseCategorizer object at 0x7fc86023aef0>

    def test_apply_categorization(self):
        """Test applying a categorization result to a transaction."""
        categorizer = ExpenseCategorizer()
    
        # Create a transaction
        transaction = Transaction(
            id=uuid.uuid4(),
            date=datetime(2022, 7, 1),
            amount=100.0,
            description="Test transaction",
            transaction_type=TransactionType.EXPENSE,
            account_id="checking123",
        )
    
        # Create a categorization result
    
        result = CategorizationResult(
            transaction_id=transaction.id,
            original_transaction=transaction,
            assigned_category=ExpenseCategory.SOFTWARE,
            business_use_percentage=80.0,
            confidence_score=0.9,
            is_mixed_use=True,
        )
    
        # Apply the categorization
>       updated_transaction = categorizer.apply_categorization(transaction, result)
E       AttributeError: 'FreelancerExpenseCategorizer' object has no attribute 'apply_categorization'

tests/freelancer/expense/test_categorizer.py:397: AttributeError
_____________ TestExpenseCategorizer.test_generate_expense_summary _____________

self = <tests.freelancer.expense.test_categorizer.TestExpenseCategorizer object at 0x7fc86023b0a0>
sample_transactions = [BaseTransaction(id='de40c8b8-01cf-410c-bb7b-cb2948e2559c', date=2022-01-15 00:00:00, amount=2500, description='Client...9c-41ef5641a34f', date=2022-07-15 00:00:00, amount=5000, description='Client payment for Project 6', type=income), ...]

    def test_generate_expense_summary(self, sample_transactions):
        """Test generating an expense summary."""
        categorizer = ExpenseCategorizer()
    
        # Add rules for test categories
        rules = [
            CategorizationRule(
                name="Software Rule",
                category=ExpenseCategory.SOFTWARE,
                keyword_patterns=["software"],
                business_use_percentage=100.0,
            ),
            CategorizationRule(
                name="Internet Rule",
                category=ExpenseCategory.INTERNET,
                keyword_patterns=["internet"],
                business_use_percentage=80.0,
            ),
        ]
    
        for rule in rules:
>           categorizer.add_categorization_rule(rule)
E           AttributeError: 'FreelancerExpenseCategorizer' object has no attribute 'add_categorization_rule'

tests/freelancer/expense/test_categorizer.py:429: AttributeError
_________________ TestExpenseCategorizer.test_get_audit_trail __________________

self = <tests.freelancer.expense.test_categorizer.TestExpenseCategorizer object at 0x7fc86023b220>

    def test_get_audit_trail(self):
        """Test retrieving the audit trail."""
        categorizer = ExpenseCategorizer()
    
        # Create a transaction
        transaction = Transaction(
            id=uuid.uuid4(),
            date=datetime(2022, 8, 1),
            amount=100.0,
            description="Test transaction",
            transaction_type=TransactionType.EXPENSE,
            account_id="checking123",
        )
    
        # Create a categorization result
    
        result = CategorizationResult(
            transaction_id=transaction.id,
            original_transaction=transaction,
            assigned_category=ExpenseCategory.SOFTWARE,
            business_use_percentage=100.0,
            confidence_score=0.9,
        )
    
        # Perform multiple actions to generate audit records
>       categorizer.apply_categorization(transaction, result)
E       AttributeError: 'FreelancerExpenseCategorizer' object has no attribute 'apply_categorization'

tests/freelancer/expense/test_categorizer.py:485: AttributeError
______________ TestExpenseCategorizer.test_correct_categorization ______________

self = <tests.freelancer.expense.test_categorizer.TestExpenseCategorizer object at 0x7fc86023b3a0>

    def test_correct_categorization(self):
        """Test correcting the categorization of a transaction."""
        categorizer = ExpenseCategorizer()
    
        # Create a transaction with initial categorization
        transaction = Transaction(
            id=uuid.uuid4(),
            date=datetime(2022, 9, 1),
            amount=200.0,
            description="Initially miscategorized expense",
            transaction_type=TransactionType.EXPENSE,
            account_id="checking123",
            category=ExpenseCategory.PERSONAL,
            business_use_percentage=0.0,
        )
    
        # Correct the categorization
>       updated_transaction = categorizer.correct_categorization(
            transaction,
            new_category=ExpenseCategory.MARKETING,
            new_business_percentage=100.0,
        )
E       AttributeError: 'FreelancerExpenseCategorizer' object has no attribute 'correct_categorization'

tests/freelancer/expense/test_categorizer.py:530: AttributeError
__________________ TestExpenseCategorizer.test_rule_matching ___________________

self = <tests.freelancer.expense.test_categorizer.TestExpenseCategorizer object at 0x7fc86023b520>

    def test_rule_matching(self):
        """Test rule matching logic in more detail."""
        categorizer = ExpenseCategorizer()
    
        # Create rules with different conditions
        rules = [
            # Rule with keyword patterns only
            CategorizationRule(
                name="Keyword Rule",
                category=ExpenseCategory.SOFTWARE,
                keyword_patterns=["software", "subscription"],
                business_use_percentage=100.0,
                priority=10,
            ),
            # Rule with merchant patterns only
            CategorizationRule(
                name="Merchant Rule",
                category=ExpenseCategory.MEALS,
                merchant_patterns=["restaurant", "cafe"],
                business_use_percentage=50.0,
                priority=8,
            ),
            # Rule with amount range only
            CategorizationRule(
                name="Amount Rule",
                category=ExpenseCategory.EQUIPMENT,
                amount_min=500.0,
                amount_max=2000.0,
                business_use_percentage=100.0,
                priority=5,
            ),
            # Rule with multiple conditions
            CategorizationRule(
                name="Complex Rule",
                category=ExpenseCategory.MARKETING,
                keyword_patterns=["marketing", "advertising"],
                merchant_patterns=["facebook", "google"],
                amount_max=300.0,
                business_use_percentage=100.0,
                priority=15,
            ),
        ]
    
        for rule in rules:
>           categorizer.add_categorization_rule(rule)
E           AttributeError: 'FreelancerExpenseCategorizer' object has no attribute 'add_categorization_rule'

tests/freelancer/expense/test_categorizer.py:596: AttributeError
_________________________ TestIncomeManager.test_init __________________________

self = <tests.freelancer.income.test_income_manager.TestIncomeManager object at 0x7fc86023a0e0>

    def test_init(self):
        """Test initialization with default and custom config."""
        # Default initialization
>       manager = IncomeManager()

tests/freelancer/income/test_income_manager.py:24: 
_ _ _ _ _ _ _ _ _ _ _ _ _ _ _ _ _ _ _ _ _ _ _ _ _ _ _ _ _ _ _ _ _ _ _ _ _ _ _ _ 
personal_finance_tracker/income/income_manager_migrated.py:54: in __init__
    'window_months': self.config.window_months,
_ _ _ _ _ _ _ _ _ _ _ _ _ _ _ _ _ _ _ _ _ _ _ _ _ _ _ _ _ _ _ _ _ _ _ _ _ _ _ _ 

self = SmoothingConfig(method=<SmoothingMethod.MOVING_AVERAGE: 'moving_average'>, window_size=3, alpha=0.3, seasonal_periods=...ercentile=25.0, min_history_months=3, target_monthly_income=None, emergency_buffer_months=2.0, confidence_interval=0.8)
item = 'window_months'

    def __getattr__(self, item: str) -> Any:
        private_attributes = object.__getattribute__(self, '__private_attributes__')
        if item in private_attributes:
            attribute = private_attributes[item]
            if hasattr(attribute, '__get__'):
                return attribute.__get__(self, type(self))  # type: ignore
    
            try:
                # Note: self.__pydantic_private__ cannot be None if self.__private_attributes__ has items
                return self.__pydantic_private__[item]  # type: ignore
            except KeyError as exc:
                raise AttributeError(f'{type(self).__name__!r} object has no attribute {item!r}') from exc
        else:
            # `__pydantic_extra__` can fail to be set if the model is not yet fully initialized.
            # See `BaseModel.__repr_args__` for more details
            try:
                pydantic_extra = object.__getattribute__(self, '__pydantic_extra__')
            except AttributeError:
                pydantic_extra = None
    
            if pydantic_extra:
                try:
                    return pydantic_extra[item]
                except KeyError as exc:
                    raise AttributeError(f'{type(self).__name__!r} object has no attribute {item!r}') from exc
            else:
                if hasattr(self.__class__, item):
                    return super().__getattribute__(item)  # Raises AttributeError if appropriate
                else:
                    # this is the current error
>                   raise AttributeError(f'{type(self).__name__!r} object has no attribute {item!r}')
E                   AttributeError: 'SmoothingConfig' object has no attribute 'window_months'

../../../../.pyenv/versions/3.10.11/lib/python3.10/site-packages/pydantic/main.py:989: AttributeError
_______________ TestIncomeManager.test_calculate_monthly_income ________________

self = <tests.freelancer.income.test_income_manager.TestIncomeManager object at 0x7fc860239750>
sample_transactions = [BaseTransaction(id='31a3c5f0-2efd-401e-8482-f011af855a75', date=2022-01-15 00:00:00, amount=2500, description='Client...b7-9fc78483675a', date=2022-07-15 00:00:00, amount=5000, description='Client payment for Project 6', type=income), ...]

    def test_calculate_monthly_income(self, sample_transactions):
        """Test calculation of monthly income from transactions."""
>       manager = IncomeManager()

tests/freelancer/income/test_income_manager.py:39: 
_ _ _ _ _ _ _ _ _ _ _ _ _ _ _ _ _ _ _ _ _ _ _ _ _ _ _ _ _ _ _ _ _ _ _ _ _ _ _ _ 
personal_finance_tracker/income/income_manager_migrated.py:54: in __init__
    'window_months': self.config.window_months,
_ _ _ _ _ _ _ _ _ _ _ _ _ _ _ _ _ _ _ _ _ _ _ _ _ _ _ _ _ _ _ _ _ _ _ _ _ _ _ _ 

self = SmoothingConfig(method=<SmoothingMethod.MOVING_AVERAGE: 'moving_average'>, window_size=3, alpha=0.3, seasonal_periods=...ercentile=25.0, min_history_months=3, target_monthly_income=None, emergency_buffer_months=2.0, confidence_interval=0.8)
item = 'window_months'

    def __getattr__(self, item: str) -> Any:
        private_attributes = object.__getattribute__(self, '__private_attributes__')
        if item in private_attributes:
            attribute = private_attributes[item]
            if hasattr(attribute, '__get__'):
                return attribute.__get__(self, type(self))  # type: ignore
    
            try:
                # Note: self.__pydantic_private__ cannot be None if self.__private_attributes__ has items
                return self.__pydantic_private__[item]  # type: ignore
            except KeyError as exc:
                raise AttributeError(f'{type(self).__name__!r} object has no attribute {item!r}') from exc
        else:
            # `__pydantic_extra__` can fail to be set if the model is not yet fully initialized.
            # See `BaseModel.__repr_args__` for more details
            try:
                pydantic_extra = object.__getattribute__(self, '__pydantic_extra__')
            except AttributeError:
                pydantic_extra = None
    
            if pydantic_extra:
                try:
                    return pydantic_extra[item]
                except KeyError as exc:
                    raise AttributeError(f'{type(self).__name__!r} object has no attribute {item!r}') from exc
            else:
                if hasattr(self.__class__, item):
                    return super().__getattribute__(item)  # Raises AttributeError if appropriate
                else:
                    # this is the current error
>                   raise AttributeError(f'{type(self).__name__!r} object has no attribute {item!r}')
E                   AttributeError: 'SmoothingConfig' object has no attribute 'window_months'

../../../../.pyenv/versions/3.10.11/lib/python3.10/site-packages/pydantic/main.py:989: AttributeError
_____________ TestIncomeManager.test_smooth_income_moving_average ______________

self = <tests.freelancer.income.test_income_manager.TestIncomeManager object at 0x7fc86023a830>
sample_transactions = [BaseTransaction(id='208fa73d-1403-4323-aa14-c7ce98d52029', date=2022-01-15 00:00:00, amount=2500, description='Client...30-d9693525a8de', date=2022-07-15 00:00:00, amount=5000, description='Client payment for Project 6', type=income), ...]

    def test_smooth_income_moving_average(self, sample_transactions):
        """Test income smoothing with moving average method."""
>       manager = IncomeManager()

tests/freelancer/income/test_income_manager.py:57: 
_ _ _ _ _ _ _ _ _ _ _ _ _ _ _ _ _ _ _ _ _ _ _ _ _ _ _ _ _ _ _ _ _ _ _ _ _ _ _ _ 
personal_finance_tracker/income/income_manager_migrated.py:54: in __init__
    'window_months': self.config.window_months,
_ _ _ _ _ _ _ _ _ _ _ _ _ _ _ _ _ _ _ _ _ _ _ _ _ _ _ _ _ _ _ _ _ _ _ _ _ _ _ _ 

self = SmoothingConfig(method=<SmoothingMethod.MOVING_AVERAGE: 'moving_average'>, window_size=3, alpha=0.3, seasonal_periods=...ercentile=25.0, min_history_months=3, target_monthly_income=None, emergency_buffer_months=2.0, confidence_interval=0.8)
item = 'window_months'

    def __getattr__(self, item: str) -> Any:
        private_attributes = object.__getattribute__(self, '__private_attributes__')
        if item in private_attributes:
            attribute = private_attributes[item]
            if hasattr(attribute, '__get__'):
                return attribute.__get__(self, type(self))  # type: ignore
    
            try:
                # Note: self.__pydantic_private__ cannot be None if self.__private_attributes__ has items
                return self.__pydantic_private__[item]  # type: ignore
            except KeyError as exc:
                raise AttributeError(f'{type(self).__name__!r} object has no attribute {item!r}') from exc
        else:
            # `__pydantic_extra__` can fail to be set if the model is not yet fully initialized.
            # See `BaseModel.__repr_args__` for more details
            try:
                pydantic_extra = object.__getattribute__(self, '__pydantic_extra__')
            except AttributeError:
                pydantic_extra = None
    
            if pydantic_extra:
                try:
                    return pydantic_extra[item]
                except KeyError as exc:
                    raise AttributeError(f'{type(self).__name__!r} object has no attribute {item!r}') from exc
            else:
                if hasattr(self.__class__, item):
                    return super().__getattribute__(item)  # Raises AttributeError if appropriate
                else:
                    # this is the current error
>                   raise AttributeError(f'{type(self).__name__!r} object has no attribute {item!r}')
E                   AttributeError: 'SmoothingConfig' object has no attribute 'window_months'

../../../../.pyenv/versions/3.10.11/lib/python3.10/site-packages/pydantic/main.py:989: AttributeError
__________ TestIncomeManager.test_smooth_income_exponential_smoothing __________

self = <tests.freelancer.income.test_income_manager.TestIncomeManager object at 0x7fc86023b880>
sample_transactions = [BaseTransaction(id='2fa0e79a-032c-4ea8-b83a-bf7f3dc7c5e8', date=2022-01-15 00:00:00, amount=2500, description='Client...49-1db80559201a', date=2022-07-15 00:00:00, amount=5000, description='Client payment for Project 6', type=income), ...]

    def test_smooth_income_exponential_smoothing(self, sample_transactions):
        """Test income smoothing with exponential smoothing method."""
>       manager = IncomeManager()

tests/freelancer/income/test_income_manager.py:89: 
_ _ _ _ _ _ _ _ _ _ _ _ _ _ _ _ _ _ _ _ _ _ _ _ _ _ _ _ _ _ _ _ _ _ _ _ _ _ _ _ 
personal_finance_tracker/income/income_manager_migrated.py:54: in __init__
    'window_months': self.config.window_months,
_ _ _ _ _ _ _ _ _ _ _ _ _ _ _ _ _ _ _ _ _ _ _ _ _ _ _ _ _ _ _ _ _ _ _ _ _ _ _ _ 

self = SmoothingConfig(method=<SmoothingMethod.MOVING_AVERAGE: 'moving_average'>, window_size=3, alpha=0.3, seasonal_periods=...ercentile=25.0, min_history_months=3, target_monthly_income=None, emergency_buffer_months=2.0, confidence_interval=0.8)
item = 'window_months'

    def __getattr__(self, item: str) -> Any:
        private_attributes = object.__getattribute__(self, '__private_attributes__')
        if item in private_attributes:
            attribute = private_attributes[item]
            if hasattr(attribute, '__get__'):
                return attribute.__get__(self, type(self))  # type: ignore
    
            try:
                # Note: self.__pydantic_private__ cannot be None if self.__private_attributes__ has items
                return self.__pydantic_private__[item]  # type: ignore
            except KeyError as exc:
                raise AttributeError(f'{type(self).__name__!r} object has no attribute {item!r}') from exc
        else:
            # `__pydantic_extra__` can fail to be set if the model is not yet fully initialized.
            # See `BaseModel.__repr_args__` for more details
            try:
                pydantic_extra = object.__getattribute__(self, '__pydantic_extra__')
            except AttributeError:
                pydantic_extra = None
    
            if pydantic_extra:
                try:
                    return pydantic_extra[item]
                except KeyError as exc:
                    raise AttributeError(f'{type(self).__name__!r} object has no attribute {item!r}') from exc
            else:
                if hasattr(self.__class__, item):
                    return super().__getattribute__(item)  # Raises AttributeError if appropriate
                else:
                    # this is the current error
>                   raise AttributeError(f'{type(self).__name__!r} object has no attribute {item!r}')
E                   AttributeError: 'SmoothingConfig' object has no attribute 'window_months'

../../../../.pyenv/versions/3.10.11/lib/python3.10/site-packages/pydantic/main.py:989: AttributeError
____________ TestIncomeManager.test_smooth_income_percentile_based _____________

self = <tests.freelancer.income.test_income_manager.TestIncomeManager object at 0x7fc86023ba90>
sample_transactions = [BaseTransaction(id='cc9780ec-3816-414b-90ef-eaae4bfb9f2d', date=2022-01-15 00:00:00, amount=2500, description='Client...fe-632221f94f01', date=2022-07-15 00:00:00, amount=5000, description='Client payment for Project 6', type=income), ...]

    def test_smooth_income_percentile_based(self, sample_transactions):
        """Test income smoothing with percentile-based method."""
>       manager = IncomeManager()

tests/freelancer/income/test_income_manager.py:116: 
_ _ _ _ _ _ _ _ _ _ _ _ _ _ _ _ _ _ _ _ _ _ _ _ _ _ _ _ _ _ _ _ _ _ _ _ _ _ _ _ 
personal_finance_tracker/income/income_manager_migrated.py:54: in __init__
    'window_months': self.config.window_months,
_ _ _ _ _ _ _ _ _ _ _ _ _ _ _ _ _ _ _ _ _ _ _ _ _ _ _ _ _ _ _ _ _ _ _ _ _ _ _ _ 

self = SmoothingConfig(method=<SmoothingMethod.MOVING_AVERAGE: 'moving_average'>, window_size=3, alpha=0.3, seasonal_periods=...ercentile=25.0, min_history_months=3, target_monthly_income=None, emergency_buffer_months=2.0, confidence_interval=0.8)
item = 'window_months'

    def __getattr__(self, item: str) -> Any:
        private_attributes = object.__getattribute__(self, '__private_attributes__')
        if item in private_attributes:
            attribute = private_attributes[item]
            if hasattr(attribute, '__get__'):
                return attribute.__get__(self, type(self))  # type: ignore
    
            try:
                # Note: self.__pydantic_private__ cannot be None if self.__private_attributes__ has items
                return self.__pydantic_private__[item]  # type: ignore
            except KeyError as exc:
                raise AttributeError(f'{type(self).__name__!r} object has no attribute {item!r}') from exc
        else:
            # `__pydantic_extra__` can fail to be set if the model is not yet fully initialized.
            # See `BaseModel.__repr_args__` for more details
            try:
                pydantic_extra = object.__getattribute__(self, '__pydantic_extra__')
            except AttributeError:
                pydantic_extra = None
    
            if pydantic_extra:
                try:
                    return pydantic_extra[item]
                except KeyError as exc:
                    raise AttributeError(f'{type(self).__name__!r} object has no attribute {item!r}') from exc
            else:
                if hasattr(self.__class__, item):
                    return super().__getattribute__(item)  # Raises AttributeError if appropriate
                else:
                    # this is the current error
>                   raise AttributeError(f'{type(self).__name__!r} object has no attribute {item!r}')
E                   AttributeError: 'SmoothingConfig' object has no attribute 'window_months'

../../../../.pyenv/versions/3.10.11/lib/python3.10/site-packages/pydantic/main.py:989: AttributeError
___________ TestIncomeManager.test_smooth_income_seasonal_adjustment ___________

self = <tests.freelancer.income.test_income_manager.TestIncomeManager object at 0x7fc86023bca0>
sample_transactions = [BaseTransaction(id='77203dd8-64cb-438f-b272-d443d9518dc5', date=2022-01-15 00:00:00, amount=2500, description='Client...1d-7c16c7ee69ec', date=2022-07-15 00:00:00, amount=5000, description='Client payment for Project 6', type=income), ...]

    def test_smooth_income_seasonal_adjustment(self, sample_transactions):
        """Test income smoothing with seasonal adjustment method."""
>       manager = IncomeManager()

tests/freelancer/income/test_income_manager.py:147: 
_ _ _ _ _ _ _ _ _ _ _ _ _ _ _ _ _ _ _ _ _ _ _ _ _ _ _ _ _ _ _ _ _ _ _ _ _ _ _ _ 
personal_finance_tracker/income/income_manager_migrated.py:54: in __init__
    'window_months': self.config.window_months,
_ _ _ _ _ _ _ _ _ _ _ _ _ _ _ _ _ _ _ _ _ _ _ _ _ _ _ _ _ _ _ _ _ _ _ _ _ _ _ _ 

self = SmoothingConfig(method=<SmoothingMethod.MOVING_AVERAGE: 'moving_average'>, window_size=3, alpha=0.3, seasonal_periods=...ercentile=25.0, min_history_months=3, target_monthly_income=None, emergency_buffer_months=2.0, confidence_interval=0.8)
item = 'window_months'

    def __getattr__(self, item: str) -> Any:
        private_attributes = object.__getattribute__(self, '__private_attributes__')
        if item in private_attributes:
            attribute = private_attributes[item]
            if hasattr(attribute, '__get__'):
                return attribute.__get__(self, type(self))  # type: ignore
    
            try:
                # Note: self.__pydantic_private__ cannot be None if self.__private_attributes__ has items
                return self.__pydantic_private__[item]  # type: ignore
            except KeyError as exc:
                raise AttributeError(f'{type(self).__name__!r} object has no attribute {item!r}') from exc
        else:
            # `__pydantic_extra__` can fail to be set if the model is not yet fully initialized.
            # See `BaseModel.__repr_args__` for more details
            try:
                pydantic_extra = object.__getattribute__(self, '__pydantic_extra__')
            except AttributeError:
                pydantic_extra = None
    
            if pydantic_extra:
                try:
                    return pydantic_extra[item]
                except KeyError as exc:
                    raise AttributeError(f'{type(self).__name__!r} object has no attribute {item!r}') from exc
            else:
                if hasattr(self.__class__, item):
                    return super().__getattribute__(item)  # Raises AttributeError if appropriate
                else:
                    # this is the current error
>                   raise AttributeError(f'{type(self).__name__!r} object has no attribute {item!r}')
E                   AttributeError: 'SmoothingConfig' object has no attribute 'window_months'

../../../../.pyenv/versions/3.10.11/lib/python3.10/site-packages/pydantic/main.py:989: AttributeError
_____________ TestIncomeManager.test_smooth_income_rolling_median ______________

self = <tests.freelancer.income.test_income_manager.TestIncomeManager object at 0x7fc86023beb0>
sample_transactions = [BaseTransaction(id='62f46f59-b045-495c-92a6-490bcc776c17', date=2022-01-15 00:00:00, amount=2500, description='Client...0d-8625f752b413', date=2022-07-15 00:00:00, amount=5000, description='Client payment for Project 6', type=income), ...]

    def test_smooth_income_rolling_median(self, sample_transactions):
        """Test income smoothing with rolling median method."""
>       manager = IncomeManager()

tests/freelancer/income/test_income_manager.py:174: 
_ _ _ _ _ _ _ _ _ _ _ _ _ _ _ _ _ _ _ _ _ _ _ _ _ _ _ _ _ _ _ _ _ _ _ _ _ _ _ _ 
personal_finance_tracker/income/income_manager_migrated.py:54: in __init__
    'window_months': self.config.window_months,
_ _ _ _ _ _ _ _ _ _ _ _ _ _ _ _ _ _ _ _ _ _ _ _ _ _ _ _ _ _ _ _ _ _ _ _ _ _ _ _ 

self = SmoothingConfig(method=<SmoothingMethod.MOVING_AVERAGE: 'moving_average'>, window_size=3, alpha=0.3, seasonal_periods=...ercentile=25.0, min_history_months=3, target_monthly_income=None, emergency_buffer_months=2.0, confidence_interval=0.8)
item = 'window_months'

    def __getattr__(self, item: str) -> Any:
        private_attributes = object.__getattribute__(self, '__private_attributes__')
        if item in private_attributes:
            attribute = private_attributes[item]
            if hasattr(attribute, '__get__'):
                return attribute.__get__(self, type(self))  # type: ignore
    
            try:
                # Note: self.__pydantic_private__ cannot be None if self.__private_attributes__ has items
                return self.__pydantic_private__[item]  # type: ignore
            except KeyError as exc:
                raise AttributeError(f'{type(self).__name__!r} object has no attribute {item!r}') from exc
        else:
            # `__pydantic_extra__` can fail to be set if the model is not yet fully initialized.
            # See `BaseModel.__repr_args__` for more details
            try:
                pydantic_extra = object.__getattribute__(self, '__pydantic_extra__')
            except AttributeError:
                pydantic_extra = None
    
            if pydantic_extra:
                try:
                    return pydantic_extra[item]
                except KeyError as exc:
                    raise AttributeError(f'{type(self).__name__!r} object has no attribute {item!r}') from exc
            else:
                if hasattr(self.__class__, item):
                    return super().__getattribute__(item)  # Raises AttributeError if appropriate
                else:
                    # this is the current error
>                   raise AttributeError(f'{type(self).__name__!r} object has no attribute {item!r}')
E                   AttributeError: 'SmoothingConfig' object has no attribute 'window_months'

../../../../.pyenv/versions/3.10.11/lib/python3.10/site-packages/pydantic/main.py:989: AttributeError
_______________ TestIncomeManager.test_smooth_income_with_target _______________

self = <tests.freelancer.income.test_income_manager.TestIncomeManager object at 0x7fc860090100>
sample_transactions = [BaseTransaction(id='220a999f-eb37-474f-9ce4-d5abf3afd61a', date=2022-01-15 00:00:00, amount=2500, description='Client...2f-d398d212cf27', date=2022-07-15 00:00:00, amount=5000, description='Client payment for Project 6', type=income), ...]

    def test_smooth_income_with_target(self, sample_transactions):
        """Test income smoothing with target monthly income override."""
>       manager = IncomeManager()

tests/freelancer/income/test_income_manager.py:199: 
_ _ _ _ _ _ _ _ _ _ _ _ _ _ _ _ _ _ _ _ _ _ _ _ _ _ _ _ _ _ _ _ _ _ _ _ _ _ _ _ 
personal_finance_tracker/income/income_manager_migrated.py:54: in __init__
    'window_months': self.config.window_months,
_ _ _ _ _ _ _ _ _ _ _ _ _ _ _ _ _ _ _ _ _ _ _ _ _ _ _ _ _ _ _ _ _ _ _ _ _ _ _ _ 

self = SmoothingConfig(method=<SmoothingMethod.MOVING_AVERAGE: 'moving_average'>, window_size=3, alpha=0.3, seasonal_periods=...ercentile=25.0, min_history_months=3, target_monthly_income=None, emergency_buffer_months=2.0, confidence_interval=0.8)
item = 'window_months'

    def __getattr__(self, item: str) -> Any:
        private_attributes = object.__getattribute__(self, '__private_attributes__')
        if item in private_attributes:
            attribute = private_attributes[item]
            if hasattr(attribute, '__get__'):
                return attribute.__get__(self, type(self))  # type: ignore
    
            try:
                # Note: self.__pydantic_private__ cannot be None if self.__private_attributes__ has items
                return self.__pydantic_private__[item]  # type: ignore
            except KeyError as exc:
                raise AttributeError(f'{type(self).__name__!r} object has no attribute {item!r}') from exc
        else:
            # `__pydantic_extra__` can fail to be set if the model is not yet fully initialized.
            # See `BaseModel.__repr_args__` for more details
            try:
                pydantic_extra = object.__getattribute__(self, '__pydantic_extra__')
            except AttributeError:
                pydantic_extra = None
    
            if pydantic_extra:
                try:
                    return pydantic_extra[item]
                except KeyError as exc:
                    raise AttributeError(f'{type(self).__name__!r} object has no attribute {item!r}') from exc
            else:
                if hasattr(self.__class__, item):
                    return super().__getattribute__(item)  # Raises AttributeError if appropriate
                else:
                    # this is the current error
>                   raise AttributeError(f'{type(self).__name__!r} object has no attribute {item!r}')
E                   AttributeError: 'SmoothingConfig' object has no attribute 'window_months'

../../../../.pyenv/versions/3.10.11/lib/python3.10/site-packages/pydantic/main.py:989: AttributeError
___________________ TestIncomeManager.test_forecast_revenue ____________________

self = <tests.freelancer.income.test_income_manager.TestIncomeManager object at 0x7fc860090340>
sample_transactions = [BaseTransaction(id='3bcfdb10-5589-4833-a545-fad233f82400', date=2022-01-15 00:00:00, amount=2500, description='Client...e3-a8b482e7b31c', date=2022-07-15 00:00:00, amount=5000, description='Client payment for Project 6', type=income), ...]
sample_invoices = [Invoice(id='invproject1-1', client_id='client1', project_id='project1', issue_date=datetime.datetime(2022, 1, 23, 12,...keting Campaign', line_items=[{'description': 'Payment for 50.0 hours on Marketing Campaign', 'amount': 3750.0}]), ...]

    def test_forecast_revenue(self, sample_transactions, sample_invoices):
        """Test revenue forecasting based on history and pending invoices."""
>       manager = IncomeManager()

tests/freelancer/income/test_income_manager.py:226: 
_ _ _ _ _ _ _ _ _ _ _ _ _ _ _ _ _ _ _ _ _ _ _ _ _ _ _ _ _ _ _ _ _ _ _ _ _ _ _ _ 
personal_finance_tracker/income/income_manager_migrated.py:54: in __init__
    'window_months': self.config.window_months,
_ _ _ _ _ _ _ _ _ _ _ _ _ _ _ _ _ _ _ _ _ _ _ _ _ _ _ _ _ _ _ _ _ _ _ _ _ _ _ _ 

self = SmoothingConfig(method=<SmoothingMethod.MOVING_AVERAGE: 'moving_average'>, window_size=3, alpha=0.3, seasonal_periods=...ercentile=25.0, min_history_months=3, target_monthly_income=None, emergency_buffer_months=2.0, confidence_interval=0.8)
item = 'window_months'

    def __getattr__(self, item: str) -> Any:
        private_attributes = object.__getattribute__(self, '__private_attributes__')
        if item in private_attributes:
            attribute = private_attributes[item]
            if hasattr(attribute, '__get__'):
                return attribute.__get__(self, type(self))  # type: ignore
    
            try:
                # Note: self.__pydantic_private__ cannot be None if self.__private_attributes__ has items
                return self.__pydantic_private__[item]  # type: ignore
            except KeyError as exc:
                raise AttributeError(f'{type(self).__name__!r} object has no attribute {item!r}') from exc
        else:
            # `__pydantic_extra__` can fail to be set if the model is not yet fully initialized.
            # See `BaseModel.__repr_args__` for more details
            try:
                pydantic_extra = object.__getattribute__(self, '__pydantic_extra__')
            except AttributeError:
                pydantic_extra = None
    
            if pydantic_extra:
                try:
                    return pydantic_extra[item]
                except KeyError as exc:
                    raise AttributeError(f'{type(self).__name__!r} object has no attribute {item!r}') from exc
            else:
                if hasattr(self.__class__, item):
                    return super().__getattribute__(item)  # Raises AttributeError if appropriate
                else:
                    # this is the current error
>                   raise AttributeError(f'{type(self).__name__!r} object has no attribute {item!r}')
E                   AttributeError: 'SmoothingConfig' object has no attribute 'window_months'

../../../../.pyenv/versions/3.10.11/lib/python3.10/site-packages/pydantic/main.py:989: AttributeError
______________ TestIncomeManager.test_extremely_irregular_income _______________

self = <tests.freelancer.income.test_income_manager.TestIncomeManager object at 0x7fc8600904f0>

    def test_extremely_irregular_income(self):
        """Test handling of extremely irregular income patterns."""
>       manager = IncomeManager()

tests/freelancer/income/test_income_manager.py:246: 
_ _ _ _ _ _ _ _ _ _ _ _ _ _ _ _ _ _ _ _ _ _ _ _ _ _ _ _ _ _ _ _ _ _ _ _ _ _ _ _ 
personal_finance_tracker/income/income_manager_migrated.py:54: in __init__
    'window_months': self.config.window_months,
_ _ _ _ _ _ _ _ _ _ _ _ _ _ _ _ _ _ _ _ _ _ _ _ _ _ _ _ _ _ _ _ _ _ _ _ _ _ _ _ 

self = SmoothingConfig(method=<SmoothingMethod.MOVING_AVERAGE: 'moving_average'>, window_size=3, alpha=0.3, seasonal_periods=...ercentile=25.0, min_history_months=3, target_monthly_income=None, emergency_buffer_months=2.0, confidence_interval=0.8)
item = 'window_months'

    def __getattr__(self, item: str) -> Any:
        private_attributes = object.__getattribute__(self, '__private_attributes__')
        if item in private_attributes:
            attribute = private_attributes[item]
            if hasattr(attribute, '__get__'):
                return attribute.__get__(self, type(self))  # type: ignore
    
            try:
                # Note: self.__pydantic_private__ cannot be None if self.__private_attributes__ has items
                return self.__pydantic_private__[item]  # type: ignore
            except KeyError as exc:
                raise AttributeError(f'{type(self).__name__!r} object has no attribute {item!r}') from exc
        else:
            # `__pydantic_extra__` can fail to be set if the model is not yet fully initialized.
            # See `BaseModel.__repr_args__` for more details
            try:
                pydantic_extra = object.__getattribute__(self, '__pydantic_extra__')
            except AttributeError:
                pydantic_extra = None
    
            if pydantic_extra:
                try:
                    return pydantic_extra[item]
                except KeyError as exc:
                    raise AttributeError(f'{type(self).__name__!r} object has no attribute {item!r}') from exc
            else:
                if hasattr(self.__class__, item):
                    return super().__getattribute__(item)  # Raises AttributeError if appropriate
                else:
                    # this is the current error
>                   raise AttributeError(f'{type(self).__name__!r} object has no attribute {item!r}')
E                   AttributeError: 'SmoothingConfig' object has no attribute 'window_months'

../../../../.pyenv/versions/3.10.11/lib/python3.10/site-packages/pydantic/main.py:989: AttributeError
__________ TestIncomeManager.test_income_smoothing_with_large_dataset __________

self = <tests.freelancer.income.test_income_manager.TestIncomeManager object at 0x7fc860090670>

    def test_income_smoothing_with_large_dataset(self):
        """Test performance with a large dataset (5+ years)."""
>       manager = IncomeManager()

tests/freelancer/income/test_income_manager.py:305: 
_ _ _ _ _ _ _ _ _ _ _ _ _ _ _ _ _ _ _ _ _ _ _ _ _ _ _ _ _ _ _ _ _ _ _ _ _ _ _ _ 
personal_finance_tracker/income/income_manager_migrated.py:54: in __init__
    'window_months': self.config.window_months,
_ _ _ _ _ _ _ _ _ _ _ _ _ _ _ _ _ _ _ _ _ _ _ _ _ _ _ _ _ _ _ _ _ _ _ _ _ _ _ _ 

self = SmoothingConfig(method=<SmoothingMethod.MOVING_AVERAGE: 'moving_average'>, window_size=3, alpha=0.3, seasonal_periods=...ercentile=25.0, min_history_months=3, target_monthly_income=None, emergency_buffer_months=2.0, confidence_interval=0.8)
item = 'window_months'

    def __getattr__(self, item: str) -> Any:
        private_attributes = object.__getattribute__(self, '__private_attributes__')
        if item in private_attributes:
            attribute = private_attributes[item]
            if hasattr(attribute, '__get__'):
                return attribute.__get__(self, type(self))  # type: ignore
    
            try:
                # Note: self.__pydantic_private__ cannot be None if self.__private_attributes__ has items
                return self.__pydantic_private__[item]  # type: ignore
            except KeyError as exc:
                raise AttributeError(f'{type(self).__name__!r} object has no attribute {item!r}') from exc
        else:
            # `__pydantic_extra__` can fail to be set if the model is not yet fully initialized.
            # See `BaseModel.__repr_args__` for more details
            try:
                pydantic_extra = object.__getattribute__(self, '__pydantic_extra__')
            except AttributeError:
                pydantic_extra = None
    
            if pydantic_extra:
                try:
                    return pydantic_extra[item]
                except KeyError as exc:
                    raise AttributeError(f'{type(self).__name__!r} object has no attribute {item!r}') from exc
            else:
                if hasattr(self.__class__, item):
                    return super().__getattribute__(item)  # Raises AttributeError if appropriate
                else:
                    # this is the current error
>                   raise AttributeError(f'{type(self).__name__!r} object has no attribute {item!r}')
E                   AttributeError: 'SmoothingConfig' object has no attribute 'window_months'

../../../../.pyenv/versions/3.10.11/lib/python3.10/site-packages/pydantic/main.py:989: AttributeError
__ TestCategorizationRecovery.test_recover_from_delayed_categorization_errors __

self = <tests.freelancer.integration.test_categorization_recovery.TestCategorizationRecovery object at 0x7fc860092050>

    def test_recover_from_delayed_categorization_errors(self):
        """Test finding and correcting categorization errors months later."""
        # Create expense categorizer
        categorizer = ExpenseCategorizer()
    
        # Add rules
        business_rule = CategorizationRule(
            name="Business Expense Rule",
            category=ExpenseCategory.BUSINESS_SUPPLIES,
            keyword_patterns=["business", "supplies", "equipment"],
            business_use_percentage=100.0,
            priority=10,
        )
    
        categorizer.add_categorization_rule(business_rule)
    
        # Create transactions for Q1 2022
        transactions = []
    
        # Transaction that should be business but will be miscategorized as personal
        miscategorized_transaction = Transaction(
            id=uuid.uuid4(),
            date=datetime(2022, 1, 15),
            amount=1200.0,
            description="Equipment purchase",  # Contains "equipment" keyword, will be categorized as business
            transaction_type=TransactionType.EXPENSE,
            account_id="checking123",
        )
    
        # Correctly categorized transaction
        correct_transaction = Transaction(
            id=uuid.uuid4(),
            date=datetime(2022, 1, 20),
            amount=500.0,
            description="Business supplies purchase",
            transaction_type=TransactionType.EXPENSE,
            account_id="checking123",
        )
    
        # Income transaction
        income_transaction = Transaction(
            id=uuid.uuid4(),
            date=datetime(2022, 1, 10),
            amount=8000.0,
            description="Client payment",
            transaction_type=TransactionType.INCOME,
            account_id="checking123",
        )
    
        transactions.extend([miscategorized_transaction, correct_transaction, income_transaction])
    
        # Apply initial categorization
        categorization_results = categorizer.categorize_transactions(transactions)
    
        categorized_transactions = []
        for transaction in transactions:
            if transaction.transaction_type == TransactionType.EXPENSE:
                # Find matching result
                for result in categorization_results:
                    if result.transaction_id == transaction.id:
                        transaction = categorizer.apply_categorization(transaction, result)
                        break
            categorized_transactions.append(transaction)
    
        # Verify the transaction is categorized due to matching the 'equipment' keyword
        # The categorizer recognizes 'Equipment' from our business rule and assigns BUSINESS_SUPPLIES
        categorized_tx = next(t for t in categorized_transactions
                            if t.id == miscategorized_transaction.id)
>       assert categorized_tx.category == ExpenseCategory.BUSINESS_SUPPLIES
E       AssertionError: assert None == <ExpenseCategory.BUSINESS_SUPPLIES: 'business_supplies'>
E        +  where None = BaseTransaction(id='5e43d808-823e-459e-9c1a-3bef7f507aad', date=2022-01-15 00:00:00, amount=1200.0, description='Equipment purchase', type=expense).category
E        +  and   <ExpenseCategory.BUSINESS_SUPPLIES: 'business_supplies'> = ExpenseCategory.BUSINESS_SUPPLIES

tests/freelancer/integration/test_categorization_recovery.py:94: AssertionError
_ TestCategorizationRecoveryMocks.test_recover_from_delayed_categorization_errors _

self = <tests.freelancer.integration.test_categorization_recovery_mocks.TestCategorizationRecoveryMocks object at 0x7fc8600927d0>

    def test_recover_from_delayed_categorization_errors(self):
        """Test finding and correcting categorization errors months later."""
        # Create expense categorizer
        categorizer = ExpenseCategorizer()
    
        # Add rules
        business_rule = CategorizationRule(
            name="Business Expense Rule",
            category=ExpenseCategory.BUSINESS_SUPPLIES,
            keyword_patterns=["business", "supplies", "equipment"],
            business_use_percentage=100.0,
            priority=10,
        )
    
        categorizer.add_categorization_rule(business_rule)
    
        # Create a transaction
        equipment_tx = Transaction(
            id=uuid.uuid4(),
            date=datetime(2022, 1, 15),
            amount=1200.0,
            description="Equipment purchase",
            transaction_type=TransactionType.EXPENSE,
            account_id="checking123",
        )
    
        # Apply categorization
        results = categorizer.categorize_transactions([equipment_tx])
    
        # Verify transaction matches rule based on "equipment" keyword
        assert len(results) == 1
>       assert results[0].transaction_id == equipment_tx.id
E       AssertionError: assert UUID('1215e106-2fae-42c1-964d-923c07b3636f') == '1215e106-2fae-42c1-964d-923c07b3636f'
E        +  where UUID('1215e106-2fae-42c1-964d-923c07b3636f') = CategorizationResult(transaction_id=UUID('1215e106-2fae-42c1-964d-923c07b3636f'), original_transaction=BaseTransaction...dence_score=0.0, is_mixed_use=False, categorization_date=datetime.datetime(2025, 6, 16, 4, 34, 53, 725036), notes=None).transaction_id
E        +  and   '1215e106-2fae-42c1-964d-923c07b3636f' = BaseTransaction(id='1215e106-2fae-42c1-964d-923c07b3636f', date=2022-01-15 00:00:00, amount=1200.0, description='Equipment purchase', type=expense).id

tests/freelancer/integration/test_categorization_recovery_mocks.py:56: AssertionError
_ TestCategorizationRecoveryMocks.test_recover_from_multiple_categorization_errors _

self = <tests.freelancer.integration.test_categorization_recovery_mocks.TestCategorizationRecoveryMocks object at 0x7fc860092950>

    def test_recover_from_multiple_categorization_errors(self):
        """Test correcting multiple categorization errors at once."""
        # Create expense categorizer
        categorizer = ExpenseCategorizer()
    
        # Add rules
        rules = [
            CategorizationRule(
                name="Software Rule",
                category=ExpenseCategory.SOFTWARE,
                keyword_patterns=["software", "subscription"],
                business_use_percentage=100.0,
                priority=10,
            ),
            CategorizationRule(
                name="Office Rule",
                category=ExpenseCategory.BUSINESS_SUPPLIES,
                keyword_patterns=["office", "supplies"],
                business_use_percentage=100.0,
                priority=5,
            ),
            CategorizationRule(
                name="Phone Rule",
                category=ExpenseCategory.PHONE,
                keyword_patterns=["phone", "mobile"],
                business_use_percentage=80.0,
                priority=8,
            ),
        ]
    
        for rule in rules:
            categorizer.add_categorization_rule(rule)
    
        # Create several transactions that should be business expenses
        transactions = [
            # Software expense
            Transaction(
                id=uuid.uuid4(),
                date=datetime(2022, 1, 10),
                amount=500.0,
                description="Software subscription renewal",
                transaction_type=TransactionType.EXPENSE,
                account_id="checking123",
            ),
            # Office supplies
            Transaction(
                id=uuid.uuid4(),
                date=datetime(2022, 1, 15),
                amount=300.0,
                description="Office supplies purchase",
                transaction_type=TransactionType.EXPENSE,
                account_id="checking123",
            ),
            # Phone expense
            Transaction(
                id=uuid.uuid4(),
                date=datetime(2022, 1, 20),
                amount=100.0,
                description="Mobile phone bill",
                transaction_type=TransactionType.EXPENSE,
                account_id="checking123",
            ),
        ]
    
        # Categorize transactions
        results = categorizer.categorize_transactions(transactions)
    
        # Apply categorizations
        categorized_txs = []
        for tx in transactions:
            for result in results:
                if result.transaction_id == tx.id:
                    categorized_tx = categorizer.apply_categorization(tx, result)
                    categorized_txs.append(categorized_tx)
                    break
    
        # Verify all transactions were categorized correctly
>       assert categorized_txs[0].category == ExpenseCategory.SOFTWARE
E       IndexError: list index out of range

tests/freelancer/integration/test_categorization_recovery_mocks.py:203: IndexError
_ TestCategorizationRecoverySimplified.test_recover_from_delayed_categorization_errors _

self = <tests.freelancer.integration.test_categorization_recovery_simplified.TestCategorizationRecoverySimplified object at 0x7fc860092f50>

    def test_recover_from_delayed_categorization_errors(self):
        """Test finding and correcting categorization errors months later."""
        # Create expense categorizer
        categorizer = ExpenseCategorizer()
    
        # Add rules
        business_rule = CategorizationRule(
            name="Business Expense Rule",
            category=ExpenseCategory.BUSINESS_SUPPLIES,
            keyword_patterns=["business", "supplies", "equipment"],
            business_use_percentage=100.0,
            priority=10,
        )
    
        categorizer.add_categorization_rule(business_rule)
    
        # Create a transaction
        equipment_tx = Transaction(
            id=uuid.uuid4(),
            date=datetime(2022, 1, 15),
            amount=1200.0,
            description="Equipment purchase",
            transaction_type=TransactionType.EXPENSE,
            account_id="checking123",
        )
    
        # Apply categorization
        results = categorizer.categorize_transactions([equipment_tx])
    
        # Verify transaction matches rule based on "equipment" keyword
        assert len(results) == 1
>       assert results[0].transaction_id == equipment_tx.id
E       AssertionError: assert UUID('dede28fc-2d45-4d4f-9b9c-bb0e2e79701e') == 'dede28fc-2d45-4d4f-9b9c-bb0e2e79701e'
E        +  where UUID('dede28fc-2d45-4d4f-9b9c-bb0e2e79701e') = CategorizationResult(transaction_id=UUID('dede28fc-2d45-4d4f-9b9c-bb0e2e79701e'), original_transaction=BaseTransaction...dence_score=0.0, is_mixed_use=False, categorization_date=datetime.datetime(2025, 6, 16, 4, 34, 53, 734904), notes=None).transaction_id
E        +  and   'dede28fc-2d45-4d4f-9b9c-bb0e2e79701e' = BaseTransaction(id='dede28fc-2d45-4d4f-9b9c-bb0e2e79701e', date=2022-01-15 00:00:00, amount=1200.0, description='Equipment purchase', type=expense).id

tests/freelancer/integration/test_categorization_recovery_simplified.py:57: AssertionError
_ TestCategorizationRecoverySimplified.test_recover_from_multiple_categorization_errors _

self = <tests.freelancer.integration.test_categorization_recovery_simplified.TestCategorizationRecoverySimplified object at 0x7fc8600930d0>

    def test_recover_from_multiple_categorization_errors(self):
        """Test correcting multiple categorization errors at once."""
        # Create expense categorizer
        categorizer = ExpenseCategorizer()
    
        # Add rules
        rules = [
            CategorizationRule(
                name="Software Rule",
                category=ExpenseCategory.SOFTWARE,
                keyword_patterns=["software", "subscription"],
                business_use_percentage=100.0,
                priority=10,
            ),
            CategorizationRule(
                name="Office Rule",
                category=ExpenseCategory.BUSINESS_SUPPLIES,
                keyword_patterns=["office", "supplies"],
                business_use_percentage=100.0,
                priority=5,
            ),
            CategorizationRule(
                name="Phone Rule",
                category=ExpenseCategory.PHONE,
                keyword_patterns=["phone", "mobile"],
                business_use_percentage=80.0,
                priority=8,
            ),
        ]
    
        for rule in rules:
            categorizer.add_categorization_rule(rule)
    
        # Create several transactions that should be business expenses
        transactions = [
            # Software expense
            Transaction(
                id=uuid.uuid4(),
                date=datetime(2022, 1, 10),
                amount=500.0,
                description="Software subscription renewal",
                transaction_type=TransactionType.EXPENSE,
                account_id="checking123",
            ),
            # Office supplies
            Transaction(
                id=uuid.uuid4(),
                date=datetime(2022, 1, 15),
                amount=300.0,
                description="Office supplies purchase",
                transaction_type=TransactionType.EXPENSE,
                account_id="checking123",
            ),
            # Phone expense
            Transaction(
                id=uuid.uuid4(),
                date=datetime(2022, 1, 20),
                amount=100.0,
                description="Mobile phone bill",
                transaction_type=TransactionType.EXPENSE,
                account_id="checking123",
            ),
        ]
    
        # Categorize transactions
        results = categorizer.categorize_transactions(transactions)
    
        # Apply categorizations
        categorized_txs = []
        for tx in transactions:
            for result in results:
                if result.transaction_id == tx.id:
                    categorized_tx = categorizer.apply_categorization(tx, result)
                    categorized_txs.append(categorized_tx)
                    break
    
        # Verify all transactions were categorized correctly
>       assert categorized_txs[0].category == ExpenseCategory.SOFTWARE
E       IndexError: list index out of range

tests/freelancer/integration/test_categorization_recovery_simplified.py:205: IndexError
___ TestExpenseTaxIntegration.test_business_expenses_impact_on_tax_liability ___

self = <tests.freelancer.integration.test_expense_tax_integration.TestExpenseTaxIntegration object at 0x7fc860093580>

    def test_business_expenses_impact_on_tax_liability(self):
        """Test how business expense categorization impacts tax liability."""
        # Set up the expense categorizer
        categorizer = ExpenseCategorizer()
    
        # Add categorization rules
        business_rule = CategorizationRule(
            name="Business Expense Rule",
            category=ExpenseCategory.BUSINESS_SUPPLIES,
            keyword_patterns=["business", "supplies", "equipment"],
            business_use_percentage=100.0,
            priority=10,
        )
    
        mixed_use_rule = CategorizationRule(
            name="Mixed Use Rule",
            category=ExpenseCategory.INTERNET,
            keyword_patterns=["internet", "phone"],
            business_use_percentage=80.0,
            priority=5,
        )
    
        personal_rule = CategorizationRule(
            name="Personal Expense Rule",
            category=ExpenseCategory.PERSONAL,
            keyword_patterns=["personal", "groceries"],
            business_use_percentage=0.0,
            priority=3,
        )
    
        categorizer.add_categorization_rule(business_rule)
        categorizer.add_categorization_rule(mixed_use_rule)
        categorizer.add_categorization_rule(personal_rule)
    
        # Set up the tax manager
        tax_manager = TaxManager(FilingStatus.SINGLE)
        tax_manager.load_default_brackets()
    
        # Create test transactions
        transactions = [
            # Business transaction - 100% deductible
            Transaction(
                id=uuid.uuid4(),
                date=datetime(2022, 3, 15),
                amount=1000.0,
                description="Business supplies purchase",
                transaction_type=TransactionType.EXPENSE,
                account_id="checking123",
            ),
    
            # Mixed-use transaction - partially deductible
            Transaction(
                id=uuid.uuid4(),
                date=datetime(2022, 3, 20),
                amount=200.0,
                description="Internet bill payment",
                transaction_type=TransactionType.EXPENSE,
                account_id="checking123",
            ),
    
            # Personal transaction - not deductible
            Transaction(
                id=uuid.uuid4(),
                date=datetime(2022, 3, 25),
                amount=500.0,
                description="Personal groceries",
                transaction_type=TransactionType.EXPENSE,
                account_id="checking123",
            ),
    
            # Income transaction
            Transaction(
                id=uuid.uuid4(),
                date=datetime(2022, 3, 10),
                amount=5000.0,
                description="Client payment",
                transaction_type=TransactionType.INCOME,
                account_id="checking123",
            ),
        ]
    
        # Categorize the expenses
        categorization_results = categorizer.categorize_transactions(transactions)
    
        # Apply categorizations
        categorized_transactions = []
        for i, transaction in enumerate(transactions):
            if transaction.transaction_type == TransactionType.EXPENSE:
                # Find matching categorization result
                for result in categorization_results:
                    if result.transaction_id == transaction.id:
                        transaction = categorizer.apply_categorization(transaction, result)
                        break
            categorized_transactions.append(transaction)
    
        # Calculate taxable income with categorized expenses
        taxable_income = 0
        business_expenses = 0
        personal_expenses = 0
    
        for transaction in categorized_transactions:
            if transaction.transaction_type == TransactionType.INCOME:
                taxable_income += transaction.amount
            elif transaction.transaction_type == TransactionType.EXPENSE:
                # Apply business use percentage
                if hasattr(transaction, 'business_use_percentage') and transaction.business_use_percentage > 0:
                    business_amount = transaction.amount * (transaction.business_use_percentage / 100)
                    personal_amount = transaction.amount - business_amount
    
                    business_expenses += business_amount
                    personal_expenses += personal_amount
                else:
                    # Default to personal if no business use percentage
                    personal_expenses += transaction.amount
    
        # Subtract business expenses from taxable income
        adjusted_taxable_income = taxable_income - business_expenses
    
        # Calculate tax using simplified calculation (25% flat rate)
        # to avoid validation issues with the TaxLiability model
        full_tax_amount = taxable_income * 0.25
        adjusted_tax_amount = adjusted_taxable_income * 0.25
    
        # Assert that the adjusted tax is lower
>       assert adjusted_tax_amount < full_tax_amount
E       assert 0.0 < 0.0

tests/freelancer/integration/test_expense_tax_integration.py:156: AssertionError
______ TestExpenseTaxIntegration.test_expense_recategorization_tax_impact ______

self = <tests.freelancer.integration.test_expense_tax_integration.TestExpenseTaxIntegration object at 0x7fc8600934f0>

    def test_expense_recategorization_tax_impact(self):
        """Test how correcting expense categorization affects tax liability."""
        # Set up expense categorizer
        categorizer = ExpenseCategorizer()
    
        # Create a transaction that's initially categorized as personal
        transaction = Transaction(
            id=uuid.uuid4(),
            date=datetime(2022, 4, 15),
            amount=1000.0,
            description="Equipment purchase initially miscategorized",
            transaction_type=TransactionType.EXPENSE,
            account_id="checking123",
            category=ExpenseCategory.PERSONAL,
            business_use_percentage=0.0,
        )
    
        # Create income transaction
        income_transaction = Transaction(
            id=uuid.uuid4(),
            date=datetime(2022, 4, 10),
            amount=10000.0,
            description="Client payment",
            transaction_type=TransactionType.INCOME,
            account_id="checking123",
        )
    
        # Calculate initial tax with personal categorization (using simple 25% flat rate)
        initial_taxable_income = income_transaction.amount
>       initial_tax_amount = initial_taxable_income * 0.25
E       TypeError: unsupported operand type(s) for *: 'decimal.Decimal' and 'float'

tests/freelancer/integration/test_expense_tax_integration.py:200: TypeError
__ TestIntegrationWithMocks.test_expense_categorization_impacts_tax_liability __

self = <tests.freelancer.integration.test_integration_mocks.TestIntegrationWithMocks object at 0x7fc860093880>

    def test_expense_categorization_impacts_tax_liability(self):
        """Test how business expense categorization impacts tax liability."""
        # Mock transactions
        transactions = [
            # Income
            Transaction(
                id=uuid.uuid4(),
                date=datetime(2022, 1, 10),
                amount=10000.0,
                description="Client payment",
                transaction_type=TransactionType.INCOME,
                account_id="checking123",
            ),
            # Business expense
            Transaction(
                id=uuid.uuid4(),
                date=datetime(2022, 1, 15),
                amount=2000.0,
                description="Office equipment",
                transaction_type=TransactionType.EXPENSE,
                account_id="checking123",
                category=ExpenseCategory.EQUIPMENT,
                business_use_percentage=100.0,
            ),
            # Personal expense
            Transaction(
                id=uuid.uuid4(),
                date=datetime(2022, 1, 20),
                amount=1000.0,
                description="Groceries",
                transaction_type=TransactionType.EXPENSE,
                account_id="checking123",
                category=ExpenseCategory.PERSONAL,
                business_use_percentage=0.0,
            ),
            # Mixed use expense
            Transaction(
                id=uuid.uuid4(),
                date=datetime(2022, 1, 25),
                amount=1500.0,
                description="Computer upgrade",
                transaction_type=TransactionType.EXPENSE,
                account_id="checking123",
                category=ExpenseCategory.EQUIPMENT,
                business_use_percentage=50.0,
            ),
        ]
    
        # Calculate taxable income with proper classification
        income = sum(t.amount for t in transactions if t.transaction_type == TransactionType.INCOME)
        business_expenses = sum(
            t.amount * (t.business_use_percentage / 100.0)
            for t in transactions
            if t.transaction_type == TransactionType.EXPENSE and t.business_use_percentage is not None
        )
    
        taxable_income = income - business_expenses
    
        # Now recalculate with the mixed use expense categorized as personal
        misclassified_transactions = transactions.copy()
        for t in misclassified_transactions:
            if t.description == "Computer upgrade":
                t.category = ExpenseCategory.PERSONAL
                t.business_use_percentage = 0.0
    
        misclassified_business_expenses = sum(
            t.amount * (t.business_use_percentage / 100.0)
            for t in misclassified_transactions
            if t.transaction_type == TransactionType.EXPENSE and t.business_use_percentage is not None
        )
    
        misclassified_taxable_income = income - misclassified_business_expenses
    
        # Misclassification should result in higher taxable income
>       assert misclassified_taxable_income > taxable_income
E       assert 0 > 0

tests/freelancer/integration/test_integration_mocks.py:93: AssertionError
______ TestIntegrationWithMocks.test_categorization_correction_tax_impact ______

self = <tests.freelancer.integration.test_integration_mocks.TestIntegrationWithMocks object at 0x7fc860093a00>

    def test_categorization_correction_tax_impact(self):
        """Test the tax impact of correcting expense categorization."""
        # Mock initial transactions with a miscategorized personal expense
        transactions = [
            # Income
            Transaction(
                id=uuid.uuid4(),
                date=datetime(2022, 1, 10),
                amount=8000.0,
                description="Client payment",
                transaction_type=TransactionType.INCOME,
                account_id="checking123",
            ),
            # Correctly categorized business expense
            Transaction(
                id=uuid.uuid4(),
                date=datetime(2022, 1, 15),
                amount=1000.0,
                description="Software subscription",
                transaction_type=TransactionType.EXPENSE,
                account_id="checking123",
                category=ExpenseCategory.SOFTWARE,
                business_use_percentage=100.0,
            ),
            # Miscategorized expense (business expense categorized as personal)
            Transaction(
                id=uuid.uuid4(),
                date=datetime(2022, 1, 20),
                amount=2000.0,
                description="Professional development course",
                transaction_type=TransactionType.EXPENSE,
                account_id="checking123",
                category=ExpenseCategory.PERSONAL,  # Incorrectly categorized
                business_use_percentage=0.0,  # Should be 100%
            ),
        ]
    
        # Calculate initial tax (with miscategorization)
        income = sum(t.amount for t in transactions if t.transaction_type == TransactionType.INCOME)
        initial_business_expenses = sum(
            t.amount * (t.business_use_percentage / 100.0)
            for t in transactions
            if t.transaction_type == TransactionType.EXPENSE and t.business_use_percentage is not None
        )
    
        initial_taxable_income = income - initial_business_expenses
    
        # Apply correction
        corrected_transactions = transactions.copy()
        for t in corrected_transactions:
            if t.description == "Professional development course":
                t.category = ExpenseCategory.PROFESSIONAL_DEVELOPMENT
                t.business_use_percentage = 100.0
    
        # Calculate corrected tax
        corrected_business_expenses = sum(
            t.amount * (t.business_use_percentage / 100.0)
            for t in corrected_transactions
            if t.transaction_type == TransactionType.EXPENSE and t.business_use_percentage is not None
        )
    
        corrected_taxable_income = income - corrected_business_expenses
    
        # Correction should result in lower taxable income
>       assert corrected_taxable_income < initial_taxable_income
E       assert 0 < 0

tests/freelancer/integration/test_integration_mocks.py:160: AssertionError
________ TestIntegrationWithMocks.test_multi_year_project_profitability ________

self = <tests.freelancer.integration.test_integration_mocks.TestIntegrationWithMocks object at 0x7fc860093d00>

    def test_multi_year_project_profitability(self):
        """Test profitability analysis for a project spanning multiple tax years."""
        # Create a project spanning 2022-2023
        project_id = "multi-year-project-123"
    
        # 2022 project transactions (Year 1)
        year1_transactions = [
            # Income from project in year 1
            Transaction(
                id=uuid.uuid4(),
                date=datetime(2022, 6, 15),
                amount=20000.0,
                description="Project milestone payment 1",
                transaction_type=TransactionType.INCOME,
                account_id="checking123",
                project_id=project_id,
            ),
            Transaction(
                id=uuid.uuid4(),
                date=datetime(2022, 11, 1),
                amount=30000.0,
                description="Project milestone payment 2",
                transaction_type=TransactionType.INCOME,
                account_id="checking123",
                project_id=project_id,
            ),
            # Expenses for project in year 1
            Transaction(
                id=uuid.uuid4(),
                date=datetime(2022, 5, 1),
[...]
        invoices: List[Invoice],
        force_recalculation: bool = False,
        **kwargs
    ) -> ProjectProfitability:
        """
        Analyze the profitability of a single project with caching.
    
        Args:
            project: Project to analyze
            time_entries: Time entries associated with the project
            transactions: Transactions associated with the project
            invoices: Invoices associated with the project
            force_recalculation: Whether to force recalculation
    
        Returns:
            ProjectProfitability analysis result
        """
        # Generate cache key
        cache_key = f"project_{project.id}_{hash(str(time_entries + transactions + invoices))}"
    
        # Check cache unless forced recalculation
        if not force_recalculation:
            cached_result = self.get_cached_result(cache_key)
            if cached_result is not None:
                return cached_result
    
        with self.measure_performance("single_project_analysis"):
            # Filter to entries for this project
            project_time_entries = [e for e in time_entries if e.project_id == project.id]
    
            # Calculate total hours
            total_hours = sum(
                entry.duration_minutes / 60
                for entry in project_time_entries
                if entry.duration_minutes is not None
            )
    
            # Calculate total revenue from invoices
            project_invoices = [i for i in invoices if i.project_id == project.id]
            paid_invoices = [i for i in project_invoices if i.status == "paid"]
            total_revenue = sum(invoice.amount for invoice in paid_invoices)
    
            # Calculate total expenses
            project_expenses = [
                t
                for t in transactions
                if (
                    t.transaction_type == TransactionType.EXPENSE
                    and t.project_id == project.id
                )
            ]
            total_expenses = sum(t.amount for t in project_expenses)
    
            # Calculate profitability metrics using common library
            total_profit = total_revenue - total_expenses
    
            # Use configuration for minimum values to avoid division by zero
            min_hours = self.get_config_value("minimum_hours_for_rate_calculation", 0.01)
            min_revenue = self.get_config_value("minimum_revenue_for_margin_calculation", 0.01)
            min_expenses = self.get_config_value("minimum_expenses_for_roi_calculation", 0.01)
    
            effective_hourly_rate = total_revenue / max(total_hours, min_hours)
>           profit_margin = 100 * total_profit / max(total_revenue, min_revenue)
E           TypeError: unsupported operand type(s) for /: 'decimal.Decimal' and 'float'

personal_finance_tracker/project/profitability_analyzer_migrated.py:161: TypeError
_______________________ TestFinancialProjector.test_init _______________________

self = <tests.freelancer.projection.test_financial_projector.TestFinancialProjector object at 0x7fc860156b90>

    def test_init(self):
        """Test initialization of the financial projector."""
        projector = FinancialProjector()
>       assert projector._projection_cache == {}
E       AttributeError: 'FreelancerFinancialProjector' object has no attribute '_projection_cache'

tests/freelancer/projection/test_financial_projector.py:34: AttributeError
=============================== warnings summary ===============================
personal_finance_tracker/models/common.py:270
  /home/justinchiu_cohere_com/minicode/large_repos/personal_finance_tracker/unified/personal_finance_tracker/models/common.py:270: PydanticDeprecatedSince20: Pydantic V1 style `@validator` validators are deprecated. You should migrate to Pydantic V2 style `@field_validator` validators, see the migration guide for more details. Deprecated in Pydantic V2.0 to be removed in V3.0. See Pydantic V2 Migration Guide at https://errors.pydantic.dev/2.11/migration/
    @validator("duration_minutes", always=True)

personal_finance_tracker/income/models.py:36
  /home/justinchiu_cohere_com/minicode/large_repos/personal_finance_tracker/unified/personal_finance_tracker/income/models.py:36: PydanticDeprecatedSince20: Pydantic V1 style `@validator` validators are deprecated. You should migrate to Pydantic V2 style `@field_validator` validators, see the migration guide for more details. Deprecated in Pydantic V2.0 to be removed in V3.0. See Pydantic V2 Migration Guide at https://errors.pydantic.dev/2.11/migration/
    @validator("window_size")

personal_finance_tracker/income/models.py:43
  /home/justinchiu_cohere_com/minicode/large_repos/personal_finance_tracker/unified/personal_finance_tracker/income/models.py:43: PydanticDeprecatedSince20: Pydantic V1 style `@validator` validators are deprecated. You should migrate to Pydantic V2 style `@field_validator` validators, see the migration guide for more details. Deprecated in Pydantic V2.0 to be removed in V3.0. See Pydantic V2 Migration Guide at https://errors.pydantic.dev/2.11/migration/
    @validator("alpha")

personal_finance_tracker/income/models.py:50
  /home/justinchiu_cohere_com/minicode/large_repos/personal_finance_tracker/unified/personal_finance_tracker/income/models.py:50: PydanticDeprecatedSince20: Pydantic V1 style `@validator` validators are deprecated. You should migrate to Pydantic V2 style `@field_validator` validators, see the migration guide for more details. Deprecated in Pydantic V2.0 to be removed in V3.0. See Pydantic V2 Migration Guide at https://errors.pydantic.dev/2.11/migration/
    @validator("percentile")

personal_finance_tracker/income/models.py:57
  /home/justinchiu_cohere_com/minicode/large_repos/personal_finance_tracker/unified/personal_finance_tracker/income/models.py:57: PydanticDeprecatedSince20: Pydantic V1 style `@validator` validators are deprecated. You should migrate to Pydantic V2 style `@field_validator` validators, see the migration guide for more details. Deprecated in Pydantic V2.0 to be removed in V3.0. See Pydantic V2 Migration Guide at https://errors.pydantic.dev/2.11/migration/
    @validator("emergency_buffer_months")

personal_finance_tracker/income/models.py:64
  /home/justinchiu_cohere_com/minicode/large_repos/personal_finance_tracker/unified/personal_finance_tracker/income/models.py:64: PydanticDeprecatedSince20: Pydantic V1 style `@validator` validators are deprecated. You should migrate to Pydantic V2 style `@field_validator` validators, see the migration guide for more details. Deprecated in Pydantic V2.0 to be removed in V3.0. See Pydantic V2 Migration Guide at https://errors.pydantic.dev/2.11/migration/
    @validator("confidence_interval")

personal_finance_tracker/project/models.py:51
  /home/justinchiu_cohere_com/minicode/large_repos/personal_finance_tracker/unified/personal_finance_tracker/project/models.py:51: PydanticDeprecatedSince20: Pydantic V1 style `@validator` validators are deprecated. You should migrate to Pydantic V2 style `@field_validator` validators, see the migration guide for more details. Deprecated in Pydantic V2.0 to be removed in V3.0. See Pydantic V2 Migration Guide at https://errors.pydantic.dev/2.11/migration/
    @validator("effective_hourly_rate", "profit_margin", "roi", pre=True, always=True)

personal_finance_tracker/projection/models.py:40
  /home/justinchiu_cohere_com/minicode/large_repos/personal_finance_tracker/unified/personal_finance_tracker/projection/models.py:40: PydanticDeprecatedSince20: Pydantic V1 style `@validator` validators are deprecated. You should migrate to Pydantic V2 style `@field_validator` validators, see the migration guide for more details. Deprecated in Pydantic V2.0 to be removed in V3.0. See Pydantic V2 Migration Guide at https://errors.pydantic.dev/2.11/migration/
    @validator("probability")

personal_finance_tracker/projection/models.py:77
  /home/justinchiu_cohere_com/minicode/large_repos/personal_finance_tracker/unified/personal_finance_tracker/projection/models.py:77: PydanticDeprecatedSince20: Pydantic V1 style `@validator` validators are deprecated. You should migrate to Pydantic V2 style `@field_validator` validators, see the migration guide for more details. Deprecated in Pydantic V2.0 to be removed in V3.0. See Pydantic V2 Migration Guide at https://errors.pydantic.dev/2.11/migration/
    @validator("confidence_interval")

personal_finance_tracker/projection/models.py:99
  /home/justinchiu_cohere_com/minicode/large_repos/personal_finance_tracker/unified/personal_finance_tracker/projection/models.py:99: PydanticDeprecatedSince20: Pydantic V1 style `@validator` validators are deprecated. You should migrate to Pydantic V2 style `@field_validator` validators, see the migration guide for more details. Deprecated in Pydantic V2.0 to be removed in V3.0. See Pydantic V2 Migration Guide at https://errors.pydantic.dev/2.11/migration/
    @validator("confidence_level")

personal_finance_tracker/tax/models.py:50
  /home/justinchiu_cohere_com/minicode/large_repos/personal_finance_tracker/unified/personal_finance_tracker/tax/models.py:50: PydanticDeprecatedSince20: Pydantic V1 style `@validator` validators are deprecated. You should migrate to Pydantic V2 style `@field_validator` validators, see the migration guide for more details. Deprecated in Pydantic V2.0 to be removed in V3.0. See Pydantic V2 Migration Guide at https://errors.pydantic.dev/2.11/migration/
    @validator("rates")

personal_finance_tracker/tax/models.py:77
  /home/justinchiu_cohere_com/minicode/large_repos/personal_finance_tracker/unified/personal_finance_tracker/tax/models.py:77: PydanticDeprecatedSince20: Pydantic V1 style `@validator` validators are deprecated. You should migrate to Pydantic V2 style `@field_validator` validators, see the migration guide for more details. Deprecated in Pydantic V2.0 to be removed in V3.0. See Pydantic V2 Migration Guide at https://errors.pydantic.dev/2.11/migration/
    @validator("effective_rate", "marginal_rate")

personal_finance_tracker/tax/models.py:124
  /home/justinchiu_cohere_com/minicode/large_repos/personal_finance_tracker/unified/personal_finance_tracker/tax/models.py:124: PydanticDeprecatedSince20: Pydantic V1 style `@validator` validators are deprecated. You should migrate to Pydantic V2 style `@field_validator` validators, see the migration guide for more details. Deprecated in Pydantic V2.0 to be removed in V3.0. See Pydantic V2 Migration Guide at https://errors.pydantic.dev/2.11/migration/
    @validator("effective_tax_rate")

personal_finance_tracker/expense/models.py:39
  /home/justinchiu_cohere_com/minicode/large_repos/personal_finance_tracker/unified/personal_finance_tracker/expense/models.py:39: PydanticDeprecatedSince20: Pydantic V1 style `@validator` validators are deprecated. You should migrate to Pydantic V2 style `@field_validator` validators, see the migration guide for more details. Deprecated in Pydantic V2.0 to be removed in V3.0. See Pydantic V2 Migration Guide at https://errors.pydantic.dev/2.11/migration/
    @validator("business_use_percentage")

personal_finance_tracker/expense/models.py:102
  /home/justinchiu_cohere_com/minicode/large_repos/personal_finance_tracker/unified/personal_finance_tracker/expense/models.py:102: PydanticDeprecatedSince20: Pydantic V1 style `@validator` validators are deprecated. You should migrate to Pydantic V2 style `@field_validator` validators, see the migration guide for more details. Deprecated in Pydantic V2.0 to be removed in V3.0. See Pydantic V2 Migration Guide at https://errors.pydantic.dev/2.11/migration/
    @validator("business_use_percentage")

personal_finance_tracker/expense/models.py:123
  /home/justinchiu_cohere_com/minicode/large_repos/personal_finance_tracker/unified/personal_finance_tracker/expense/models.py:123: PydanticDeprecatedSince20: Pydantic V1 style `@validator` validators are deprecated. You should migrate to Pydantic V2 style `@field_validator` validators, see the migration guide for more details. Deprecated in Pydantic V2.0 to be removed in V3.0. See Pydantic V2 Migration Guide at https://errors.pydantic.dev/2.11/migration/
    @validator("confidence_score")

personal_finance_tracker/expense/models.py:130
  /home/justinchiu_cohere_com/minicode/large_repos/personal_finance_tracker/unified/personal_finance_tracker/expense/models.py:130: PydanticDeprecatedSince20: Pydantic V1 style `@validator` validators are deprecated. You should migrate to Pydantic V2 style `@field_validator` validators, see the migration guide for more details. Deprecated in Pydantic V2.0 to be removed in V3.0. See Pydantic V2 Migration Guide at https://errors.pydantic.dev/2.11/migration/
    @validator("business_use_percentage")

-- Docs: https://docs.pytest.org/en/stable/how-to/capture-warnings.html
--------------------------------- JSON report ----------------------------------
report saved to: report.json
=========================== short test summary info ============================
FAILED tests/freelancer/expense/test_categorizer.py::TestExpenseCategorizer::test_init
FAILED tests/freelancer/expense/test_categorizer.py::TestExpenseCategorizer::test_add_categorization_rule
FAILED tests/freelancer/expense/test_categorizer.py::TestExpenseCategorizer::test_update_categorization_rule
FAILED tests/freelancer/expense/test_categorizer.py::TestExpenseCategorizer::test_remove_categorization_rule
FAILED tests/freelancer/expense/test_categorizer.py::TestExpenseCategorizer::test_add_mixed_use_item
FAILED tests/freelancer/expense/test_categorizer.py::TestExpenseCategorizer::test_categorize_transaction
FAILED tests/freelancer/expense/test_categorizer.py::TestExpenseCategorizer::test_categorize_transactions
FAILED tests/freelancer/expense/test_categorizer.py::TestExpenseCategorizer::test_apply_categorization
FAILED tests/freelancer/expense/test_categorizer.py::TestExpenseCategorizer::test_generate_expense_summary
FAILED tests/freelancer/expense/test_categorizer.py::TestExpenseCategorizer::test_get_audit_trail
FAILED tests/freelancer/expense/test_categorizer.py::TestExpenseCategorizer::test_correct_categorization
FAILED tests/freelancer/expense/test_categorizer.py::TestExpenseCategorizer::test_rule_matching
FAILED tests/freelancer/income/test_income_manager.py::TestIncomeManager::test_init
FAILED tests/freelancer/income/test_income_manager.py::TestIncomeManager::test_calculate_monthly_income
FAILED tests/freelancer/income/test_income_manager.py::TestIncomeManager::test_smooth_income_moving_average
FAILED tests/freelancer/income/test_income_manager.py::TestIncomeManager::test_smooth_income_exponential_smoothing
FAILED tests/freelancer/income/test_income_manager.py::TestIncomeManager::test_smooth_income_percentile_based
FAILED tests/freelancer/income/test_income_manager.py::TestIncomeManager::test_smooth_income_seasonal_adjustment
FAILED tests/freelancer/income/test_income_manager.py::TestIncomeManager::test_smooth_income_rolling_median
FAILED tests/freelancer/income/test_income_manager.py::TestIncomeManager::test_smooth_income_with_target
FAILED tests/freelancer/income/test_income_manager.py::TestIncomeManager::test_forecast_revenue
FAILED tests/freelancer/income/test_income_manager.py::TestIncomeManager::test_extremely_irregular_income
FAILED tests/freelancer/income/test_income_manager.py::TestIncomeManager::test_income_smoothing_with_large_dataset
FAILED tests/freelancer/integration/test_categorization_recovery.py::TestCategorizationRecovery::test_recover_from_delayed_categorization_errors
FAILED tests/freelancer/integration/test_categorization_recovery_mocks.py::TestCategorizationRecoveryMocks::test_recover_from_delayed_categorization_errors
FAILED tests/freelancer/integration/test_categorization_recovery_mocks.py::TestCategorizationRecoveryMocks::test_recover_from_multiple_categorization_errors
FAILED tests/freelancer/integration/test_categorization_recovery_simplified.py::TestCategorizationRecoverySimplified::test_recover_from_delayed_categorization_errors
FAILED tests/freelancer/integration/test_categorization_recovery_simplified.py::TestCategorizationRecoverySimplified::test_recover_from_multiple_categorization_errors
FAILED tests/freelancer/integration/test_expense_tax_integration.py::TestExpenseTaxIntegration::test_business_expenses_impact_on_tax_liability
FAILED tests/freelancer/integration/test_expense_tax_integration.py::TestExpenseTaxIntegration::test_expense_recategorization_tax_impact
FAILED tests/freelancer/integration/test_integration_mocks.py::TestIntegrationWithMocks::test_expense_categorization_impacts_tax_liability
FAILED tests/freelancer/integration/test_integration_mocks.py::TestIntegrationWithMocks::test_categorization_correction_tax_impact
FAILED tests/freelancer/integration/test_integration_mocks.py::TestIntegrationWithMocks::test_multi_year_project_profitability
FAILED tests/freelancer/integration/test_multi_year_projects.py::TestMultiYearProjects::test_project_profitability_across_tax_years
FAILED tests/freelancer/integration/test_multi_year_projects.py::TestMultiYearProjects::test_tax_implications_of_cross_year_project
FAILED tests/freelancer/integration/test_multi_year_projects.py::TestMultiYearProjects::test_cross_year_project_cash_flow
FAILED tests/freelancer/integration/test_quarterly_tax_mocks.py::TestQuarterlyTaxPreparationMocks::test_comprehensive_quarterly_tax_preparation
FAILED tests/freelancer/integration/test_quarterly_tax_preparation.py::TestQuarterlyTaxPreparation::test_comprehensive_quarterly_tax_preparation
FAILED tests/freelancer/integration/test_quarterly_tax_preparation_mock.py::TestQuarterlyTaxPreparationMock::test_comprehensive_quarterly_tax_preparation
FAILED tests/freelancer/integration/test_quarterly_tax_preparation_simplified.py::TestQuarterlyTaxPreparationSimplified::test_comprehensive_quarterly_tax_preparation
FAILED tests/freelancer/integration/test_year_over_year_comparison.py::TestYearOverYearComparison::test_income_comparison_across_years
FAILED tests/freelancer/integration/test_year_over_year_comparison.py::TestYearOverYearComparison::test_expense_comparison_across_years
FAILED tests/freelancer/integration/test_year_over_year_comparison.py::TestYearOverYearComparison::test_tax_comparison_across_years
FAILED tests/freelancer/integration/test_year_over_year_mocks.py::TestYearOverYearComparison::test_income_growth_analysis
FAILED tests/freelancer/integration/test_year_over_year_mocks.py::TestYearOverYearComparison::test_expense_category_trends
FAILED tests/freelancer/integration/test_year_over_year_mocks.py::TestYearOverYearComparison::test_tax_liability_comparison
FAILED tests/freelancer/integration/test_year_over_year_mocks.py::TestYearOverYearComparison::test_project_profitability_trends
FAILED tests/freelancer/integration/test_year_over_year_simple.py::TestYearOverYearSimple::test_expense_comparison_across_years
FAILED tests/freelancer/integration/test_year_over_year_simplified.py::TestYearOverYearSimplified::test_income_comparison_across_years
FAILED tests/freelancer/integration/test_year_over_year_simplified.py::TestYearOverYearSimplified::test_expense_comparison_across_years
FAILED tests/freelancer/project/test_profitability_analyzer.py::TestProjectProfiler::test_init
FAILED tests/freelancer/project/test_profitability_analyzer.py::TestProjectProfiler::test_analyze_project_profitability
FAILED tests/freelancer/project/test_profitability_analyzer.py::TestProjectProfiler::test_analyze_client_profitability
FAILED tests/freelancer/project/test_profitability_analyzer.py::TestProjectProfiler::test_analyze_all_projects
FAILED tests/freelancer/project/test_profitability_analyzer.py::TestProjectProfiler::test_analyze_large_project_set
FAILED tests/freelancer/projection/test_financial_projector.py::TestFinancialProjector::test_init
================== 56 failed, 97 passed, 17 warnings in 1.85s ==================
