============================= test session starts ==============================
platform linux -- Python 3.10.11, pytest-8.3.5, pluggy-1.5.0
rootdir: /home/justinchiu_cohere_com/minicode/large_repos/personal_knowledge_management/unified
configfile: pyproject.toml
plugins: anyio-4.9.0, metadata-3.1.1, json-report-1.5.0, cov-6.1.1
collected 257 items

tests/academic_researcher/citations/test_formatter_edge_cases.py ....... [  2%]
....                                                                     [  4%]
tests/academic_researcher/citations/test_formatters.py ...........       [  8%]
tests/academic_researcher/citations/test_parser_edge_cases.py ........   [ 11%]
tests/academic_researcher/citations/test_parsers.py ......               [ 14%]
tests/academic_researcher/core/test_brain.py ....FFFFFF..F               [ 19%]
tests/academic_researcher/core/test_models.py ..F.......FF....           [ 25%]
tests/academic_researcher/core/test_storage.py ...............           [ 31%]
tests/academic_researcher/experiments/test_template_functions.py .....   [ 33%]
tests/academic_researcher/experiments/test_templates.py ......           [ 35%]
tests/academic_researcher/grants/test_export.py ....                     [ 36%]
tests/academic_researcher/grants/test_export_functions.py .....          [ 38%]
tests/academic_researcher/test_bidirectional_linking.py ...F..F.         [ 42%]
tests/academic_researcher/test_citation_accuracy.py .......              [ 44%]
tests/academic_researcher/test_cli.py ......                             [ 47%]
tests/academic_researcher/test_collaboration.py FEEEEEEEEEE              [ 51%]
tests/academic_researcher/test_experiment_templates.py .........F..      [ 56%]
tests/academic_researcher/test_grant_proposals.py .EE.EEEFEE             [ 59%]
tests/academic_researcher/test_main.py ..                                [ 60%]
tests/academic_researcher/test_performance_optimized.py E..              [ 61%]
tests/academic_researcher/test_research_questions.py FFFFFFFF            [ 64%]
tests/academic_researcher/test_workflows.py .FFFF                        [ 66%]
tests/product_manager/competitive_analysis/test_system.py .............. [ 72%]
.....                                                                    [ 74%]
tests/product_manager/decision_registry/test_registry.py ..F.........F.  [ 79%]
tests/product_manager/feedback_analysis/test_engine.py ................. [ 86%]
                                                                         [ 86%]
tests/product_manager/prioritization/test_framework.py ...............   [ 92%]
tests/product_manager/stakeholder_insights/test_manager.py ...E..E..E..E [ 97%]
...E...                                                                  [100%]

==================================== ERRORS ====================================
___________ ERROR at setup of TestCollaboration.test_add_annotations ___________

self = <tests.academic_researcher.test_collaboration.TestCollaboration object at 0x7fe54fd79750>
brain = <researchbrain.core.brain.ResearchBrain object at 0x7fe4a853b580>

    @pytest.fixture
    def sample_collaborators(self, brain):
        """Fixture that creates sample collaborators with different roles."""
        collaborators = {}
    
        # Principal Investigator
>       pi_id = brain.create_collaborator(
            name="Dr. Sarah Johnson",
            email="sjohnson@university.edu",
            affiliation="University of Neuroscience",
            role=CollaboratorRole.PRINCIPAL_INVESTIGATOR
        )

tests/academic_researcher/test_collaboration.py:63: 
_ _ _ _ _ _ _ _ _ _ _ _ _ _ _ _ _ _ _ _ _ _ _ _ _ _ _ _ _ _ _ _ _ _ _ _ _ _ _ _ 
researchbrain/core/brain.py:822: in create_collaborator
    self.storage.save(collaborator)
researchbrain/core/storage.py:131: in save
    yaml.dump(data, f, default_flow_style=False, sort_keys=False)
../../../../.pyenv/versions/3.10.11/lib/python3.10/site-packages/yaml/__init__.py:253: in dump
    return dump_all([data], stream, Dumper=Dumper, **kwds)
../../../../.pyenv/versions/3.10.11/lib/python3.10/site-packages/yaml/__init__.py:241: in dump_all
    dumper.represent(data)
../../../../.pyenv/versions/3.10.11/lib/python3.10/site-packages/yaml/representer.py:27: in represent
    node = self.represent_data(data)
../../../../.pyenv/versions/3.10.11/lib/python3.10/site-packages/yaml/representer.py:48: in represent_data
    node = self.yaml_representers[data_types[0]](self, data)
../../../../.pyenv/versions/3.10.11/lib/python3.10/site-packages/yaml/representer.py:207: in represent_dict
    return self.represent_mapping('tag:yaml.org,2002:map', data)
../../../../.pyenv/versions/3.10.11/lib/python3.10/site-packages/yaml/representer.py:118: in represent_mapping
    node_value = self.represent_data(item_value)
../../../../.pyenv/versions/3.10.11/lib/python3.10/site-packages/yaml/representer.py:52: in represent_data
    node = self.yaml_multi_representers[data_type](self, data)
_ _ _ _ _ _ _ _ _ _ _ _ _ _ _ _ _ _ _ _ _ _ _ _ _ _ _ _ _ _ _ _ _ _ _ _ _ _ _ _ 

self = <yaml.dumper.Dumper object at 0x7fe4a853b5e0>
data = <property object at 0x7fe5ffc8e4d0>

    def represent_object(self, data):
        # We use __reduce__ API to save the data. data.__reduce__ returns
        # a tuple of length 2-5:
        #   (function, args, state, listitems, dictitems)
    
        # For reconstructing, we calls function(*args), then set its state,
        # listitems, and dictitems if they are not None.
    
        # A special case is when function.__name__ == '__newobj__'. In this
        # case we create the object with args[0].__new__(*args).
    
        # Another special case is when __reduce__ returns a string - we don't
        # support it.
    
        # We produce a !!python/object, !!python/object/new or
        # !!python/object/apply node.
    
        cls = type(data)
        if cls in copyreg.dispatch_table:
            reduce = copyreg.dispatch_table[cls](data)
        elif hasattr(data, '__reduce_ex__'):
>           reduce = data.__reduce_ex__(2)
E           TypeError: cannot pickle 'property' object

../../../../.pyenv/versions/3.10.11/lib/python3.10/site-packages/yaml/representer.py:317: TypeError
_ ERROR at setup of TestCollaboration.test_multiple_annotations_from_same_collaborator _

self = <tests.academic_researcher.test_collaboration.TestCollaboration object at 0x7fe54fd7b6a0>
brain = <researchbrain.core.brain.ResearchBrain object at 0x7fe4a82e4670>

    @pytest.fixture
    def sample_collaborators(self, brain):
        """Fixture that creates sample collaborators with different roles."""
        collaborators = {}
    
        # Principal Investigator
>       pi_id = brain.create_collaborator(
            name="Dr. Sarah Johnson",
            email="sjohnson@university.edu",
            affiliation="University of Neuroscience",
            role=CollaboratorRole.PRINCIPAL_INVESTIGATOR
        )

tests/academic_researcher/test_collaboration.py:63: 
_ _ _ _ _ _ _ _ _ _ _ _ _ _ _ _ _ _ _ _ _ _ _ _ _ _ _ _ _ _ _ _ _ _ _ _ _ _ _ _ 
researchbrain/core/brain.py:822: in create_collaborator
    self.storage.save(collaborator)
researchbrain/core/storage.py:131: in save
    yaml.dump(data, f, default_flow_style=False, sort_keys=False)
../../../../.pyenv/versions/3.10.11/lib/python3.10/site-packages/yaml/__init__.py:253: in dump
    return dump_all([data], stream, Dumper=Dumper, **kwds)
../../../../.pyenv/versions/3.10.11/lib/python3.10/site-packages/yaml/__init__.py:241: in dump_all
    dumper.represent(data)
../../../../.pyenv/versions/3.10.11/lib/python3.10/site-packages/yaml/representer.py:27: in represent
    node = self.represent_data(data)
../../../../.pyenv/versions/3.10.11/lib/python3.10/site-packages/yaml/representer.py:48: in represent_data
    node = self.yaml_representers[data_types[0]](self, data)
../../../../.pyenv/versions/3.10.11/lib/python3.10/site-packages/yaml/representer.py:207: in represent_dict
    return self.represent_mapping('tag:yaml.org,2002:map', data)
../../../../.pyenv/versions/3.10.11/lib/python3.10/site-packages/yaml/representer.py:118: in represent_mapping
    node_value = self.represent_data(item_value)
../../../../.pyenv/versions/3.10.11/lib/python3.10/site-packages/yaml/representer.py:52: in represent_data
    node = self.yaml_multi_representers[data_type](self, data)
_ _ _ _ _ _ _ _ _ _ _ _ _ _ _ _ _ _ _ _ _ _ _ _ _ _ _ _ _ _ _ _ _ _ _ _ _ _ _ _ 

self = <yaml.dumper.Dumper object at 0x7fe4a82e6140>
data = <property object at 0x7fe5ffc8e4d0>

    def represent_object(self, data):
        # We use __reduce__ API to save the data. data.__reduce__ returns
        # a tuple of length 2-5:
        #   (function, args, state, listitems, dictitems)
    
        # For reconstructing, we calls function(*args), then set its state,
        # listitems, and dictitems if they are not None.
    
        # A special case is when function.__name__ == '__newobj__'. In this
        # case we create the object with args[0].__new__(*args).
    
        # Another special case is when __reduce__ returns a string - we don't
        # support it.
    
        # We produce a !!python/object, !!python/object/new or
        # !!python/object/apply node.
    
        cls = type(data)
        if cls in copyreg.dispatch_table:
            reduce = copyreg.dispatch_table[cls](data)
        elif hasattr(data, '__reduce_ex__'):
>           reduce = data.__reduce_ex__(2)
E           TypeError: cannot pickle 'property' object

../../../../.pyenv/versions/3.10.11/lib/python3.10/site-packages/yaml/representer.py:317: TypeError
__ ERROR at setup of TestCollaboration.test_annotations_on_multiple_documents __

self = <tests.academic_researcher.test_collaboration.TestCollaboration object at 0x7fe54fd7b880>
brain = <researchbrain.core.brain.ResearchBrain object at 0x7fe4a81e8580>

    @pytest.fixture
    def sample_collaborators(self, brain):
        """Fixture that creates sample collaborators with different roles."""
        collaborators = {}
    
        # Principal Investigator
>       pi_id = brain.create_collaborator(
            name="Dr. Sarah Johnson",
            email="sjohnson@university.edu",
            affiliation="University of Neuroscience",
            role=CollaboratorRole.PRINCIPAL_INVESTIGATOR
        )

tests/academic_researcher/test_collaboration.py:63: 
_ _ _ _ _ _ _ _ _ _ _ _ _ _ _ _ _ _ _ _ _ _ _ _ _ _ _ _ _ _ _ _ _ _ _ _ _ _ _ _ 
researchbrain/core/brain.py:822: in create_collaborator
    self.storage.save(collaborator)
researchbrain/core/storage.py:131: in save
    yaml.dump(data, f, default_flow_style=False, sort_keys=False)
../../../../.pyenv/versions/3.10.11/lib/python3.10/site-packages/yaml/__init__.py:253: in dump
    return dump_all([data], stream, Dumper=Dumper, **kwds)
../../../../.pyenv/versions/3.10.11/lib/python3.10/site-packages/yaml/__init__.py:241: in dump_all
    dumper.represent(data)
../../../../.pyenv/versions/3.10.11/lib/python3.10/site-packages/yaml/representer.py:27: in represent
    node = self.represent_data(data)
../../../../.pyenv/versions/3.10.11/lib/python3.10/site-packages/yaml/representer.py:48: in represent_data
    node = self.yaml_representers[data_types[0]](self, data)
../../../../.pyenv/versions/3.10.11/lib/python3.10/site-packages/yaml/representer.py:207: in represent_dict
    return self.represent_mapping('tag:yaml.org,2002:map', data)
../../../../.pyenv/versions/3.10.11/lib/python3.10/site-packages/yaml/representer.py:118: in represent_mapping
    node_value = self.represent_data(item_value)
../../../../.pyenv/versions/3.10.11/lib/python3.10/site-packages/yaml/representer.py:52: in represent_data
    node = self.yaml_multi_representers[data_type](self, data)
_ _ _ _ _ _ _ _ _ _ _ _ _ _ _ _ _ _ _ _ _ _ _ _ _ _ _ _ _ _ _ _ _ _ _ _ _ _ _ _ 

self = <yaml.dumper.Dumper object at 0x7fe4a81eb760>
data = <property object at 0x7fe5ffc8e4d0>

    def represent_object(self, data):
        # We use __reduce__ API to save the data. data.__reduce__ returns
        # a tuple of length 2-5:
        #   (function, args, state, listitems, dictitems)
    
        # For reconstructing, we calls function(*args), then set its state,
        # listitems, and dictitems if they are not None.
    
        # A special case is when function.__name__ == '__newobj__'. In this
        # case we create the object with args[0].__new__(*args).
    
        # Another special case is when __reduce__ returns a string - we don't
        # support it.
    
        # We produce a !!python/object, !!python/object/new or
        # !!python/object/apply node.
    
        cls = type(data)
        if cls in copyreg.dispatch_table:
            reduce = copyreg.dispatch_table[cls](data)
        elif hasattr(data, '__reduce_ex__'):
>           reduce = data.__reduce_ex__(2)
E           TypeError: cannot pickle 'property' object

../../../../.pyenv/versions/3.10.11/lib/python3.10/site-packages/yaml/representer.py:317: TypeError
___ ERROR at setup of TestCollaboration.test_import_collaborator_annotations ___

self = <tests.academic_researcher.test_collaboration.TestCollaboration object at 0x7fe54fd7bfd0>
brain = <researchbrain.core.brain.ResearchBrain object at 0x7fe4a858fcd0>

    @pytest.fixture
    def sample_collaborators(self, brain):
        """Fixture that creates sample collaborators with different roles."""
        collaborators = {}
    
        # Principal Investigator
>       pi_id = brain.create_collaborator(
            name="Dr. Sarah Johnson",
            email="sjohnson@university.edu",
            affiliation="University of Neuroscience",
            role=CollaboratorRole.PRINCIPAL_INVESTIGATOR
        )

tests/academic_researcher/test_collaboration.py:63: 
_ _ _ _ _ _ _ _ _ _ _ _ _ _ _ _ _ _ _ _ _ _ _ _ _ _ _ _ _ _ _ _ _ _ _ _ _ _ _ _ 
researchbrain/core/brain.py:822: in create_collaborator
    self.storage.save(collaborator)
researchbrain/core/storage.py:131: in save
    yaml.dump(data, f, default_flow_style=False, sort_keys=False)
../../../../.pyenv/versions/3.10.11/lib/python3.10/site-packages/yaml/__init__.py:253: in dump
    return dump_all([data], stream, Dumper=Dumper, **kwds)
../../../../.pyenv/versions/3.10.11/lib/python3.10/site-packages/yaml/__init__.py:241: in dump_all
    dumper.represent(data)
../../../../.pyenv/versions/3.10.11/lib/python3.10/site-packages/yaml/representer.py:27: in represent
    node = self.represent_data(data)
../../../../.pyenv/versions/3.10.11/lib/python3.10/site-packages/yaml/representer.py:48: in represent_data
    node = self.yaml_representers[data_types[0]](self, data)
../../../../.pyenv/versions/3.10.11/lib/python3.10/site-packages/yaml/representer.py:207: in represent_dict
    return self.represent_mapping('tag:yaml.org,2002:map', data)
../../../../.pyenv/versions/3.10.11/lib/python3.10/site-packages/yaml/representer.py:118: in represent_mapping
    node_value = self.represent_data(item_value)
../../../../.pyenv/versions/3.10.11/lib/python3.10/site-packages/yaml/representer.py:52: in represent_data
    node = self.yaml_multi_representers[data_type](self, data)
_ _ _ _ _ _ _ _ _ _ _ _ _ _ _ _ _ _ _ _ _ _ _ _ _ _ _ _ _ _ _ _ _ _ _ _ _ _ _ _ 

self = <yaml.dumper.Dumper object at 0x7fe4a858fca0>
data = <property object at 0x7fe5ffc8e4d0>

    def represent_object(self, data):
        # We use __reduce__ API to save the data. data.__reduce__ returns
        # a tuple of length 2-5:
        #   (function, args, state, listitems, dictitems)
    
        # For reconstructing, we calls function(*args), then set its state,
        # listitems, and dictitems if they are not None.
    
        # A special case is when function.__name__ == '__newobj__'. In this
        # case we create the object with args[0].__new__(*args).
    
        # Another special case is when __reduce__ returns a string - we don't
        # support it.
    
        # We produce a !!python/object, !!python/object/new or
        # !!python/object/apply node.
    
        cls = type(data)
        if cls in copyreg.dispatch_table:
            reduce = copyreg.dispatch_table[cls](data)
        elif hasattr(data, '__reduce_ex__'):
>           reduce = data.__reduce_ex__(2)
E           TypeError: cannot pickle 'property' object

../../../../.pyenv/versions/3.10.11/lib/python3.10/site-packages/yaml/representer.py:317: TypeError
_ ERROR at setup of TestCollaboration.test_import_collaborator_annotations_with_replies _

self = <tests.academic_researcher.test_collaboration.TestCollaboration object at 0x7fe54fd7b160>
brain = <researchbrain.core.brain.ResearchBrain object at 0x7fe4a8293730>

    @pytest.fixture
    def sample_collaborators(self, brain):
        """Fixture that creates sample collaborators with different roles."""
        collaborators = {}
    
        # Principal Investigator
>       pi_id = brain.create_collaborator(
            name="Dr. Sarah Johnson",
            email="sjohnson@university.edu",
            affiliation="University of Neuroscience",
            role=CollaboratorRole.PRINCIPAL_INVESTIGATOR
        )

tests/academic_researcher/test_collaboration.py:63: 
_ _ _ _ _ _ _ _ _ _ _ _ _ _ _ _ _ _ _ _ _ _ _ _ _ _ _ _ _ _ _ _ _ _ _ _ _ _ _ _ 
researchbrain/core/brain.py:822: in create_collaborator
    self.storage.save(collaborator)
researchbrain/core/storage.py:131: in save
    yaml.dump(data, f, default_flow_style=False, sort_keys=False)
../../../../.pyenv/versions/3.10.11/lib/python3.10/site-packages/yaml/__init__.py:253: in dump
    return dump_all([data], stream, Dumper=Dumper, **kwds)
../../../../.pyenv/versions/3.10.11/lib/python3.10/site-packages/yaml/__init__.py:241: in dump_all
    dumper.represent(data)
../../../../.pyenv/versions/3.10.11/lib/python3.10/site-packages/yaml/representer.py:27: in represent
    node = self.represent_data(data)
../../../../.pyenv/versions/3.10.11/lib/python3.10/site-packages/yaml/representer.py:48: in represent_data
    node = self.yaml_representers[data_types[0]](self, data)
../../../../.pyenv/versions/3.10.11/lib/python3.10/site-packages/yaml/representer.py:207: in represent_dict
    return self.represent_mapping('tag:yaml.org,2002:map', data)
../../../../.pyenv/versions/3.10.11/lib/python3.10/site-packages/yaml/representer.py:118: in represent_mapping
    node_value = self.represent_data(item_value)
../../../../.pyenv/versions/3.10.11/lib/python3.10/site-packages/yaml/representer.py:52: in represent_data
    node = self.yaml_multi_representers[data_type](self, data)
_ _ _ _ _ _ _ _ _ _ _ _ _ _ _ _ _ _ _ _ _ _ _ _ _ _ _ _ _ _ _ _ _ _ _ _ _ _ _ _ 

self = <yaml.dumper.Dumper object at 0x7fe4a82937f0>
data = <property object at 0x7fe5ffc8e4d0>

    def represent_object(self, data):
        # We use __reduce__ API to save the data. data.__reduce__ returns
        # a tuple of length 2-5:
        #   (function, args, state, listitems, dictitems)
    
        # For reconstructing, we calls function(*args), then set its state,
        # listitems, and dictitems if they are not None.
    
        # A special case is when function.__name__ == '__newobj__'. In this
        # case we create the object with args[0].__new__(*args).
    
        # Another special case is when __reduce__ returns a string - we don't
        # support it.
    
        # We produce a !!python/object, !!python/object/new or
        # !!python/object/apply node.
    
        cls = type(data)
        if cls in copyreg.dispatch_table:
            reduce = copyreg.dispatch_table[cls](data)
        elif hasattr(data, '__reduce_ex__'):
>           reduce = data.__reduce_ex__(2)
E           TypeError: cannot pickle 'property' object

../../../../.pyenv/versions/3.10.11/lib/python3.10/site-packages/yaml/representer.py:317: TypeError
_ ERROR at setup of TestCollaboration.test_import_collaborator_annotations_with_invalid_data _

self = <tests.academic_researcher.test_collaboration.TestCollaboration object at 0x7fe54fd7b370>
brain = <researchbrain.core.brain.ResearchBrain object at 0x7fe4a84ba1a0>

    @pytest.fixture
    def sample_collaborators(self, brain):
        """Fixture that creates sample collaborators with different roles."""
        collaborators = {}
    
        # Principal Investigator
>       pi_id = brain.create_collaborator(
            name="Dr. Sarah Johnson",
            email="sjohnson@university.edu",
            affiliation="University of Neuroscience",
            role=CollaboratorRole.PRINCIPAL_INVESTIGATOR
        )

tests/academic_researcher/test_collaboration.py:63: 
_ _ _ _ _ _ _ _ _ _ _ _ _ _ _ _ _ _ _ _ _ _ _ _ _ _ _ _ _ _ _ _ _ _ _ _ _ _ _ _ 
researchbrain/core/brain.py:822: in create_collaborator
    self.storage.save(collaborator)
researchbrain/core/storage.py:131: in save
    yaml.dump(data, f, default_flow_style=False, sort_keys=False)
../../../../.pyenv/versions/3.10.11/lib/python3.10/site-packages/yaml/__init__.py:253: in dump
    return dump_all([data], stream, Dumper=Dumper, **kwds)
../../../../.pyenv/versions/3.10.11/lib/python3.10/site-packages/yaml/__init__.py:241: in dump_all
    dumper.represent(data)
../../../../.pyenv/versions/3.10.11/lib/python3.10/site-packages/yaml/representer.py:27: in represent
    node = self.represent_data(data)
../../../../.pyenv/versions/3.10.11/lib/python3.10/site-packages/yaml/representer.py:48: in represent_data
    node = self.yaml_representers[data_types[0]](self, data)
../../../../.pyenv/versions/3.10.11/lib/python3.10/site-packages/yaml/representer.py:207: in represent_dict
    return self.represent_mapping('tag:yaml.org,2002:map', data)
../../../../.pyenv/versions/3.10.11/lib/python3.10/site-packages/yaml/representer.py:118: in represent_mapping
    node_value = self.represent_data(item_value)
../../../../.pyenv/versions/3.10.11/lib/python3.10/site-packages/yaml/representer.py:52: in represent_data
    node = self.yaml_multi_representers[data_type](self, data)
_ _ _ _ _ _ _ _ _ _ _ _ _ _ _ _ _ _ _ _ _ _ _ _ _ _ _ _ _ _ _ _ _ _ _ _ _ _ _ _ 

self = <yaml.dumper.Dumper object at 0x7fe4a84bb1f0>
data = <property object at 0x7fe5ffc8e4d0>

    def represent_object(self, data):
        # We use __reduce__ API to save the data. data.__reduce__ returns
        # a tuple of length 2-5:
        #   (function, args, state, listitems, dictitems)
    
        # For reconstructing, we calls function(*args), then set its state,
        # listitems, and dictitems if they are not None.
    
        # A special case is when function.__name__ == '__newobj__'. In this
        # case we create the object with args[0].__new__(*args).
    
        # Another special case is when __reduce__ returns a string - we don't
        # support it.
    
        # We produce a !!python/object, !!python/object/new or
        # !!python/object/apply node.
    
        cls = type(data)
        if cls in copyreg.dispatch_table:
            reduce = copyreg.dispatch_table[cls](data)
        elif hasattr(data, '__reduce_ex__'):
>           reduce = data.__reduce_ex__(2)
E           TypeError: cannot pickle 'property' object

../../../../.pyenv/versions/3.10.11/lib/python3.10/site-packages/yaml/representer.py:317: TypeError
_____ ERROR at setup of TestCollaboration.test_import_invalid_annotations ______

self = <tests.academic_researcher.test_collaboration.TestCollaboration object at 0x7fe54fd7b550>
brain = <researchbrain.core.brain.ResearchBrain object at 0x7fe4a83aabf0>

    @pytest.fixture
    def sample_collaborators(self, brain):
        """Fixture that creates sample collaborators with different roles."""
        collaborators = {}
    
        # Principal Investigator
>       pi_id = brain.create_collaborator(
            name="Dr. Sarah Johnson",
            email="sjohnson@university.edu",
            affiliation="University of Neuroscience",
            role=CollaboratorRole.PRINCIPAL_INVESTIGATOR
        )

tests/academic_researcher/test_collaboration.py:63: 
_ _ _ _ _ _ _ _ _ _ _ _ _ _ _ _ _ _ _ _ _ _ _ _ _ _ _ _ _ _ _ _ _ _ _ _ _ _ _ _ 
researchbrain/core/brain.py:822: in create_collaborator
    self.storage.save(collaborator)
researchbrain/core/storage.py:131: in save
    yaml.dump(data, f, default_flow_style=False, sort_keys=False)
../../../../.pyenv/versions/3.10.11/lib/python3.10/site-packages/yaml/__init__.py:253: in dump
    return dump_all([data], stream, Dumper=Dumper, **kwds)
../../../../.pyenv/versions/3.10.11/lib/python3.10/site-packages/yaml/__init__.py:241: in dump_all
    dumper.represent(data)
../../../../.pyenv/versions/3.10.11/lib/python3.10/site-packages/yaml/representer.py:27: in represent
    node = self.represent_data(data)
../../../../.pyenv/versions/3.10.11/lib/python3.10/site-packages/yaml/representer.py:48: in represent_data
    node = self.yaml_representers[data_types[0]](self, data)
../../../../.pyenv/versions/3.10.11/lib/python3.10/site-packages/yaml/representer.py:207: in represent_dict
    return self.represent_mapping('tag:yaml.org,2002:map', data)
../../../../.pyenv/versions/3.10.11/lib/python3.10/site-packages/yaml/representer.py:118: in represent_mapping
    node_value = self.represent_data(item_value)
../../../../.pyenv/versions/3.10.11/lib/python3.10/site-packages/yaml/representer.py:52: in represent_data
    node = self.yaml_multi_representers[data_type](self, data)
_ _ _ _ _ _ _ _ _ _ _ _ _ _ _ _ _ _ _ _ _ _ _ _ _ _ _ _ _ _ _ _ _ _ _ _ _ _ _ _ 

self = <yaml.dumper.Dumper object at 0x7fe4a83aa110>
data = <property object at 0x7fe5ffc8e4d0>

    def represent_object(self, data):
        # We use __reduce__ API to save the data. data.__reduce__ returns
        # a tuple of length 2-5:
        #   (function, args, state, listitems, dictitems)
    
        # For reconstructing, we calls function(*args), then set its state,
        # listitems, and dictitems if they are not None.
    
        # A special case is when function.__name__ == '__newobj__'. In this
        # case we create the object with args[0].__new__(*args).
    
        # Another special case is when __reduce__ returns a string - we don't
        # support it.
    
        # We produce a !!python/object, !!python/object/new or
        # !!python/object/apply node.
    
        cls = type(data)
        if cls in copyreg.dispatch_table:
            reduce = copyreg.dispatch_table[cls](data)
        elif hasattr(data, '__reduce_ex__'):
>           reduce = data.__reduce_ex__(2)
E           TypeError: cannot pickle 'property' object

../../../../.pyenv/versions/3.10.11/lib/python3.10/site-packages/yaml/representer.py:317: TypeError
______ ERROR at setup of TestCollaboration.test_annotations_on_citations _______

self = <tests.academic_researcher.test_collaboration.TestCollaboration object at 0x7fe54fd7bc40>
brain = <researchbrain.core.brain.ResearchBrain object at 0x7fe4a83a0fd0>

    @pytest.fixture
    def sample_collaborators(self, brain):
        """Fixture that creates sample collaborators with different roles."""
        collaborators = {}
    
        # Principal Investigator
>       pi_id = brain.create_collaborator(
            name="Dr. Sarah Johnson",
            email="sjohnson@university.edu",
            affiliation="University of Neuroscience",
            role=CollaboratorRole.PRINCIPAL_INVESTIGATOR
        )

tests/academic_researcher/test_collaboration.py:63: 
_ _ _ _ _ _ _ _ _ _ _ _ _ _ _ _ _ _ _ _ _ _ _ _ _ _ _ _ _ _ _ _ _ _ _ _ _ _ _ _ 
researchbrain/core/brain.py:822: in create_collaborator
    self.storage.save(collaborator)
researchbrain/core/storage.py:131: in save
    yaml.dump(data, f, default_flow_style=False, sort_keys=False)
../../../../.pyenv/versions/3.10.11/lib/python3.10/site-packages/yaml/__init__.py:253: in dump
    return dump_all([data], stream, Dumper=Dumper, **kwds)
../../../../.pyenv/versions/3.10.11/lib/python3.10/site-packages/yaml/__init__.py:241: in dump_all
    dumper.represent(data)
../../../../.pyenv/versions/3.10.11/lib/python3.10/site-packages/yaml/representer.py:27: in represent
    node = self.represent_data(data)
../../../../.pyenv/versions/3.10.11/lib/python3.10/site-packages/yaml/representer.py:48: in represent_data
    node = self.yaml_representers[data_types[0]](self, data)
../../../../.pyenv/versions/3.10.11/lib/python3.10/site-packages/yaml/representer.py:207: in represent_dict
    return self.represent_mapping('tag:yaml.org,2002:map', data)
../../../../.pyenv/versions/3.10.11/lib/python3.10/site-packages/yaml/representer.py:118: in represent_mapping
    node_value = self.represent_data(item_value)
../../../../.pyenv/versions/3.10.11/lib/python3.10/site-packages/yaml/representer.py:52: in represent_data
    node = self.yaml_multi_representers[data_type](self, data)
_ _ _ _ _ _ _ _ _ _ _ _ _ _ _ _ _ _ _ _ _ _ _ _ _ _ _ _ _ _ _ _ _ _ _ _ _ _ _ _ 

self = <yaml.dumper.Dumper object at 0x7fe4a83a2d70>
data = <property object at 0x7fe5ffc8e4d0>

    def represent_object(self, data):
        # We use __reduce__ API to save the data. data.__reduce__ returns
        # a tuple of length 2-5:
        #   (function, args, state, listitems, dictitems)
    
        # For reconstructing, we calls function(*args), then set its state,
        # listitems, and dictitems if they are not None.
    
        # A special case is when function.__name__ == '__newobj__'. In this
        # case we create the object with args[0].__new__(*args).
    
        # Another special case is when __reduce__ returns a string - we don't
        # support it.
    
        # We produce a !!python/object, !!python/object/new or
        # !!python/object/apply node.
    
        cls = type(data)
        if cls in copyreg.dispatch_table:
            reduce = copyreg.dispatch_table[cls](data)
        elif hasattr(data, '__reduce_ex__'):
>           reduce = data.__reduce_ex__(2)
E           TypeError: cannot pickle 'property' object

../../../../.pyenv/versions/3.10.11/lib/python3.10/site-packages/yaml/representer.py:317: TypeError
__ ERROR at setup of TestCollaboration.test_maintaining_annotation_integrity ___

self = <tests.academic_researcher.test_collaboration.TestCollaboration object at 0x7fe54fd78e80>
brain = <researchbrain.core.brain.ResearchBrain object at 0x7fe4a8424490>

    @pytest.fixture
    def sample_collaborators(self, brain):
        """Fixture that creates sample collaborators with different roles."""
        collaborators = {}
    
        # Principal Investigator
>       pi_id = brain.create_collaborator(
            name="Dr. Sarah Johnson",
            email="sjohnson@university.edu",
            affiliation="University of Neuroscience",
            role=CollaboratorRole.PRINCIPAL_INVESTIGATOR
        )

tests/academic_researcher/test_collaboration.py:63: 
_ _ _ _ _ _ _ _ _ _ _ _ _ _ _ _ _ _ _ _ _ _ _ _ _ _ _ _ _ _ _ _ _ _ _ _ _ _ _ _ 
researchbrain/core/brain.py:822: in create_collaborator
    self.storage.save(collaborator)
researchbrain/core/storage.py:131: in save
    yaml.dump(data, f, default_flow_style=False, sort_keys=False)
../../../../.pyenv/versions/3.10.11/lib/python3.10/site-packages/yaml/__init__.py:253: in dump
    return dump_all([data], stream, Dumper=Dumper, **kwds)
../../../../.pyenv/versions/3.10.11/lib/python3.10/site-packages/yaml/__init__.py:241: in dump_all
    dumper.represent(data)
../../../../.pyenv/versions/3.10.11/lib/python3.10/site-packages/yaml/representer.py:27: in represent
    node = self.represent_data(data)
../../../../.pyenv/versions/3.10.11/lib/python3.10/site-packages/yaml/representer.py:48: in represent_data
    node = self.yaml_representers[data_types[0]](self, data)
../../../../.pyenv/versions/3.10.11/lib/python3.10/site-packages/yaml/representer.py:207: in represent_dict
    return self.represent_mapping('tag:yaml.org,2002:map', data)
../../../../.pyenv/versions/3.10.11/lib/python3.10/site-packages/yaml/representer.py:118: in represent_mapping
    node_value = self.represent_data(item_value)
../../../../.pyenv/versions/3.10.11/lib/python3.10/site-packages/yaml/representer.py:52: in represent_data
    node = self.yaml_multi_representers[data_type](self, data)
_ _ _ _ _ _ _ _ _ _ _ _ _ _ _ _ _ _ _ _ _ _ _ _ _ _ _ _ _ _ _ _ _ _ _ _ _ _ _ _ 

self = <yaml.dumper.Dumper object at 0x7fe4a8426dd0>
data = <property object at 0x7fe5ffc8e4d0>

    def represent_object(self, data):
        # We use __reduce__ API to save the data. data.__reduce__ returns
        # a tuple of length 2-5:
        #   (function, args, state, listitems, dictitems)
    
        # For reconstructing, we calls function(*args), then set its state,
        # listitems, and dictitems if they are not None.
    
        # A special case is when function.__name__ == '__newobj__'. In this
        # case we create the object with args[0].__new__(*args).
    
        # Another special case is when __reduce__ returns a string - we don't
        # support it.
    
        # We produce a !!python/object, !!python/object/new or
        # !!python/object/apply node.
    
        cls = type(data)
        if cls in copyreg.dispatch_table:
            reduce = copyreg.dispatch_table[cls](data)
        elif hasattr(data, '__reduce_ex__'):
>           reduce = data.__reduce_ex__(2)
E           TypeError: cannot pickle 'property' object

../../../../.pyenv/versions/3.10.11/lib/python3.10/site-packages/yaml/representer.py:317: TypeError
_ ERROR at setup of TestCollaboration.test_collaborative_feedback_integration __

self = <tests.academic_researcher.test_collaboration.TestCollaboration object at 0x7fe54fd781f0>
brain = <researchbrain.core.brain.ResearchBrain object at 0x7fe4a85c85e0>

    @pytest.fixture
    def sample_collaborators(self, brain):
        """Fixture that creates sample collaborators with different roles."""
        collaborators = {}
    
        # Principal Investigator
>       pi_id = brain.create_collaborator(
            name="Dr. Sarah Johnson",
            email="sjohnson@university.edu",
            affiliation="University of Neuroscience",
            role=CollaboratorRole.PRINCIPAL_INVESTIGATOR
        )

tests/academic_researcher/test_collaboration.py:63: 
_ _ _ _ _ _ _ _ _ _ _ _ _ _ _ _ _ _ _ _ _ _ _ _ _ _ _ _ _ _ _ _ _ _ _ _ _ _ _ _ 
researchbrain/core/brain.py:822: in create_collaborator
    self.storage.save(collaborator)
researchbrain/core/storage.py:131: in save
    yaml.dump(data, f, default_flow_style=False, sort_keys=False)
../../../../.pyenv/versions/3.10.11/lib/python3.10/site-packages/yaml/__init__.py:253: in dump
    return dump_all([data], stream, Dumper=Dumper, **kwds)
../../../../.pyenv/versions/3.10.11/lib/python3.10/site-packages/yaml/__init__.py:241: in dump_all
    dumper.represent(data)
../../../../.pyenv/versions/3.10.11/lib/python3.10/site-packages/yaml/representer.py:27: in represent
    node = self.represent_data(data)
../../../../.pyenv/versions/3.10.11/lib/python3.10/site-packages/yaml/representer.py:48: in represent_data
    node = self.yaml_representers[data_types[0]](self, data)
../../../../.pyenv/versions/3.10.11/lib/python3.10/site-packages/yaml/representer.py:207: in represent_dict
    return self.represent_mapping('tag:yaml.org,2002:map', data)
../../../../.pyenv/versions/3.10.11/lib/python3.10/site-packages/yaml/representer.py:118: in represent_mapping
    node_value = self.represent_data(item_value)
../../../../.pyenv/versions/3.10.11/lib/python3.10/site-packages/yaml/representer.py:52: in represent_data
    node = self.yaml_multi_representers[data_type](self, data)
_ _ _ _ _ _ _ _ _ _ _ _ _ _ _ _ _ _ _ _ _ _ _ _ _ _ _ _ _ _ _ _ _ _ _ _ _ _ _ _ 

self = <yaml.dumper.Dumper object at 0x7fe4a85cbee0>
data = <property object at 0x7fe5ffc8e4d0>

    def represent_object(self, data):
        # We use __reduce__ API to save the data. data.__reduce__ returns
        # a tuple of length 2-5:
        #   (function, args, state, listitems, dictitems)
    
        # For reconstructing, we calls function(*args), then set its state,
        # listitems, and dictitems if they are not None.
    
        # A special case is when function.__name__ == '__newobj__'. In this
        # case we create the object with args[0].__new__(*args).
    
        # Another special case is when __reduce__ returns a string - we don't
        # support it.
    
        # We produce a !!python/object, !!python/object/new or
        # !!python/object/apply node.
    
        cls = type(data)
        if cls in copyreg.dispatch_table:
            reduce = copyreg.dispatch_table[cls](data)
        elif hasattr(data, '__reduce_ex__'):
>           reduce = data.__reduce_ex__(2)
E           TypeError: cannot pickle 'property' object

../../../../.pyenv/versions/3.10.11/lib/python3.10/site-packages/yaml/representer.py:317: TypeError
____ ERROR at setup of TestGrantProposals.test_add_items_to_grant_workspace ____

self = <tests.academic_researcher.test_grant_proposals.TestGrantProposals object at 0x7fe54fd79de0>
brain = <researchbrain.core.brain.ResearchBrain object at 0x7fe4a70adf60>

    @pytest.fixture
    def sample_proposal_data(self, brain):
        """Fixture that creates sample data for a grant proposal."""
        # Create research questions
>       question1_id = brain.create_research_question(
            question="How does neuronal activity influence myelination in the developing brain?",
            description="Investigating the relationship between neural firing and oligodendrocyte myelination",
            priority=9
        )

tests/academic_researcher/test_grant_proposals.py:38: 
_ _ _ _ _ _ _ _ _ _ _ _ _ _ _ _ _ _ _ _ _ _ _ _ _ _ _ _ _ _ _ _ _ _ _ _ _ _ _ _ 
researchbrain/core/brain.py:531: in create_research_question
    research_question = ResearchQuestion(
_ _ _ _ _ _ _ _ _ _ _ _ _ _ _ _ _ _ _ _ _ _ _ _ _ _ _ _ _ _ _ _ _ _ _ _ _ _ _ _ 

self = ResearchQuestion()
question = 'How does neuronal activity influence myelination in the developing brain?'
title = 'How does neuronal activity influence myelination in the developing brain?'
content = 'Investigating the relationship between neural firing and oligodendrocyte myelination'
description = 'Investigating the relationship between neural firing and oligodendrocyte myelination'
priority = <Priority.CRITICAL: 'critical'>
kwargs = {'description': 'Investigating the relationship between neural firing and oligodendrocyte myelination', 'knowledge_gap...ty.CRITICAL: 'critical'>, 'question': 'How does neuronal activity influence myelination in the developing brain?', ...}

    def __init__(self, question: str, title: str = "", content: str = "", description: Optional[str] = None, priority: int = 0, **kwargs):
        """Initialize ResearchQuestion with question as title if title not provided."""
        if not title:
            title = question
        if not content and description:
            content = description
    
        kwargs['question'] = question
        kwargs['description'] = description
        kwargs['priority'] = priority
>       super().__init__(title=title, content=content, **kwargs)
E       pydantic_core._pydantic_core.ValidationError: 1 validation error for ResearchQuestion
E       priority
E         Input should be a valid integer, unable to parse string as an integer [type=int_parsing, input_value=<Priority.CRITICAL: 'critical'>, input_type=Priority]
E           For further information visit https://errors.pydantic.dev/2.11/v/int_parsing

researchbrain/core/models.py:136: ValidationError
_____ ERROR at setup of TestGrantProposals.test_adding_items_incrementally _____

self = <tests.academic_researcher.test_grant_proposals.TestGrantProposals object at 0x7fe54fc005e0>
brain = <researchbrain.core.brain.ResearchBrain object at 0x7fe4a826faf0>

    @pytest.fixture
    def sample_proposal_data(self, brain):
        """Fixture that creates sample data for a grant proposal."""
        # Create research questions
>       question1_id = brain.create_research_question(
            question="How does neuronal activity influence myelination in the developing brain?",
            description="Investigating the relationship between neural firing and oligodendrocyte myelination",
            priority=9
        )

tests/academic_researcher/test_grant_proposals.py:38: 
_ _ _ _ _ _ _ _ _ _ _ _ _ _ _ _ _ _ _ _ _ _ _ _ _ _ _ _ _ _ _ _ _ _ _ _ _ _ _ _ 
researchbrain/core/brain.py:531: in create_research_question
    research_question = ResearchQuestion(
_ _ _ _ _ _ _ _ _ _ _ _ _ _ _ _ _ _ _ _ _ _ _ _ _ _ _ _ _ _ _ _ _ _ _ _ _ _ _ _ 

self = ResearchQuestion()
question = 'How does neuronal activity influence myelination in the developing brain?'
title = 'How does neuronal activity influence myelination in the developing brain?'
content = 'Investigating the relationship between neural firing and oligodendrocyte myelination'
description = 'Investigating the relationship between neural firing and oligodendrocyte myelination'
priority = <Priority.CRITICAL: 'critical'>
kwargs = {'description': 'Investigating the relationship between neural firing and oligodendrocyte myelination', 'knowledge_gap...ty.CRITICAL: 'critical'>, 'question': 'How does neuronal activity influence myelination in the developing brain?', ...}

    def __init__(self, question: str, title: str = "", content: str = "", description: Optional[str] = None, priority: int = 0, **kwargs):
        """Initialize ResearchQuestion with question as title if title not provided."""
        if not title:
            title = question
        if not content and description:
            content = description
    
        kwargs['question'] = question
        kwargs['description'] = description
        kwargs['priority'] = priority
>       super().__init__(title=title, content=content, **kwargs)
E       pydantic_core._pydantic_core.ValidationError: 1 validation error for ResearchQuestion
E       priority
E         Input should be a valid integer, unable to parse string as an integer [type=int_parsing, input_value=<Priority.CRITICAL: 'critical'>, input_type=Priority]
E           For further information visit https://errors.pydantic.dev/2.11/v/int_parsing

researchbrain/core/models.py:136: ValidationError
_ ERROR at setup of TestGrantProposals.test_export_grant_proposal_to_markdown __

self = <tests.academic_researcher.test_grant_proposals.TestGrantProposals object at 0x7fe54fc01bd0>
brain = <researchbrain.core.brain.ResearchBrain object at 0x7fe4a83a0040>

    @pytest.fixture
    def sample_proposal_data(self, brain):
        """Fixture that creates sample data for a grant proposal."""
        # Create research questions
>       question1_id = brain.create_research_question(
            question="How does neuronal activity influence myelination in the developing brain?",
            description="Investigating the relationship between neural firing and oligodendrocyte myelination",
            priority=9
        )

tests/academic_researcher/test_grant_proposals.py:38: 
_ _ _ _ _ _ _ _ _ _ _ _ _ _ _ _ _ _ _ _ _ _ _ _ _ _ _ _ _ _ _ _ _ _ _ _ _ _ _ _ 
researchbrain/core/brain.py:531: in create_research_question
    research_question = ResearchQuestion(
_ _ _ _ _ _ _ _ _ _ _ _ _ _ _ _ _ _ _ _ _ _ _ _ _ _ _ _ _ _ _ _ _ _ _ _ _ _ _ _ 

self = ResearchQuestion()
question = 'How does neuronal activity influence myelination in the developing brain?'
title = 'How does neuronal activity influence myelination in the developing brain?'
content = 'Investigating the relationship between neural firing and oligodendrocyte myelination'
description = 'Investigating the relationship between neural firing and oligodendrocyte myelination'
priority = <Priority.CRITICAL: 'critical'>
kwargs = {'description': 'Investigating the relationship between neural firing and oligodendrocyte myelination', 'knowledge_gap...ty.CRITICAL: 'critical'>, 'question': 'How does neuronal activity influence myelination in the developing brain?', ...}

    def __init__(self, question: str, title: str = "", content: str = "", description: Optional[str] = None, priority: int = 0, **kwargs):
        """Initialize ResearchQuestion with question as title if title not provided."""
        if not title:
            title = question
        if not content and description:
            content = description
    
        kwargs['question'] = question
        kwargs['description'] = description
        kwargs['priority'] = priority
>       super().__init__(title=title, content=content, **kwargs)
E       pydantic_core._pydantic_core.ValidationError: 1 validation error for ResearchQuestion
E       priority
E         Input should be a valid integer, unable to parse string as an integer [type=int_parsing, input_value=<Priority.CRITICAL: 'critical'>, input_type=Priority]
E           For further information visit https://errors.pydantic.dev/2.11/v/int_parsing

researchbrain/core/models.py:136: ValidationError
___ ERROR at setup of TestGrantProposals.test_export_grant_proposal_to_yaml ____

self = <tests.academic_researcher.test_grant_proposals.TestGrantProposals object at 0x7fe54fc01db0>
brain = <researchbrain.core.brain.ResearchBrain object at 0x7fe4a835c580>

    @pytest.fixture
    def sample_proposal_data(self, brain):
        """Fixture that creates sample data for a grant proposal."""
        # Create research questions
>       question1_id = brain.create_research_question(
            question="How does neuronal activity influence myelination in the developing brain?",
            description="Investigating the relationship between neural firing and oligodendrocyte myelination",
            priority=9
        )

tests/academic_researcher/test_grant_proposals.py:38: 
_ _ _ _ _ _ _ _ _ _ _ _ _ _ _ _ _ _ _ _ _ _ _ _ _ _ _ _ _ _ _ _ _ _ _ _ _ _ _ _ 
researchbrain/core/brain.py:531: in create_research_question
    research_question = ResearchQuestion(
_ _ _ _ _ _ _ _ _ _ _ _ _ _ _ _ _ _ _ _ _ _ _ _ _ _ _ _ _ _ _ _ _ _ _ _ _ _ _ _ 

self = ResearchQuestion()
question = 'How does neuronal activity influence myelination in the developing brain?'
title = 'How does neuronal activity influence myelination in the developing brain?'
content = 'Investigating the relationship between neural firing and oligodendrocyte myelination'
description = 'Investigating the relationship between neural firing and oligodendrocyte myelination'
priority = <Priority.CRITICAL: 'critical'>
kwargs = {'description': 'Investigating the relationship between neural firing and oligodendrocyte myelination', 'knowledge_gap...ty.CRITICAL: 'critical'>, 'question': 'How does neuronal activity influence myelination in the developing brain?', ...}

    def __init__(self, question: str, title: str = "", content: str = "", description: Optional[str] = None, priority: int = 0, **kwargs):
        """Initialize ResearchQuestion with question as title if title not provided."""
        if not title:
            title = question
        if not content and description:
            content = description
    
        kwargs['question'] = question
        kwargs['description'] = description
        kwargs['priority'] = priority
>       super().__init__(title=title, content=content, **kwargs)
E       pydantic_core._pydantic_core.ValidationError: 1 validation error for ResearchQuestion
E       priority
E         Input should be a valid integer, unable to parse string as an integer [type=int_parsing, input_value=<Priority.CRITICAL: 'critical'>, input_type=Priority]
E           For further information visit https://errors.pydantic.dev/2.11/v/int_parsing

researchbrain/core/models.py:136: ValidationError
___ ERROR at setup of TestGrantProposals.test_grant_proposal_version_history ___

self = <tests.academic_researcher.test_grant_proposals.TestGrantProposals object at 0x7fe54fc01f90>
brain = <researchbrain.core.brain.ResearchBrain object at 0x7fe4a85dc130>

    @pytest.fixture
    def sample_proposal_data(self, brain):
        """Fixture that creates sample data for a grant proposal."""
        # Create research questions
>       question1_id = brain.create_research_question(
            question="How does neuronal activity influence myelination in the developing brain?",
            description="Investigating the relationship between neural firing and oligodendrocyte myelination",
            priority=9
        )

tests/academic_researcher/test_grant_proposals.py:38: 
_ _ _ _ _ _ _ _ _ _ _ _ _ _ _ _ _ _ _ _ _ _ _ _ _ _ _ _ _ _ _ _ _ _ _ _ _ _ _ _ 
researchbrain/core/brain.py:531: in create_research_question
    research_question = ResearchQuestion(
_ _ _ _ _ _ _ _ _ _ _ _ _ _ _ _ _ _ _ _ _ _ _ _ _ _ _ _ _ _ _ _ _ _ _ _ _ _ _ _ 

self = ResearchQuestion()
question = 'How does neuronal activity influence myelination in the developing brain?'
title = 'How does neuronal activity influence myelination in the developing brain?'
content = 'Investigating the relationship between neural firing and oligodendrocyte myelination'
description = 'Investigating the relationship between neural firing and oligodendrocyte myelination'
priority = <Priority.CRITICAL: 'critical'>
kwargs = {'description': 'Investigating the relationship between neural firing and oligodendrocyte myelination', 'knowledge_gap...ty.CRITICAL: 'critical'>, 'question': 'How does neuronal activity influence myelination in the developing brain?', ...}

    def __init__(self, question: str, title: str = "", content: str = "", description: Optional[str] = None, priority: int = 0, **kwargs):
        """Initialize ResearchQuestion with question as title if title not provided."""
        if not title:
            title = question
        if not content and description:
            content = description
    
        kwargs['question'] = question
        kwargs['description'] = description
        kwargs['priority'] = priority
>       super().__init__(title=title, content=content, **kwargs)
E       pydantic_core._pydantic_core.ValidationError: 1 validation error for ResearchQuestion
E       priority
E         Input should be a valid integer, unable to parse string as an integer [type=int_parsing, input_value=<Priority.CRITICAL: 'critical'>, input_type=Priority]
E           For further information visit https://errors.pydantic.dev/2.11/v/int_parsing

researchbrain/core/models.py:136: ValidationError
______ ERROR at setup of TestGrantProposals.test_related_nodes_navigation ______

self = <tests.academic_researcher.test_grant_proposals.TestGrantProposals object at 0x7fe54fc02380>
brain = <researchbrain.core.brain.ResearchBrain object at 0x7fe4a8344c40>

    @pytest.fixture
    def sample_proposal_data(self, brain):
        """Fixture that creates sample data for a grant proposal."""
        # Create research questions
>       question1_id = brain.create_research_question(
            question="How does neuronal activity influence myelination in the developing brain?",
            description="Investigating the relationship between neural firing and oligodendrocyte myelination",
            priority=9
        )

tests/academic_researcher/test_grant_proposals.py:38: 
_ _ _ _ _ _ _ _ _ _ _ _ _ _ _ _ _ _ _ _ _ _ _ _ _ _ _ _ _ _ _ _ _ _ _ _ _ _ _ _ 
researchbrain/core/brain.py:531: in create_research_question
    research_question = ResearchQuestion(
_ _ _ _ _ _ _ _ _ _ _ _ _ _ _ _ _ _ _ _ _ _ _ _ _ _ _ _ _ _ _ _ _ _ _ _ _ _ _ _ 

self = ResearchQuestion()
question = 'How does neuronal activity influence myelination in the developing brain?'
title = 'How does neuronal activity influence myelination in the developing brain?'
content = 'Investigating the relationship between neural firing and oligodendrocyte myelination'
description = 'Investigating the relationship between neural firing and oligodendrocyte myelination'
priority = <Priority.CRITICAL: 'critical'>
kwargs = {'description': 'Investigating the relationship between neural firing and oligodendrocyte myelination', 'knowledge_gap...ty.CRITICAL: 'critical'>, 'question': 'How does neuronal activity influence myelination in the developing brain?', ...}

    def __init__(self, question: str, title: str = "", content: str = "", description: Optional[str] = None, priority: int = 0, **kwargs):
        """Initialize ResearchQuestion with question as title if title not provided."""
        if not title:
            title = question
        if not content and description:
            content = description
    
        kwargs['question'] = question
        kwargs['description'] = description
        kwargs['priority'] = priority
>       super().__init__(title=title, content=content, **kwargs)
E       pydantic_core._pydantic_core.ValidationError: 1 validation error for ResearchQuestion
E       priority
E         Input should be a valid integer, unable to parse string as an integer [type=int_parsing, input_value=<Priority.CRITICAL: 'critical'>, input_type=Priority]
E           For further information visit https://errors.pydantic.dev/2.11/v/int_parsing

researchbrain/core/models.py:136: ValidationError
_ ERROR at setup of TestGrantProposals.test_multi_grant_proposal_organization __

self = <tests.academic_researcher.test_grant_proposals.TestGrantProposals object at 0x7fe54fc02560>
brain = <researchbrain.core.brain.ResearchBrain object at 0x7fe4a85dcaf0>

    @pytest.fixture
    def sample_proposal_data(self, brain):
        """Fixture that creates sample data for a grant proposal."""
        # Create research questions
>       question1_id = brain.create_research_question(
            question="How does neuronal activity influence myelination in the developing brain?",
            description="Investigating the relationship between neural firing and oligodendrocyte myelination",
            priority=9
        )

tests/academic_researcher/test_grant_proposals.py:38: 
_ _ _ _ _ _ _ _ _ _ _ _ _ _ _ _ _ _ _ _ _ _ _ _ _ _ _ _ _ _ _ _ _ _ _ _ _ _ _ _ 
researchbrain/core/brain.py:531: in create_research_question
    research_question = ResearchQuestion(
_ _ _ _ _ _ _ _ _ _ _ _ _ _ _ _ _ _ _ _ _ _ _ _ _ _ _ _ _ _ _ _ _ _ _ _ _ _ _ _ 

self = ResearchQuestion()
question = 'How does neuronal activity influence myelination in the developing brain?'
title = 'How does neuronal activity influence myelination in the developing brain?'
content = 'Investigating the relationship between neural firing and oligodendrocyte myelination'
description = 'Investigating the relationship between neural firing and oligodendrocyte myelination'
priority = <Priority.CRITICAL: 'critical'>
kwargs = {'description': 'Investigating the relationship between neural firing and oligodendrocyte myelination', 'knowledge_gap...ty.CRITICAL: 'critical'>, 'question': 'How does neuronal activity influence myelination in the developing brain?', ...}

    def __init__(self, question: str, title: str = "", content: str = "", description: Optional[str] = None, priority: int = 0, **kwargs):
        """Initialize ResearchQuestion with question as title if title not provided."""
        if not title:
            title = question
        if not content and description:
            content = description
    
        kwargs['question'] = question
        kwargs['description'] = description
        kwargs['priority'] = priority
>       super().__init__(title=title, content=content, **kwargs)
E       pydantic_core._pydantic_core.ValidationError: 1 validation error for ResearchQuestion
E       priority
E         Input should be a valid integer, unable to parse string as an integer [type=int_parsing, input_value=<Priority.CRITICAL: 'critical'>, input_type=Priority]
E           For further information visit https://errors.pydantic.dev/2.11/v/int_parsing

researchbrain/core/models.py:136: ValidationError
______ ERROR at setup of TestOptimizedPerformance.test_basic_performance _______

self = <tests.academic_researcher.test_performance_optimized.TestOptimizedPerformance object at 0x7fe54fc030a0>
temp_data_dir = '/tmp/tmpx4fpa6tw'

    @pytest.fixture
    def brain_with_data(self, temp_data_dir):
        """Fixture that creates a ResearchBrain instance with test data."""
        brain = ResearchBrain(temp_data_dir)
    
        # Create minimal test data - using smaller counts for faster tests
>       self._create_test_data(brain, note_count=10, citation_count=5, question_count=2)

tests/academic_researcher/test_performance_optimized.py:38: 
_ _ _ _ _ _ _ _ _ _ _ _ _ _ _ _ _ _ _ _ _ _ _ _ _ _ _ _ _ _ _ _ _ _ _ _ _ _ _ _ 
tests/academic_researcher/test_performance_optimized.py:86: in _create_test_data
    question_id = brain.create_research_question(
researchbrain/core/brain.py:531: in create_research_question
    research_question = ResearchQuestion(
_ _ _ _ _ _ _ _ _ _ _ _ _ _ _ _ _ _ _ _ _ _ _ _ _ _ _ _ _ _ _ _ _ _ _ _ _ _ _ _ 

self = ResearchQuestion(), question = 'Research question 0?'
title = 'Research question 0?', content = 'Description for research question 0'
description = 'Description for research question 0'
priority = <Priority.LOW: 'low'>
kwargs = {'description': 'Description for research question 0', 'knowledge_gaps': [], 'priority': <Priority.LOW: 'low'>, 'question': 'Research question 0?', ...}

    def __init__(self, question: str, title: str = "", content: str = "", description: Optional[str] = None, priority: int = 0, **kwargs):
        """Initialize ResearchQuestion with question as title if title not provided."""
        if not title:
            title = question
        if not content and description:
            content = description
    
        kwargs['question'] = question
        kwargs['description'] = description
        kwargs['priority'] = priority
>       super().__init__(title=title, content=content, **kwargs)
E       pydantic_core._pydantic_core.ValidationError: 1 validation error for ResearchQuestion
E       priority
E         Input should be a valid integer, unable to parse string as an integer [type=int_parsing, input_value=<Priority.LOW: 'low'>, input_type=Priority]
E           For further information visit https://errors.pydantic.dev/2.11/v/int_parsing

researchbrain/core/models.py:136: ValidationError
____ ERROR at setup of TestStakeholderInsightManager.test_add_relationship _____

stakeholder_samples = [Stakeholder(id=UUID('d048c830-f511-4993-a3ac-4e8b83b96090'), created_at=datetime.datetime(2025, 6, 16, 4, 15, 7, 5760...uence_level=0.7, perspectives=[], interests=['Customer acquisition', 'Competitive features', 'Sales enablement']), ...]

    @pytest.fixture
    def stakeholder_relationship_samples(stakeholder_samples):
        """Generate sample stakeholder relationships."""
        stakeholders = stakeholder_samples
    
        return [
>           StakeholderRelationship(
                id=uuid4(),
                stakeholder1_id=stakeholders[0].id,  # CTO
                stakeholder2_id=stakeholders[1].id,  # VP of Product
                relationship_type="Peer",
                alignment_level=0.7,
                notes="Good working relationship with some disagreements on technical priorities"
            ),
            StakeholderRelationship(
                id=uuid4(),
                stakeholder1_id=stakeholders[1].id,  # VP of Product
                stakeholder2_id=stakeholders[2].id,  # Product Manager
                relationship_type="Manager-Report",
                alignment_level=0.9,
                notes="Strong alignment on product direction"
            ),
            StakeholderRelationship(
                id=uuid4(),
                stakeholder1_id=stakeholders[0].id,  # CTO
                stakeholder2_id=stakeholders[3].id,  # Engineering Manager
                relationship_type="Manager-Report",
                alignment_level=0.8,
                notes="Well-aligned on technical direction"
            ),
            StakeholderRelationship(
                id=uuid4(),
                stakeholder1_id=stakeholders[2].id,  # Product Manager
                stakeholder2_id=stakeholders[4].id,  # UX Designer
                relationship_type="Cross-functional",
                alignment_level=0.7,
                notes="Generally aligned but some tension on design priorities"
            ),
            StakeholderRelationship(
                id=uuid4(),
                stakeholder1_id=stakeholders[1].id,  # VP of Product
                stakeholder2_id=stakeholders[5].id,  # Director of Sales
                relationship_type="Cross-functional",
                alignment_level=0.6,
                notes="Some disagreement on feature priorities vs. sales needs"
            ),
            StakeholderRelationship(
                id=uuid4(),
                stakeholder1_id=stakeholders[2].id,  # Product Manager
                stakeholder2_id=stakeholders[6].id,  # Customer Success Manager
                relationship_type="Cross-functional",
                alignment_level=0.8,
                notes="Strong collaboration on customer needs"
            ),
            StakeholderRelationship(
                id=uuid4(),
                stakeholder1_id=stakeholders[5].id,  # Director of Sales
                stakeholder2_id=stakeholders[7].id,  # Marketing Director
                relationship_type="Peer",
                alignment_level=0.9,
                notes="Very strong alignment on go-to-market strategy"
            )
        ]

tests/product_manager/fixtures/test_data.py:1060: 
_ _ _ _ _ _ _ _ _ _ _ _ _ _ _ _ _ _ _ _ _ _ _ _ _ _ _ _ _ _ _ _ _ _ _ _ _ _ _ _ 

self = StakeholderRelationship()
stakeholder1_id = UUID('d048c830-f511-4993-a3ac-4e8b83b96090')
stakeholder2_id = UUID('b9bf0288-03c4-4b60-ac9b-c4a491ecb1cf')
relationship_type = 'Peer'
kwargs = {'alignment_level': 0.7, 'id': UUID('53bae13c-5954-491e-8d9f-aeba574a526c'), 'notes': 'Good working relationship with some disagreements on technical priorities'}

    def __init__(self, stakeholder1_id: UUID, stakeholder2_id: UUID, relationship_type: str, **kwargs):
>       super().__init__(
            source_id=stakeholder1_id,
            target_id=stakeholder2_id,
            relationship_type=relationship_type,
            **kwargs
        )
E       pydantic_core._pydantic_core.ValidationError: 2 validation errors for StakeholderRelationship
E       stakeholder1_id
E         Field required [type=missing, input_value={'source_id': UUID('d048c...n technical priorities'}, input_type=dict]
E           For further information visit https://errors.pydantic.dev/2.11/v/missing
E       stakeholder2_id
E         Field required [type=missing, input_value={'source_id': UUID('d048c...n technical priorities'}, input_type=dict]
E           For further information visit https://errors.pydantic.dev/2.11/v/missing

productmind/models.py:327: ValidationError
____ ERROR at setup of TestStakeholderInsightManager.test_get_relationship _____

stakeholder_samples = [Stakeholder(id=UUID('cdf80347-c28b-490c-aeef-ee76e25779f0'), created_at=datetime.datetime(2025, 6, 16, 4, 15, 7, 6192...uence_level=0.7, perspectives=[], interests=['Customer acquisition', 'Competitive features', 'Sales enablement']), ...]

    @pytest.fixture
    def stakeholder_relationship_samples(stakeholder_samples):
        """Generate sample stakeholder relationships."""
        stakeholders = stakeholder_samples
    
        return [
>           StakeholderRelationship(
                id=uuid4(),
                stakeholder1_id=stakeholders[0].id,  # CTO
                stakeholder2_id=stakeholders[1].id,  # VP of Product
                relationship_type="Peer",
                alignment_level=0.7,
                notes="Good working relationship with some disagreements on technical priorities"
            ),
            StakeholderRelationship(
                id=uuid4(),
                stakeholder1_id=stakeholders[1].id,  # VP of Product
                stakeholder2_id=stakeholders[2].id,  # Product Manager
                relationship_type="Manager-Report",
                alignment_level=0.9,
                notes="Strong alignment on product direction"
            ),
            StakeholderRelationship(
                id=uuid4(),
                stakeholder1_id=stakeholders[0].id,  # CTO
                stakeholder2_id=stakeholders[3].id,  # Engineering Manager
                relationship_type="Manager-Report",
                alignment_level=0.8,
                notes="Well-aligned on technical direction"
            ),
            StakeholderRelationship(
                id=uuid4(),
                stakeholder1_id=stakeholders[2].id,  # Product Manager
                stakeholder2_id=stakeholders[4].id,  # UX Designer
                relationship_type="Cross-functional",
                alignment_level=0.7,
                notes="Generally aligned but some tension on design priorities"
            ),
            StakeholderRelationship(
                id=uuid4(),
                stakeholder1_id=stakeholders[1].id,  # VP of Product
                stakeholder2_id=stakeholders[5].id,  # Director of Sales
                relationship_type="Cross-functional",
                alignment_level=0.6,
                notes="Some disagreement on feature priorities vs. sales needs"
            ),
            StakeholderRelationship(
                id=uuid4(),
                stakeholder1_id=stakeholders[2].id,  # Product Manager
                stakeholder2_id=stakeholders[6].id,  # Customer Success Manager
                relationship_type="Cross-functional",
                alignment_level=0.8,
                notes="Strong collaboration on customer needs"
            ),
            StakeholderRelationship(
                id=uuid4(),
                stakeholder1_id=stakeholders[5].id,  # Director of Sales
                stakeholder2_id=stakeholders[7].id,  # Marketing Director
                relationship_type="Peer",
                alignment_level=0.9,
                notes="Very strong alignment on go-to-market strategy"
            )
        ]

tests/product_manager/fixtures/test_data.py:1060: 
_ _ _ _ _ _ _ _ _ _ _ _ _ _ _ _ _ _ _ _ _ _ _ _ _ _ _ _ _ _ _ _ _ _ _ _ _ _ _ _ 

self = StakeholderRelationship()
stakeholder1_id = UUID('cdf80347-c28b-490c-aeef-ee76e25779f0')
stakeholder2_id = UUID('892593bd-d252-4698-b029-d5d27bd57e3d')
relationship_type = 'Peer'
kwargs = {'alignment_level': 0.7, 'id': UUID('8f16050f-d8f2-4651-a82b-0fd68daa2451'), 'notes': 'Good working relationship with some disagreements on technical priorities'}

    def __init__(self, stakeholder1_id: UUID, stakeholder2_id: UUID, relationship_type: str, **kwargs):
>       super().__init__(
            source_id=stakeholder1_id,
            target_id=stakeholder2_id,
            relationship_type=relationship_type,
            **kwargs
        )
E       pydantic_core._pydantic_core.ValidationError: 2 validation errors for StakeholderRelationship
E       stakeholder1_id
E         Field required [type=missing, input_value={'source_id': UUID('cdf80...n technical priorities'}, input_type=dict]
E           For further information visit https://errors.pydantic.dev/2.11/v/missing
E       stakeholder2_id
E         Field required [type=missing, input_value={'source_id': UUID('cdf80...n technical priorities'}, input_type=dict]
E           For further information visit https://errors.pydantic.dev/2.11/v/missing

productmind/models.py:327: ValidationError
__ ERROR at setup of TestStakeholderInsightManager.test_get_all_relationships __

stakeholder_samples = [Stakeholder(id=UUID('2e461ee9-3711-4a2f-a060-c118052f90c6'), created_at=datetime.datetime(2025, 6, 16, 4, 15, 7, 6610...uence_level=0.7, perspectives=[], interests=['Customer acquisition', 'Competitive features', 'Sales enablement']), ...]

    @pytest.fixture
    def stakeholder_relationship_samples(stakeholder_samples):
        """Generate sample stakeholder relationships."""
        stakeholders = stakeholder_samples
    
        return [
>           StakeholderRelationship(
                id=uuid4(),
                stakeholder1_id=stakeholders[0].id,  # CTO
                stakeholder2_id=stakeholders[1].id,  # VP of Product
                relationship_type="Peer",
                alignment_level=0.7,
                notes="Good working relationship with some disagreements on technical priorities"
            ),
            StakeholderRelationship(
                id=uuid4(),
                stakeholder1_id=stakeholders[1].id,  # VP of Product
                stakeholder2_id=stakeholders[2].id,  # Product Manager
                relationship_type="Manager-Report",
                alignment_level=0.9,
                notes="Strong alignment on product direction"
            ),
            StakeholderRelationship(
                id=uuid4(),
                stakeholder1_id=stakeholders[0].id,  # CTO
                stakeholder2_id=stakeholders[3].id,  # Engineering Manager
                relationship_type="Manager-Report",
                alignment_level=0.8,
                notes="Well-aligned on technical direction"
            ),
            StakeholderRelationship(
                id=uuid4(),
                stakeholder1_id=stakeholders[2].id,  # Product Manager
                stakeholder2_id=stakeholders[4].id,  # UX Designer
                relationship_type="Cross-functional",
                alignment_level=0.7,
                notes="Generally aligned but some tension on design priorities"
            ),
            StakeholderRelationship(
                id=uuid4(),
                stakeholder1_id=stakeholders[1].id,  # VP of Product
                stakeholder2_id=stakeholders[5].id,  # Director of Sales
                relationship_type="Cross-functional",
                alignment_level=0.6,
                notes="Some disagreement on feature priorities vs. sales needs"
            ),
            StakeholderRelationship(
                id=uuid4(),
                stakeholder1_id=stakeholders[2].id,  # Product Manager
                stakeholder2_id=stakeholders[6].id,  # Customer Success Manager
                relationship_type="Cross-functional",
                alignment_level=0.8,
                notes="Strong collaboration on customer needs"
            ),
            StakeholderRelationship(
                id=uuid4(),
                stakeholder1_id=stakeholders[5].id,  # Director of Sales
                stakeholder2_id=stakeholders[7].id,  # Marketing Director
                relationship_type="Peer",
                alignment_level=0.9,
                notes="Very strong alignment on go-to-market strategy"
            )
        ]

tests/product_manager/fixtures/test_data.py:1060: 
_ _ _ _ _ _ _ _ _ _ _ _ _ _ _ _ _ _ _ _ _ _ _ _ _ _ _ _ _ _ _ _ _ _ _ _ _ _ _ _ 

self = StakeholderRelationship()
stakeholder1_id = UUID('2e461ee9-3711-4a2f-a060-c118052f90c6')
stakeholder2_id = UUID('134545be-7452-435d-8a7c-21f931785b1b')
relationship_type = 'Peer'
kwargs = {'alignment_level': 0.7, 'id': UUID('5a3bd06f-8603-48cd-98df-1e72599f222c'), 'notes': 'Good working relationship with some disagreements on technical priorities'}

    def __init__(self, stakeholder1_id: UUID, stakeholder2_id: UUID, relationship_type: str, **kwargs):
>       super().__init__(
            source_id=stakeholder1_id,
            target_id=stakeholder2_id,
            relationship_type=relationship_type,
            **kwargs
        )
E       pydantic_core._pydantic_core.ValidationError: 2 validation errors for StakeholderRelationship
E       stakeholder1_id
E         Field required [type=missing, input_value={'source_id': UUID('2e461...n technical priorities'}, input_type=dict]
E           For further information visit https://errors.pydantic.dev/2.11/v/missing
E       stakeholder2_id
E         Field required [type=missing, input_value={'source_id': UUID('2e461...n technical priorities'}, input_type=dict]
E           For further information visit https://errors.pydantic.dev/2.11/v/missing

productmind/models.py:327: ValidationError
_ ERROR at setup of TestStakeholderInsightManager.test_get_stakeholder_relationships _

stakeholder_samples = [Stakeholder(id=UUID('6a1de386-2a36-4a89-a488-ba0ae5c60491'), created_at=datetime.datetime(2025, 6, 16, 4, 15, 7, 7573...uence_level=0.7, perspectives=[], interests=['Customer acquisition', 'Competitive features', 'Sales enablement']), ...]

    @pytest.fixture
    def stakeholder_relationship_samples(stakeholder_samples):
        """Generate sample stakeholder relationships."""
        stakeholders = stakeholder_samples
    
        return [
>           StakeholderRelationship(
                id=uuid4(),
                stakeholder1_id=stakeholders[0].id,  # CTO
                stakeholder2_id=stakeholders[1].id,  # VP of Product
                relationship_type="Peer",
                alignment_level=0.7,
                notes="Good working relationship with some disagreements on technical priorities"
            ),
            StakeholderRelationship(
                id=uuid4(),
                stakeholder1_id=stakeholders[1].id,  # VP of Product
                stakeholder2_id=stakeholders[2].id,  # Product Manager
                relationship_type="Manager-Report",
                alignment_level=0.9,
                notes="Strong alignment on product direction"
            ),
            StakeholderRelationship(
                id=uuid4(),
                stakeholder1_id=stakeholders[0].id,  # CTO
                stakeholder2_id=stakeholders[3].id,  # Engineering Manager
                relationship_type="Manager-Report",
                alignment_level=0.8,
                notes="Well-aligned on technical direction"
            ),
            StakeholderRelationship(
                id=uuid4(),
                stakeholder1_id=stakeholders[2].id,  # Product Manager
                stakeholder2_id=stakeholders[4].id,  # UX Designer
                relationship_type="Cross-functional",
                alignment_level=0.7,
                notes="Generally aligned but some tension on design priorities"
            ),
            StakeholderRelationship(
                id=uuid4(),
                stakeholder1_id=stakeholders[1].id,  # VP of Product
                stakeholder2_id=stakeholders[5].id,  # Director of Sales
                relationship_type="Cross-functional",
                alignment_level=0.6,
                notes="Some disagreement on feature priorities vs. sales needs"
            ),
            StakeholderRelationship(
                id=uuid4(),
                stakeholder1_id=stakeholders[2].id,  # Product Manager
                stakeholder2_id=stakeholders[6].id,  # Customer Success Manager
                relationship_type="Cross-functional",
                alignment_level=0.8,
                notes="Strong collaboration on customer needs"
            ),
            StakeholderRelationship(
                id=uuid4(),
                stakeholder1_id=stakeholders[5].id,  # Director of Sales
                stakeholder2_id=stakeholders[7].id,  # Marketing Director
                relationship_type="Peer",
                alignment_level=0.9,
                notes="Very strong alignment on go-to-market strategy"
            )
        ]

tests/product_manager/fixtures/test_data.py:1060: 
_ _ _ _ _ _ _ _ _ _ _ _ _ _ _ _ _ _ _ _ _ _ _ _ _ _ _ _ _ _ _ _ _ _ _ _ _ _ _ _ 

self = StakeholderRelationship()
stakeholder1_id = UUID('6a1de386-2a36-4a89-a488-ba0ae5c60491')
stakeholder2_id = UUID('1559ac15-49ab-41e3-a1ab-d7b96710008d')
relationship_type = 'Peer'
kwargs = {'alignment_level': 0.7, 'id': UUID('049bbccb-23fe-47c3-a5d8-35641f883353'), 'notes': 'Good working relationship with some disagreements on technical priorities'}

    def __init__(self, stakeholder1_id: UUID, stakeholder2_id: UUID, relationship_type: str, **kwargs):
>       super().__init__(
            source_id=stakeholder1_id,
            target_id=stakeholder2_id,
            relationship_type=relationship_type,
            **kwargs
        )
E       pydantic_core._pydantic_core.ValidationError: 2 validation errors for StakeholderRelationship
E       stakeholder1_id
E         Field required [type=missing, input_value={'source_id': UUID('6a1de...n technical priorities'}, input_type=dict]
E           For further information visit https://errors.pydantic.dev/2.11/v/missing
E       stakeholder2_id
E         Field required [type=missing, input_value={'source_id': UUID('6a1de...n technical priorities'}, input_type=dict]
E           For further information visit https://errors.pydantic.dev/2.11/v/missing

productmind/models.py:327: ValidationError
_ ERROR at setup of TestStakeholderInsightManager.test_generate_stakeholder_map _

stakeholder_samples = [Stakeholder(id=UUID('c50f8c4d-2a6b-41b8-a353-fd403f765d6f'), created_at=datetime.datetime(2025, 6, 16, 4, 15, 7, 8048...uence_level=0.7, perspectives=[], interests=['Customer acquisition', 'Competitive features', 'Sales enablement']), ...]

    @pytest.fixture
    def stakeholder_relationship_samples(stakeholder_samples):
        """Generate sample stakeholder relationships."""
        stakeholders = stakeholder_samples
    
        return [
>           StakeholderRelationship(
                id=uuid4(),
                stakeholder1_id=stakeholders[0].id,  # CTO
                stakeholder2_id=stakeholders[1].id,  # VP of Product
                relationship_type="Peer",
                alignment_level=0.7,
                notes="Good working relationship with some disagreements on technical priorities"
            ),
            StakeholderRelationship(
                id=uuid4(),
                stakeholder1_id=stakeholders[1].id,  # VP of Product
                stakeholder2_id=stakeholders[2].id,  # Product Manager
                relationship_type="Manager-Report",
                alignment_level=0.9,
                notes="Strong alignment on product direction"
            ),
            StakeholderRelationship(
                id=uuid4(),
                stakeholder1_id=stakeholders[0].id,  # CTO
                stakeholder2_id=stakeholders[3].id,  # Engineering Manager
                relationship_type="Manager-Report",
                alignment_level=0.8,
                notes="Well-aligned on technical direction"
            ),
            StakeholderRelationship(
                id=uuid4(),
                stakeholder1_id=stakeholders[2].id,  # Product Manager
                stakeholder2_id=stakeholders[4].id,  # UX Designer
                relationship_type="Cross-functional",
                alignment_level=0.7,
                notes="Generally aligned but some tension on design priorities"
            ),
            StakeholderRelationship(
                id=uuid4(),
                stakeholder1_id=stakeholders[1].id,  # VP of Product
                stakeholder2_id=stakeholders[5].id,  # Director of Sales
                relationship_type="Cross-functional",
                alignment_level=0.6,
                notes="Some disagreement on feature priorities vs. sales needs"
            ),
            StakeholderRelationship(
                id=uuid4(),
                stakeholder1_id=stakeholders[2].id,  # Product Manager
                stakeholder2_id=stakeholders[6].id,  # Customer Success Manager
                relationship_type="Cross-functional",
                alignment_level=0.8,
                notes="Strong collaboration on customer needs"
            ),
            StakeholderRelationship(
                id=uuid4(),
                stakeholder1_id=stakeholders[5].id,  # Director of Sales
                stakeholder2_id=stakeholders[7].id,  # Marketing Director
                relationship_type="Peer",
                alignment_level=0.9,
                notes="Very strong alignment on go-to-market strategy"
            )
        ]

tests/product_manager/fixtures/test_data.py:1060: 
_ _ _ _ _ _ _ _ _ _ _ _ _ _ _ _ _ _ _ _ _ _ _ _ _ _ _ _ _ _ _ _ _ _ _ _ _ _ _ _ 

self = StakeholderRelationship()
stakeholder1_id = UUID('c50f8c4d-2a6b-41b8-a353-fd403f765d6f')
stakeholder2_id = UUID('14e7d927-6351-45c5-ae7f-6baacb7ef1dc')
relationship_type = 'Peer'
[...]

tests/product_manager/prioritization/test_framework.py::TestPrioritizationFramework::test_prioritize_features_other_models
  /home/justinchiu_cohere_com/.pyenv/versions/3.10.11/lib/python3.10/site-packages/pydantic/main.py:519: UserWarning: Pydantic serializer warnings:
    PydanticSerializationUnexpectedValue(Expected `uuid` - serialized value may not be as expected [input_value='0b907343-ce4d-42ce-a6f9-4fa659c79e6a', input_type=str])
    PydanticSerializationUnexpectedValue(Expected `uuid` - serialized value may not be as expected [input_value='4f78a9a7-a72f-4b57-b382-16f5fa6a2f1e', input_type=str])
    return self.__pydantic_serializer__.to_json(

tests/product_manager/prioritization/test_framework.py::TestPrioritizationFramework::test_performance_with_large_dataset
  /home/justinchiu_cohere_com/.pyenv/versions/3.10.11/lib/python3.10/site-packages/pydantic/main.py:519: UserWarning: Pydantic serializer warnings:
    PydanticSerializationUnexpectedValue(Expected `uuid` - serialized value may not be as expected [input_value='6ba38aae-c670-49f4-b4d2-84662a8890c6', input_type=str])
    PydanticSerializationUnexpectedValue(Expected `uuid` - serialized value may not be as expected [input_value='bf07a116-0921-47f4-b32a-6be07ff8ba53', input_type=str])
    PydanticSerializationUnexpectedValue(Expected `uuid` - serialized value may not be as expected [input_value='5745c5c5-f6ba-4451-9157-7bf898d31e05', input_type=str])
    PydanticSerializationUnexpectedValue(Expected `uuid` - serialized value may not be as expected [input_value='bb4d261a-68e6-4913-91d9-b433bb812e32', input_type=str])
    PydanticSerializationUnexpectedValue(Expected `uuid` - serialized value may not be as expected [input_value='7044689b-30d0-4ae4-8bd0-3d02e02600e5', input_type=str])
    return self.__pydantic_serializer__.to_json(

tests/product_manager/prioritization/test_framework.py::TestPrioritizationFramework::test_performance_with_large_dataset
  /home/justinchiu_cohere_com/.pyenv/versions/3.10.11/lib/python3.10/site-packages/pydantic/main.py:519: UserWarning: Pydantic serializer warnings:
    PydanticSerializationUnexpectedValue(Expected `uuid` - serialized value may not be as expected [input_value='6ba38aae-c670-49f4-b4d2-84662a8890c6', input_type=str])
    return self.__pydantic_serializer__.to_json(

tests/product_manager/prioritization/test_framework.py::TestPrioritizationFramework::test_performance_with_large_dataset
  /home/justinchiu_cohere_com/.pyenv/versions/3.10.11/lib/python3.10/site-packages/pydantic/main.py:519: UserWarning: Pydantic serializer warnings:
    PydanticSerializationUnexpectedValue(Expected `uuid` - serialized value may not be as expected [input_value='6ba38aae-c670-49f4-b4d2-84662a8890c6', input_type=str])
    PydanticSerializationUnexpectedValue(Expected `uuid` - serialized value may not be as expected [input_value='bf07a116-0921-47f4-b32a-6be07ff8ba53', input_type=str])
    return self.__pydantic_serializer__.to_json(

tests/product_manager/prioritization/test_framework.py::TestPrioritizationFramework::test_performance_with_large_dataset
  /home/justinchiu_cohere_com/.pyenv/versions/3.10.11/lib/python3.10/site-packages/pydantic/main.py:519: UserWarning: Pydantic serializer warnings:
    PydanticSerializationUnexpectedValue(Expected `uuid` - serialized value may not be as expected [input_value='6ba38aae-c670-49f4-b4d2-84662a8890c6', input_type=str])
    PydanticSerializationUnexpectedValue(Expected `uuid` - serialized value may not be as expected [input_value='5745c5c5-f6ba-4451-9157-7bf898d31e05', input_type=str])
    return self.__pydantic_serializer__.to_json(

tests/product_manager/prioritization/test_framework.py::TestPrioritizationFramework::test_performance_with_large_dataset
  /home/justinchiu_cohere_com/.pyenv/versions/3.10.11/lib/python3.10/site-packages/pydantic/main.py:519: UserWarning: Pydantic serializer warnings:
    PydanticSerializationUnexpectedValue(Expected `uuid` - serialized value may not be as expected [input_value='6ba38aae-c670-49f4-b4d2-84662a8890c6', input_type=str])
    PydanticSerializationUnexpectedValue(Expected `uuid` - serialized value may not be as expected [input_value='bf07a116-0921-47f4-b32a-6be07ff8ba53', input_type=str])
    PydanticSerializationUnexpectedValue(Expected `uuid` - serialized value may not be as expected [input_value='bb4d261a-68e6-4913-91d9-b433bb812e32', input_type=str])
    return self.__pydantic_serializer__.to_json(

tests/product_manager/prioritization/test_framework.py::TestPrioritizationFramework::test_performance_with_large_dataset
  /home/justinchiu_cohere_com/.pyenv/versions/3.10.11/lib/python3.10/site-packages/pydantic/main.py:519: UserWarning: Pydantic serializer warnings:
    PydanticSerializationUnexpectedValue(Expected `uuid` - serialized value may not be as expected [input_value='6ba38aae-c670-49f4-b4d2-84662a8890c6', input_type=str])
    PydanticSerializationUnexpectedValue(Expected `uuid` - serialized value may not be as expected [input_value='7044689b-30d0-4ae4-8bd0-3d02e02600e5', input_type=str])
    return self.__pydantic_serializer__.to_json(

tests/product_manager/prioritization/test_framework.py::TestPrioritizationFramework::test_performance_with_large_dataset
  /home/justinchiu_cohere_com/.pyenv/versions/3.10.11/lib/python3.10/site-packages/pydantic/main.py:519: UserWarning: Pydantic serializer warnings:
    PydanticSerializationUnexpectedValue(Expected `uuid` - serialized value may not be as expected [input_value='6ba38aae-c670-49f4-b4d2-84662a8890c6', input_type=str])
    PydanticSerializationUnexpectedValue(Expected `uuid` - serialized value may not be as expected [input_value='bf07a116-0921-47f4-b32a-6be07ff8ba53', input_type=str])
    PydanticSerializationUnexpectedValue(Expected `uuid` - serialized value may not be as expected [input_value='5745c5c5-f6ba-4451-9157-7bf898d31e05', input_type=str])
    return self.__pydantic_serializer__.to_json(

tests/product_manager/prioritization/test_framework.py::TestPrioritizationFramework::test_performance_with_large_dataset
  /home/justinchiu_cohere_com/.pyenv/versions/3.10.11/lib/python3.10/site-packages/pydantic/main.py:519: UserWarning: Pydantic serializer warnings:
    PydanticSerializationUnexpectedValue(Expected `uuid` - serialized value may not be as expected [input_value='6ba38aae-c670-49f4-b4d2-84662a8890c6', input_type=str])
    PydanticSerializationUnexpectedValue(Expected `uuid` - serialized value may not be as expected [input_value='bf07a116-0921-47f4-b32a-6be07ff8ba53', input_type=str])
    PydanticSerializationUnexpectedValue(Expected `uuid` - serialized value may not be as expected [input_value='7044689b-30d0-4ae4-8bd0-3d02e02600e5', input_type=str])
    return self.__pydantic_serializer__.to_json(

tests/product_manager/prioritization/test_framework.py::TestPrioritizationFramework::test_performance_with_large_dataset
  /home/justinchiu_cohere_com/.pyenv/versions/3.10.11/lib/python3.10/site-packages/pydantic/main.py:519: UserWarning: Pydantic serializer warnings:
    PydanticSerializationUnexpectedValue(Expected `uuid` - serialized value may not be as expected [input_value='6ba38aae-c670-49f4-b4d2-84662a8890c6', input_type=str])
    PydanticSerializationUnexpectedValue(Expected `uuid` - serialized value may not be as expected [input_value='bf07a116-0921-47f4-b32a-6be07ff8ba53', input_type=str])
    PydanticSerializationUnexpectedValue(Expected `uuid` - serialized value may not be as expected [input_value='5745c5c5-f6ba-4451-9157-7bf898d31e05', input_type=str])
    PydanticSerializationUnexpectedValue(Expected `uuid` - serialized value may not be as expected [input_value='bb4d261a-68e6-4913-91d9-b433bb812e32', input_type=str])
    return self.__pydantic_serializer__.to_json(

tests/product_manager/prioritization/test_framework.py::TestPrioritizationFramework::test_performance_with_large_dataset
  /home/justinchiu_cohere_com/.pyenv/versions/3.10.11/lib/python3.10/site-packages/pydantic/main.py:519: UserWarning: Pydantic serializer warnings:
    PydanticSerializationUnexpectedValue(Expected `uuid` - serialized value may not be as expected [input_value='6ba38aae-c670-49f4-b4d2-84662a8890c6', input_type=str])
    PydanticSerializationUnexpectedValue(Expected `uuid` - serialized value may not be as expected [input_value='5745c5c5-f6ba-4451-9157-7bf898d31e05', input_type=str])
    PydanticSerializationUnexpectedValue(Expected `uuid` - serialized value may not be as expected [input_value='7044689b-30d0-4ae4-8bd0-3d02e02600e5', input_type=str])
    return self.__pydantic_serializer__.to_json(

tests/product_manager/prioritization/test_framework.py::TestPrioritizationFramework::test_performance_with_large_dataset
  /home/justinchiu_cohere_com/.pyenv/versions/3.10.11/lib/python3.10/site-packages/pydantic/main.py:519: UserWarning: Pydantic serializer warnings:
    PydanticSerializationUnexpectedValue(Expected `uuid` - serialized value may not be as expected [input_value='6ba38aae-c670-49f4-b4d2-84662a8890c6', input_type=str])
    PydanticSerializationUnexpectedValue(Expected `uuid` - serialized value may not be as expected [input_value='bf07a116-0921-47f4-b32a-6be07ff8ba53', input_type=str])
    PydanticSerializationUnexpectedValue(Expected `uuid` - serialized value may not be as expected [input_value='bb4d261a-68e6-4913-91d9-b433bb812e32', input_type=str])
    PydanticSerializationUnexpectedValue(Expected `uuid` - serialized value may not be as expected [input_value='7044689b-30d0-4ae4-8bd0-3d02e02600e5', input_type=str])
    return self.__pydantic_serializer__.to_json(

tests/product_manager/prioritization/test_framework.py::TestPrioritizationFramework::test_performance_with_large_dataset
  /home/justinchiu_cohere_com/.pyenv/versions/3.10.11/lib/python3.10/site-packages/pydantic/main.py:519: UserWarning: Pydantic serializer warnings:
    PydanticSerializationUnexpectedValue(Expected `uuid` - serialized value may not be as expected [input_value='6ba38aae-c670-49f4-b4d2-84662a8890c6', input_type=str])
    PydanticSerializationUnexpectedValue(Expected `uuid` - serialized value may not be as expected [input_value='bf07a116-0921-47f4-b32a-6be07ff8ba53', input_type=str])
    PydanticSerializationUnexpectedValue(Expected `uuid` - serialized value may not be as expected [input_value='5745c5c5-f6ba-4451-9157-7bf898d31e05', input_type=str])
    PydanticSerializationUnexpectedValue(Expected `uuid` - serialized value may not be as expected [input_value='7044689b-30d0-4ae4-8bd0-3d02e02600e5', input_type=str])
    return self.__pydantic_serializer__.to_json(

-- Docs: https://docs.pytest.org/en/stable/how-to/capture-warnings.html
--------------------------------- JSON report ----------------------------------
report saved to: report.json
================================ tests coverage ================================
_______________ coverage: platform linux, python 3.10.11-final-0 _______________

Name                                                         Stmts   Miss  Cover   Missing
------------------------------------------------------------------------------------------
researchbrain/__init__.py                                        0      0   100%
researchbrain/__main__.py                                        3      1    67%   6
researchbrain/citations/__init__.py                              0      0   100%
researchbrain/citations/formatters.py                          371     60    84%   19, 101, 153, 192, 197-201, 207, 217, 254, 258, 263-267, 273, 283, 315, 329, 331, 337, 383, 385-389, 397, 429, 438-442, 444-448, 456, 477, 479, 481, 483, 485, 487, 513-514, 561-574, 606
researchbrain/citations/parsers.py                             225     38    83%   43, 47, 67, 76, 111, 128, 157, 164, 170-171, 177, 211-220, 262, 270, 275-278, 281, 295-296, 332-341, 346
researchbrain/cli.py                                           692    515    26%   239, 241, 243, 247, 249, 253, 265-267, 289-401, 411-530, 540-670, 681-682, 685-701, 705-717, 720-732, 735-782, 785-810, 833-1032, 1042-1073, 1091-1198, 1208-1235, 1239
researchbrain/collaboration/__init__.py                          0      0   100%
researchbrain/core/__init__.py                                   0      0   100%
researchbrain/core/brain.py                                    727    409    44%   63, 66, 69, 72, 75, 81, 85, 89-90, 96, 100-120, 128-138, 142-156, 160-161, 165-173, 180-188, 228, 260, 270-304, 310-318, 321-325, 347, 358-368, 372-374, 378-380, 415, 475, 479-484, 493-496, 500, 525, 542-547, 567-601, 641, 699-727, 741, 747-759, 785, 823, 839-855, 866, 878-992, 1004-1026, 1039, 1057-1064, 1085-1092, 1113, 1130-1141, 1157, 1180-1182, 1197-1198, 1236, 1254-1259, 1273-1284, 1302, 1351, 1359, 1395-1406, 1420-1444, 1455-1472, 1486-1507, 1516-1569, 1580-1620, 1644-1692
researchbrain/core/models.py                                   198     21    89%   140-145, 197, 230-232, 261, 266, 270-276, 293, 298
researchbrain/core/storage.py                                  444     83    81%   78, 161, 163, 184, 186, 188, 231-232, 238-239, 253-254, 260-263, 272, 303, 310-311, 318-329, 406, 438-440, 484-487, 518-519, 534, 576, 633-636, 642-643, 668, 682, 709-712, 718-719, 732, 781-782, 809, 831-834, 869-892, 903-904, 913-915, 928-937
researchbrain/experiments/__init__.py                            0      0   100%
researchbrain/experiments/template_definitions/__init__.py       0      0   100%
researchbrain/experiments/templates.py                          76     11    86%   24-26, 42-43, 53-54, 70, 78-79, 127-130
researchbrain/grants/__init__.py                                 0      0   100%
researchbrain/grants/export.py                                  63      1    98%   251
researchbrain/notes/__init__.py                                  0      0   100%
researchbrain/research/__init__.py                               0      0   100%
------------------------------------------------------------------------------------------
TOTAL                                                         2799   1139    59%
=========================== short test summary info ============================
FAILED tests/academic_researcher/core/test_brain.py::TestResearchBrain::test_create_research_question_and_add_evidence
FAILED tests/academic_researcher/core/test_brain.py::TestResearchBrain::test_create_experiment
FAILED tests/academic_researcher/core/test_brain.py::TestResearchBrain::test_create_grant_proposal_and_add_items
FAILED tests/academic_researcher/core/test_brain.py::TestResearchBrain::test_search
FAILED tests/academic_researcher/core/test_brain.py::TestResearchBrain::test_get_related_nodes
FAILED tests/academic_researcher/core/test_brain.py::TestResearchBrain::test_create_collaborator_and_annotation
FAILED tests/academic_researcher/core/test_brain.py::TestResearchBrain::test_knowledge_graph_structure
FAILED tests/academic_researcher/core/test_models.py::TestKnowledgeNode::test_update_method
FAILED tests/academic_researcher/core/test_models.py::TestExperiment::test_init_full
FAILED tests/academic_researcher/core/test_models.py::TestExperiment::test_end_date_validation
FAILED tests/academic_researcher/test_bidirectional_linking.py::TestBidirectionalLinking::test_removing_citation_links
FAILED tests/academic_researcher/test_bidirectional_linking.py::TestBidirectionalLinking::test_circular_navigation
FAILED tests/academic_researcher/test_collaboration.py::TestCollaboration::test_create_collaborator
FAILED tests/academic_researcher/test_experiment_templates.py::TestExperimentTemplates::test_experiment_linking_to_research_question
FAILED tests/academic_researcher/test_grant_proposals.py::TestGrantProposals::test_budget_and_timeline_management
FAILED tests/academic_researcher/test_research_questions.py::TestResearchQuestions::test_create_research_question
FAILED tests/academic_researcher/test_research_questions.py::TestResearchQuestions::test_adding_supporting_evidence
FAILED tests/academic_researcher/test_research_questions.py::TestResearchQuestions::test_adding_contradicting_evidence
FAILED tests/academic_researcher/test_research_questions.py::TestResearchQuestions::test_balanced_evidence_evaluation
FAILED tests/academic_researcher/test_research_questions.py::TestResearchQuestions::test_evidence_strength_levels
FAILED tests/academic_researcher/test_research_questions.py::TestResearchQuestions::test_evidence_with_multiple_citations
FAILED tests/academic_researcher/test_research_questions.py::TestResearchQuestions::test_related_questions
FAILED tests/academic_researcher/test_research_questions.py::TestResearchQuestions::test_identifying_knowledge_gaps
FAILED tests/academic_researcher/test_workflows.py::TestUserWorkflows::test_workflow_research_question_analysis
FAILED tests/academic_researcher/test_workflows.py::TestUserWorkflows::test_workflow_grant_proposal_assembly
FAILED tests/academic_researcher/test_workflows.py::TestUserWorkflows::test_workflow_collaborative_annotation
FAILED tests/academic_researcher/test_workflows.py::TestUserWorkflows::test_workflow_experiment_documentation
FAILED tests/product_manager/decision_registry/test_registry.py::TestDecisionRegistry::test_get_decision
FAILED tests/product_manager/decision_registry/test_registry.py::TestDecisionRegistry::test_export_decision
ERROR tests/academic_researcher/test_collaboration.py::TestCollaboration::test_add_annotations
ERROR tests/academic_researcher/test_collaboration.py::TestCollaboration::test_multiple_annotations_from_same_collaborator
ERROR tests/academic_researcher/test_collaboration.py::TestCollaboration::test_annotations_on_multiple_documents
ERROR tests/academic_researcher/test_collaboration.py::TestCollaboration::test_import_collaborator_annotations
ERROR tests/academic_researcher/test_collaboration.py::TestCollaboration::test_import_collaborator_annotations_with_replies
ERROR tests/academic_researcher/test_collaboration.py::TestCollaboration::test_import_collaborator_annotations_with_invalid_data
ERROR tests/academic_researcher/test_collaboration.py::TestCollaboration::test_import_invalid_annotations
ERROR tests/academic_researcher/test_collaboration.py::TestCollaboration::test_annotations_on_citations
ERROR tests/academic_researcher/test_collaboration.py::TestCollaboration::test_maintaining_annotation_integrity
ERROR tests/academic_researcher/test_collaboration.py::TestCollaboration::test_collaborative_feedback_integration
ERROR tests/academic_researcher/test_grant_proposals.py::TestGrantProposals::test_add_items_to_grant_workspace
ERROR tests/academic_researcher/test_grant_proposals.py::TestGrantProposals::test_adding_items_incrementally
ERROR tests/academic_researcher/test_grant_proposals.py::TestGrantProposals::test_export_grant_proposal_to_markdown
ERROR tests/academic_researcher/test_grant_proposals.py::TestGrantProposals::test_export_grant_proposal_to_yaml
ERROR tests/academic_researcher/test_grant_proposals.py::TestGrantProposals::test_grant_proposal_version_history
ERROR tests/academic_researcher/test_grant_proposals.py::TestGrantProposals::test_related_nodes_navigation
ERROR tests/academic_researcher/test_grant_proposals.py::TestGrantProposals::test_multi_grant_proposal_organization
ERROR tests/academic_researcher/test_performance_optimized.py::TestOptimizedPerformance::test_basic_performance
ERROR tests/product_manager/stakeholder_insights/test_manager.py::TestStakeholderInsightManager::test_add_relationship
ERROR tests/product_manager/stakeholder_insights/test_manager.py::TestStakeholderInsightManager::test_get_relationship
ERROR tests/product_manager/stakeholder_insights/test_manager.py::TestStakeholderInsightManager::test_get_all_relationships
ERROR tests/product_manager/stakeholder_insights/test_manager.py::TestStakeholderInsightManager::test_get_stakeholder_relationships
ERROR tests/product_manager/stakeholder_insights/test_manager.py::TestStakeholderInsightManager::test_generate_stakeholder_map
============ 29 failed, 205 passed, 36 warnings, 23 errors in 8.55s ============
