============================= test session starts ==============================
platform linux -- Python 3.10.11, pytest-8.3.5, pluggy-1.5.0
rootdir: /home/justinchiu_cohere_com/minicode/large_repos/concurrent_task_scheduler/unified
configfile: pyproject.toml
plugins: anyio-4.9.0, metadata-3.1.1, json-report-1.5.0, cov-6.1.1
collected 358 items

tests/render_farm_manager/integration/test_audit_logging.py ...          [  0%]
tests/render_farm_manager/integration/test_circular_dependency_patch.py . [  1%]
                                                                         [  1%]
tests/render_farm_manager/integration/test_energy_modes.py ..            [  1%]
tests/render_farm_manager/integration/test_energy_modes_fixed.py .       [  1%]
tests/render_farm_manager/integration/test_error_recovery.py ...         [  2%]
tests/render_farm_manager/integration/test_error_recovery_fixed.py F     [  3%]
tests/render_farm_manager/integration/test_error_recovery_fixed_complete.py . [  3%]
F                                                                        [  3%]
tests/render_farm_manager/integration/test_error_recovery_fixed_full.py . [  3%]
..                                                                       [  4%]
tests/render_farm_manager/integration/test_fault_tolerance.py F          [  4%]
tests/render_farm_manager/integration/test_fault_tolerance_fixed.py F    [  5%]
tests/render_farm_manager/integration/test_job_dependencies.py ...       [  5%]
tests/render_farm_manager/integration/test_job_dependencies_fixed.py .F  [  6%]
tests/render_farm_manager/integration/test_job_dependencies_fixed_direct.py . [  6%]
FF                                                                       [  7%]
tests/render_farm_manager/integration/test_job_dependencies_fixed_direct_complete.py F [  7%]
.                                                                        [  7%]
tests/render_farm_manager/integration/test_job_dependencies_fixed_full.py F [  8%]
F.                                                                       [  8%]
tests/render_farm_manager/integration/test_job_dependencies_scheduling_patch.py F [  8%]
                                                                         [  8%]
tests/render_farm_manager/integration/test_job_dependencies_simple.py F. [  9%]
                                                                         [  9%]
tests/render_farm_manager/integration/test_job_dependencies_simple_fixed.py F [  9%]
.                                                                        [ 10%]
tests/render_farm_manager/integration/test_job_dependencies_simple_patched.py F [ 10%]
.                                                                        [ 10%]
tests/render_farm_manager/integration/test_job_dependencies_with_monkey_patch.py F [ 10%]
                                                                         [ 10%]
tests/render_farm_manager/integration/test_job_dependencies_with_monkey_patch_all.py . [ 11%]
F.                                                                       [ 11%]
tests/render_farm_manager/integration/test_priority_inheritance_patch.py . [ 12%]
                                                                         [ 12%]
tests/render_farm_manager/integration/test_render_farm_manager.py ....FF [ 13%]
FF.F.F                                                                   [ 15%]
tests/render_farm_manager/performance/test_performance.py F.F            [ 16%]
tests/render_farm_manager/unit/test_deadline_scheduler.py .FFFF...FFF    [ 19%]
tests/render_farm_manager/unit/test_deadline_scheduler_fixed.py F        [ 19%]
tests/render_farm_manager/unit/test_deadline_scheduler_full.py .         [ 19%]
tests/render_farm_manager/unit/test_energy_optimizer.py .F....F....      [ 22%]
tests/render_farm_manager/unit/test_node_specialization.py .FFF..FF.F.   [ 25%]
tests/render_farm_manager/unit/test_progressive_renderer.py ........F... [ 29%]
                                                                         [ 29%]
tests/render_farm_manager/unit/test_resource_borrowing.py ..             [ 29%]
tests/render_farm_manager/unit/test_resource_borrowing_fixed.py ..       [ 30%]
tests/render_farm_manager/unit/test_resource_partitioner.py ....E.....   [ 33%]
tests/scientific_computing/dependency_tracking/test_dependency_tracker.py . [ 33%]
................F.F...F.F.FFFFFF                                         [ 42%]
tests/scientific_computing/failure_resilience/test_checkpoint_manager.py . [ 42%]
......x..x.                                                              [ 45%]
tests/scientific_computing/failure_resilience/test_failure_detector.py . [ 46%]
.F........F........                                                      [ 51%]
tests/scientific_computing/failure_resilience/test_failure_resilience.py . [ 51%]
FE.FE.................x                                                  [ 58%]
tests/scientific_computing/failure_resilience/test_resilience_coordinator.py . [ 58%]
............Xx                                                           [ 62%]
tests/scientific_computing/job_management/test_long_running_job_manager.py F [ 62%]
.FFFFFFFFFF.F.....                                                       [ 67%]
tests/scientific_computing/resource_forecasting/test_data_collector.py . [ 67%]
.......                                                                  [ 69%]
tests/scientific_computing/resource_forecasting/test_forecaster.py ..... [ 71%]
..                                                                       [ 71%]
tests/scientific_computing/resource_forecasting/test_optimizer.py ...... [ 73%]
..                                                                       [ 74%]
tests/scientific_computing/resource_forecasting/test_reporter.py ......  [ 75%]
tests/scientific_computing/scenario_management/test_advanced_priority_management.py . [ 75%]
................                                                         [ 80%]
tests/scientific_computing/scenario_management/test_comparator.py ...... [ 82%]
...                                                                      [ 82%]
tests/scientific_computing/scenario_management/test_evaluator.py ....... [ 84%]
.                                                                        [ 85%]
tests/scientific_computing/scenario_management/test_priority_manager.py . [ 85%]
..........                                                               [ 88%]
tests/scientific_computing/scenario_management/test_scenario_management_integration.py . [ 88%]
...                                                                      [ 89%]
tests/scientific_computing/scenario_management/test_scenario_model.py .. [ 89%]
...............                                                          [ 94%]
tests/scientific_computing/test_full_system_integration.py ....          [ 95%]
tests/scientific_computing/test_priority_manager.py .............        [ 98%]
tests/scientific_computing/test_scenario_management_integration.py ....  [100%]

==================================== ERRORS ====================================
_______________ ERROR at setup of test_calculate_resource_usage ________________

    @pytest.fixture
    def jobs():
        """Create a list of test render jobs for different clients."""
        now = datetime.now()
    
>       return [
            # Premium client jobs
            RenderJob(
                id=f"premium-job-{i}",
                name=f"Premium Job {i}",
                client_id="premium-client",
                status=RenderJobStatus.PENDING if i % 3 != 0 else RenderJobStatus.RUNNING,
                job_type="animation" if i % 2 == 0 else "vfx",
                priority="high" if i % 2 == 0 else "medium",
                submission_time=now - timedelta(hours=i),
                deadline=now + timedelta(hours=24 - i),
                estimated_duration_hours=8,
                progress=0.0 if i % 3 != 0 else 50.0,
                requires_gpu=i % 2 == 0,
                memory_requirements_gb=32,
                cpu_requirements=16,
                scene_complexity=7,
                dependencies=[],
                assigned_node_id=f"node-{i}" if i % 3 == 0 else None,
                output_path=f"/renders/premium-job-{i}/",
                error_count=0,
            )
            for i in range(5)
        ] + [
            # Standard client jobs
            RenderJob(
                id=f"standard-job-{i}",
                name=f"Standard Job {i}",
                client_id="standard-client",
                status=RenderJobStatus.PENDING if i % 4 != 0 else RenderJobStatus.RUNNING,
                job_type="lighting" if i % 2 == 0 else "compositing",
                priority="medium" if i % 2 == 0 else "low",
                submission_time=now - timedelta(hours=i),
                deadline=now + timedelta(hours=48 - i),
                estimated_duration_hours=6,
                progress=0.0 if i % 4 != 0 else 30.0,
                requires_gpu=i % 3 == 0,
                memory_requirements_gb=16,
                cpu_requirements=8,
                scene_complexity=5,
                dependencies=[],
                assigned_node_id=f"node-{i+5}" if i % 4 == 0 else None,
                output_path=f"/renders/standard-job-{i}/",
                error_count=0,
            )
            for i in range(4)
        ] + [
            # Basic client jobs
            RenderJob(
                id=f"basic-job-{i}",
                name=f"Basic Job {i}",
                client_id="basic-client",
                status=RenderJobStatus.PENDING if i % 3 != 0 else RenderJobStatus.RUNNING,
                job_type="simulation" if i % 2 == 0 else "texture_baking",
                priority="low",
                submission_time=now - timedelta(hours=i),
                deadline=now + timedelta(hours=72 - i),
                estimated_duration_hours=4,
                progress=0.0 if i % 3 != 0 else 25.0,
                requires_gpu=i % 2 == 0,
                memory_requirements_gb=8,
                cpu_requirements=4,
                scene_complexity=3,
                dependencies=[],
                assigned_node_id=f"node-{i+10}" if i % 3 == 0 else None,
                output_path=f"/renders/basic-job-{i}/",
                error_count=0,
            )
            for i in range(3)
        ]

tests/render_farm_manager/unit/test_resource_partitioner.py:100: 
_ _ _ _ _ _ _ _ _ _ _ _ _ _ _ _ _ _ _ _ _ _ _ _ _ _ _ _ _ _ _ _ _ _ _ _ _ _ _ _ 
tests/render_farm_manager/unit/test_resource_partitioner.py:102: in <listcomp>
    RenderJob(
_ _ _ _ _ _ _ _ _ _ _ _ _ _ _ _ _ _ _ _ _ _ _ _ _ _ _ _ _ _ _ _ _ _ _ _ _ _ _ _ 

self = RenderJob()
data = {'assigned_node_id': 'node-0', 'client_id': 'premium-client', 'cpu_requirements': 16, 'deadline': datetime.datetime(2025, 6, 17, 4, 16, 45, 327773), ...}
status_map = {<RenderJobStatus.CANCELLED: 'cancelled'>: <TaskStatus.CANCELLED: 'cancelled'>, <RenderJobStatus.COMPLETED: 'completed...ILED: 'failed'>: <TaskStatus.FAILED: 'failed'>, <RenderJobStatus.PAUSED: 'paused'>: <TaskStatus.PAUSED: 'paused'>, ...}
resource_requirements = {'cpu': 16, 'gpu': 1, 'memory': 32}

    def __init__(self, **data):
        # Convert render-specific fields to base task format
        if 'estimated_duration_hours' in data:
            data['estimated_duration'] = timedelta(hours=data.pop('estimated_duration_hours'))
        if 'priority' in data and isinstance(data['priority'], JobPriority):
            priority_map = {
                JobPriority.LOW: Priority.LOW,
                JobPriority.MEDIUM: Priority.MEDIUM,
                JobPriority.HIGH: Priority.HIGH,
                JobPriority.CRITICAL: Priority.CRITICAL
            }
            data['priority'] = priority_map[data['priority']]
        if 'status' in data and isinstance(data['status'], RenderJobStatus):
            status_map = {
                RenderJobStatus.PENDING: TaskStatus.PENDING,
                RenderJobStatus.QUEUED: TaskStatus.QUEUED,
                RenderJobStatus.RUNNING: TaskStatus.RUNNING,
                RenderJobStatus.PAUSED: TaskStatus.PAUSED,
                RenderJobStatus.COMPLETED: TaskStatus.COMPLETED,
                RenderJobStatus.FAILED: TaskStatus.FAILED,
                RenderJobStatus.CANCELLED: TaskStatus.CANCELLED
            }
            data['status'] = status_map[data['status']]
    
        # Store render-specific requirements in metadata
        resource_requirements = {}
        if 'cpu_requirements' in data:
            resource_requirements['cpu'] = data['cpu_requirements']
        if 'memory_requirements_gb' in data:
            resource_requirements['memory'] = data['memory_requirements_gb']
        if 'requires_gpu' in data and data['requires_gpu']:
            resource_requirements['gpu'] = 1
    
        if 'metadata' not in data:
            data['metadata'] = {}
        data['metadata']['resource_requirements'] = resource_requirements
        data['metadata']['deadline'] = data['deadline'].isoformat() if 'deadline' in data else None
    
>       super().__init__(**data)
E       pydantic_core._pydantic_core.ValidationError: 1 validation error for RenderJob
E       priority
E         Input should be 1, 2, 3 or 4 [type=enum, input_value='high', input_type=str]
E           For further information visit https://errors.pydantic.dev/2.11/v/enum

render_farm_manager/core/models.py:192: ValidationError
______ ERROR at setup of TestFailureDetector.test_check_simulation_health ______

self = <tests.scientific_computing.failure_resilience.test_failure_resilience.TestFailureDetector object at 0x7f49517d76d0>

    @pytest.fixture
    def mock_simulation(self):
        """Create a mock simulation for testing."""
        sim = MockSimulation(
            id="sim-123",
            name="Test Simulation",
            description="A test simulation",
            status=SimulationStatus.RUNNING,
            priority=SimulationPriority.HIGH,
            stages={}
        )
    
        # Add a stage
        stage = SimulationStage(
            id="stage-1",
            name="Processing Stage",
            status=SimulationStageStatus.RUNNING,
            progress=0.5,
            estimated_duration=timedelta(hours=2),
        )
        sim.stages = {"stage-1": stage}
    
        # Mock the start time
>       stage.start_time = datetime.now() - timedelta(minutes=30)  # Started 30 minutes ago

tests/scientific_computing/failure_resilience/test_failure_resilience.py:105: 
_ _ _ _ _ _ _ _ _ _ _ _ _ _ _ _ _ _ _ _ _ _ _ _ _ _ _ _ _ _ _ _ _ _ _ _ _ _ _ _ 
../../../../.pyenv/versions/3.10.11/lib/python3.10/site-packages/pydantic/main.py:995: in __setattr__
    elif (setattr_handler := self._setattr_handler(name, value)) is not None:
_ _ _ _ _ _ _ _ _ _ _ _ _ _ _ _ _ _ _ _ _ _ _ _ _ _ _ _ _ _ _ _ _ _ _ _ _ _ _ _ 

self = SimulationStage(id='stage-1', name='Processing Stage', status=<TaskStatus.RUNNING: 'running'>, priority=<Priority.MEDI...kpoint_frequency=datetime.timedelta(seconds=3600), last_checkpoint_time=None, checkpoint_path=None, error_message=None)
name = 'start_time', value = datetime.datetime(2025, 6, 16, 3, 46, 45, 861857)

    def _setattr_handler(self, name: str, value: Any) -> Callable[[BaseModel, str, Any], None] | None:
        """Get a handler for setting an attribute on the model instance.
    
        Returns:
            A handler for setting an attribute on the model instance. Used for memoization of the handler.
            Memoizing the handlers leads to a dramatic performance improvement in `__setattr__`
            Returns `None` when memoization is not safe, then the attribute is set directly.
        """
        cls = self.__class__
        if name in cls.__class_vars__:
            raise AttributeError(
                f'{name!r} is a ClassVar of `{cls.__name__}` and cannot be set on an instance. '
                f'If you want to set a value on the class, use `{cls.__name__}.{name} = value`.'
            )
        elif not _fields.is_valid_field_name(name):
            if (attribute := cls.__private_attributes__.get(name)) is not None:
                if hasattr(attribute, '__set__'):
                    return lambda model, _name, val: attribute.__set__(model, val)
                else:
                    return _SIMPLE_SETATTR_HANDLERS['private']
            else:
                _object_setattr(self, name, value)
                return None  # Can not return memoized handler with possibly freeform attr names
    
        attr = getattr(cls, name, None)
        # NOTE: We currently special case properties and `cached_property`, but we might need
        # to generalize this to all data/non-data descriptors at some point. For non-data descriptors
        # (such as `cached_property`), it isn't obvious though. `cached_property` caches the value
        # to the instance's `__dict__`, but other non-data descriptors might do things differently.
        if isinstance(attr, cached_property):
            return _SIMPLE_SETATTR_HANDLERS['cached_property']
    
        _check_frozen(cls, name, value)
    
        # We allow properties to be set only on non frozen models for now (to match dataclasses).
        # This can be changed if it ever gets requested.
        if isinstance(attr, property):
            return lambda model, _name, val: attr.__set__(model, val)
        elif cls.model_config.get('validate_assignment'):
            return _SIMPLE_SETATTR_HANDLERS['validate_assignment']
        elif name not in cls.__pydantic_fields__:
            if cls.model_config.get('extra') != 'allow':
                # TODO - matching error
>               raise ValueError(f'"{cls.__name__}" object has no field "{name}"')
E               ValueError: "SimulationStage" object has no field "start_time"

../../../../.pyenv/versions/3.10.11/lib/python3.10/site-packages/pydantic/main.py:1042: ValueError
____ ERROR at setup of TestFailureDetector.test_detect_simulation_failures _____

self = <tests.scientific_computing.failure_resilience.test_failure_resilience.TestFailureDetector object at 0x7f49517d7760>

    @pytest.fixture
    def mock_simulation(self):
        """Create a mock simulation for testing."""
        sim = MockSimulation(
            id="sim-123",
            name="Test Simulation",
            description="A test simulation",
            status=SimulationStatus.RUNNING,
            priority=SimulationPriority.HIGH,
            stages={}
        )
    
        # Add a stage
        stage = SimulationStage(
            id="stage-1",
            name="Processing Stage",
            status=SimulationStageStatus.RUNNING,
            progress=0.5,
            estimated_duration=timedelta(hours=2),
        )
        sim.stages = {"stage-1": stage}
    
        # Mock the start time
>       stage.start_time = datetime.now() - timedelta(minutes=30)  # Started 30 minutes ago

tests/scientific_computing/failure_resilience/test_failure_resilience.py:105: 
_ _ _ _ _ _ _ _ _ _ _ _ _ _ _ _ _ _ _ _ _ _ _ _ _ _ _ _ _ _ _ _ _ _ _ _ _ _ _ _ 
../../../../.pyenv/versions/3.10.11/lib/python3.10/site-packages/pydantic/main.py:995: in __setattr__
    elif (setattr_handler := self._setattr_handler(name, value)) is not None:
_ _ _ _ _ _ _ _ _ _ _ _ _ _ _ _ _ _ _ _ _ _ _ _ _ _ _ _ _ _ _ _ _ _ _ _ _ _ _ _ 

self = SimulationStage(id='stage-1', name='Processing Stage', status=<TaskStatus.RUNNING: 'running'>, priority=<Priority.MEDI...kpoint_frequency=datetime.timedelta(seconds=3600), last_checkpoint_time=None, checkpoint_path=None, error_message=None)
name = 'start_time', value = datetime.datetime(2025, 6, 16, 3, 46, 45, 909794)

    def _setattr_handler(self, name: str, value: Any) -> Callable[[BaseModel, str, Any], None] | None:
        """Get a handler for setting an attribute on the model instance.
    
        Returns:
            A handler for setting an attribute on the model instance. Used for memoization of the handler.
            Memoizing the handlers leads to a dramatic performance improvement in `__setattr__`
            Returns `None` when memoization is not safe, then the attribute is set directly.
        """
        cls = self.__class__
        if name in cls.__class_vars__:
            raise AttributeError(
                f'{name!r} is a ClassVar of `{cls.__name__}` and cannot be set on an instance. '
                f'If you want to set a value on the class, use `{cls.__name__}.{name} = value`.'
            )
        elif not _fields.is_valid_field_name(name):
            if (attribute := cls.__private_attributes__.get(name)) is not None:
                if hasattr(attribute, '__set__'):
                    return lambda model, _name, val: attribute.__set__(model, val)
                else:
                    return _SIMPLE_SETATTR_HANDLERS['private']
            else:
                _object_setattr(self, name, value)
                return None  # Can not return memoized handler with possibly freeform attr names
    
        attr = getattr(cls, name, None)
        # NOTE: We currently special case properties and `cached_property`, but we might need
        # to generalize this to all data/non-data descriptors at some point. For non-data descriptors
        # (such as `cached_property`), it isn't obvious though. `cached_property` caches the value
        # to the instance's `__dict__`, but other non-data descriptors might do things differently.
        if isinstance(attr, cached_property):
            return _SIMPLE_SETATTR_HANDLERS['cached_property']
    
        _check_frozen(cls, name, value)
    
        # We allow properties to be set only on non frozen models for now (to match dataclasses).
        # This can be changed if it ever gets requested.
        if isinstance(attr, property):
            return lambda model, _name, val: attr.__set__(model, val)
        elif cls.model_config.get('validate_assignment'):
            return _SIMPLE_SETATTR_HANDLERS['validate_assignment']
        elif name not in cls.__pydantic_fields__:
            if cls.model_config.get('extra') != 'allow':
                # TODO - matching error
>               raise ValueError(f'"{cls.__name__}" object has no field "{name}"')
E               ValueError: "SimulationStage" object has no field "start_time"

../../../../.pyenv/versions/3.10.11/lib/python3.10/site-packages/pydantic/main.py:1042: ValueError
=================================== FAILURES ===================================
____________________ test_error_recovery_checkpoint_simple _____________________

farm_manager = <render_farm_manager.core.manager.RenderFarmManager object at 0x7f489e19a1a0>
client = RenderClient(client_id='client1', name='Test Client', service_tier=<ServiceTier.PREMIUM: 'premium'>, guaranteed_resources=0, max_resources=100)
render_nodes = [RenderNode(id='gpu1', name='GPU Node 1', status=<NodeStatus.ONLINE: 'online'>, cpu_cores=16, memory_gb=64.0, gpu_coun...dering']), power_efficiency_rating=65.0, current_job_id=None, performance_history={}, last_error=None, uptime_hours=0)]
checkpointable_job = RenderJob(id='job1', name='Test Checkpoint Job', status=<TaskStatus.PENDING: 'pending'>, priority=<Priority.HIGH: 3>, ...=False, supports_checkpoint=True, last_checkpoint_time=None, last_progressive_output_time=None, energy_intensive=False)

    def test_error_recovery_checkpoint_simple(farm_manager, client, render_nodes, checkpointable_job):
        """Simple test to ensure node failure handling works with checkpoints."""
        # Setup
        farm_manager.add_client(client)
        for node in render_nodes:
            farm_manager.add_node(node)
        farm_manager.submit_job(checkpointable_job)
    
        # Run scheduling
        farm_manager.run_scheduling_cycle()
    
        # Check job is assigned
        job = farm_manager.jobs[checkpointable_job.id]
>       assert job.status == RenderJobStatus.RUNNING
E       AssertionError: assert <TaskStatus.PENDING: 'pending'> == <RenderJobStatus.RUNNING: 'running'>
E        +  where <TaskStatus.PENDING: 'pending'> = RenderJob(id='job1', name='Test Checkpoint Job', status=<TaskStatus.PENDING: 'pending'>, priority=<Priority.HIGH: 3>, ...=False, supports_checkpoint=True, last_checkpoint_time=None, last_progressive_output_time=None, energy_intensive=False).status
E        +  and   <RenderJobStatus.RUNNING: 'running'> = RenderJobStatus.RUNNING

tests/render_farm_manager/integration/test_error_recovery_fixed.py:130: AssertionError
_____________________ test_error_count_threshold_handling ______________________

    def test_error_count_threshold_handling():
        """Test that jobs exceeding error threshold are handled correctly."""
        # Create a fresh render farm manager
        farm_manager = RenderFarmManager()
    
        # Add a client
        client = Client(
            id="client1",
            name="Test Client",
            sla_tier="premium",
            guaranteed_resources=50,
            max_resources=80,
        )
        farm_manager.add_client(client)
    
        # Add a node
        node = RenderNode(
            id="node1",
            name="Node 1",
            status="online",
            capabilities=NodeCapabilities(
                cpu_cores=16,
                memory_gb=64,
                gpu_model="NVIDIA RTX A6000",
                gpu_count=2,
                gpu_memory_gb=48.0,
                gpu_compute_capability=8.6,
                storage_gb=512,
                specialized_for=["gpu_rendering"],
            ),
            power_efficiency_rating=75.0,
        )
        farm_manager.add_node(node)
    
        # Create a job
        now = datetime.now()
        job = RenderJob(
            id="job1",
            client_id="client1",
            name="Unstable Job",
            status=RenderJobStatus.PENDING,
            job_type="animation",
            priority=JobPriority.HIGH,
            submission_time=now,
            deadline=now + timedelta(hours=5),
            estimated_duration_hours=2.0,
            progress=0.0,
            requires_gpu=True,
            memory_requirements_gb=32,
            cpu_requirements=8,
            scene_complexity=6,
            dependencies=[],
            assigned_node_id=None,
            output_path="/renders/client1/job1/",
            error_count=0,
            can_be_preempted=True,
            supports_progressive_output=False,
            supports_checkpoint=True,
            last_checkpoint_time=None,
            last_progressive_output_time=None,
            energy_intensive=False,
        )
    
        # Submit the job
        farm_manager.submit_job(job)
    
        # Manually set the error count to 3 (threshold)
        job = farm_manager.jobs["job1"]
        job.error_count = 3
    
        # Simulate a node failure that should trigger the threshold
        farm_manager.run_scheduling_cycle()
>       assert job.status == RenderJobStatus.RUNNING
E       AssertionError: assert <TaskStatus.PENDING: 'pending'> == <RenderJobStatus.RUNNING: 'running'>
E        +  where <TaskStatus.PENDING: 'pending'> = RenderJob(id='job1', name='Unstable Job', status=<TaskStatus.PENDING: 'pending'>, priority=<Priority.HIGH: 3>, submiss...=False, supports_checkpoint=True, last_checkpoint_time=None, last_progressive_output_time=None, energy_intensive=False).status
E        +  and   <RenderJobStatus.RUNNING: 'running'> = RenderJobStatus.RUNNING

tests/render_farm_manager/integration/test_error_recovery_fixed_complete.py:224: AssertionError
_________________ test_fault_tolerance_multiple_node_failures __________________

farm_manager = <render_farm_manager.core.manager.RenderFarmManager object at 0x7f489dfe7d60>
clients = [RenderClient(client_id='client1', name='Premium Client', service_tier=<ServiceTier.PREMIUM: 'premium'>, guaranteed_re...='client3', name='Basic Client', service_tier=<ServiceTier.BASIC: 'basic'>, guaranteed_resources=10, max_resources=40)]
render_nodes = [RenderNode(id='gpu1', name='GPU Node 1', status=<NodeStatus.ONLINE: 'online'>, cpu_cores=16, memory_gb=64.0, gpu_coun...'fluid']), power_efficiency_rating=78.0, current_job_id=None, performance_history={}, last_error=None, uptime_hours=0)]
render_jobs = [RenderJob(id='job1', name='High Priority Job 1', status=<TaskStatus.PENDING: 'pending'>, priority=<Priority.HIGH: 3>,...alse, supports_checkpoint=False, last_checkpoint_time=None, last_progressive_output_time=None, energy_intensive=False)]

    def test_fault_tolerance_multiple_node_failures(farm_manager, clients, render_nodes, render_jobs):
        """Test that the farm manager can handle multiple simultaneous node failures."""
        # Setup: Add clients, nodes and jobs
        for client in clients:
            farm_manager.add_client(client)
    
        for node in render_nodes:
            farm_manager.add_node(node)
    
        for job in render_jobs:
            farm_manager.submit_job(job)
    
        # First scheduling cycle - assigns jobs to nodes
        farm_manager.run_scheduling_cycle()
    
        # Verify jobs are assigned to nodes
        running_jobs = [job for job in farm_manager.jobs.values()
                       if job.status == RenderJobStatus.RUNNING]
>       assert len(running_jobs) > 0
E       assert 0 > 0
E        +  where 0 = len([])

tests/render_farm_manager/integration/test_fault_tolerance.py:285: AssertionError
_________________ test_fault_tolerance_multiple_node_failures __________________

farm_manager = <render_farm_manager.core.manager.RenderFarmManager object at 0x7f489dd76e60>
clients = [Client(id='client1', name='Premium Client', sla_tier='premium', guaranteed_resources=50, max_resources=80), Client(id..._resources=60), Client(id='client3', name='Basic Client', sla_tier='basic', guaranteed_resources=10, max_resources=40)]
render_nodes = [RenderNode(id='gpu1', name='GPU Node 1', status=<NodeStatus.ONLINE: 'online'>, cpu_cores=16, memory_gb=64.0, gpu_coun...'fluid']), power_efficiency_rating=78.0, current_job_id=None, performance_history={}, last_error=None, uptime_hours=0)]
render_jobs = [RenderJob(id='job1', name='High Priority Job 1', status=<TaskStatus.PENDING: 'pending'>, priority=<Priority.HIGH: 3>,...alse, supports_checkpoint=False, last_checkpoint_time=None, last_progressive_output_time=None, energy_intensive=False)]

    def test_fault_tolerance_multiple_node_failures(farm_manager, clients, render_nodes, render_jobs):
        """Test that the farm manager can handle multiple simultaneous node failures."""
        # Setup: Add clients, nodes and jobs
        for client in clients:
            farm_manager.add_client(client)
    
        for node in render_nodes:
            farm_manager.add_node(node)
    
        for job in render_jobs:
            farm_manager.submit_job(job)
    
        # First scheduling cycle - assigns jobs to nodes
        farm_manager.run_scheduling_cycle()
    
        # Verify jobs are assigned to nodes
        running_jobs = [job for job in farm_manager.jobs.values()
                       if job.status == RenderJobStatus.RUNNING]
>       assert len(running_jobs) > 0
E       assert 0 > 0
E        +  where 0 = len([])

tests/render_farm_manager/integration/test_fault_tolerance_fixed.py:277: AssertionError
______________________ test_circular_dependency_detection ______________________

farm_manager = <render_farm_manager.core.manager.RenderFarmManager object at 0x7f489dd89cc0>

    def test_circular_dependency_detection(farm_manager):
        """Test that circular dependencies are detected and handled appropriately."""
        # Add a client using standard Client model
        client = Client(
            id="client1",
            name="Test Client",
            sla_tier="premium",
            guaranteed_resources=50,
            max_resources=80,
        )
        farm_manager.add_client(client)
    
        # Add a node
        node = RenderNode(
            id="node1",
            name="Node 1",
            status="online",
            capabilities=NodeCapabilities(
                cpu_cores=16,
                memory_gb=64,
                gpu_model="NVIDIA RTX A6000",
                gpu_count=2,
                gpu_memory_gb=48.0,
                gpu_compute_capability=8.6,
                storage_gb=512,
                specialized_for=["gpu_rendering"],
            ),
            power_efficiency_rating=85.0,
        )
        farm_manager.add_node(node)
    
        now = datetime.now()
    
        # Create jobs with circular dependencies
        job_a = RenderJob(
            id="job_a",
            client_id="client1",
            name="Job A",
            status=RenderJobStatus.PENDING,
            job_type="animation",
            priority=JobPriority.HIGH,
            submission_time=now,
            deadline=now + timedelta(hours=4),
            estimated_duration_hours=1.0,
            progress=0.0,
            requires_gpu=True,
            memory_requirements_gb=32,
            cpu_requirements=8,
            scene_complexity=6,
            output_path="/renders/client1/job_a/",
            dependencies=["job_c"],  # A depends on C
        )
    
        job_b = RenderJob(
            id="job_b",
            client_id="client1",
            name="Job B",
            status=RenderJobStatus.PENDING,
            job_type="vfx",
            priority=JobPriority.HIGH,
            submission_time=now,
            deadline=now + timedelta(hours=5),
            estimated_duration_hours=1.0,
            progress=0.0,
            requires_gpu=True,
            memory_requirements_gb=32,
            cpu_requirements=8,
            scene_complexity=6,
            output_path="/renders/client1/job_b/",
            dependencies=["job_a"],  # B depends on A
        )
    
        job_c = RenderJob(
            id="job_c",
            client_id="client1",
            name="Job C",
            status=RenderJobStatus.PENDING,
            job_type="composition",
            priority=JobPriority.MEDIUM,
            submission_time=now,
            deadline=now + timedelta(hours=6),
            estimated_duration_hours=1.0,
            progress=0.0,
            requires_gpu=True,
            memory_requirements_gb=32,
            cpu_requirements=8,
            scene_complexity=6,
            output_path="/renders/client1/job_c/",
            dependencies=["job_b"],  # C depends on B, creating a cycle: A -> C -> B -> A
        )
    
        # Submit jobs in sequence to test cycle detection
        farm_manager.submit_job(job_a)  # This should be fine
>       assert farm_manager.jobs["job_a"].status == RenderJobStatus.PENDING
E       AssertionError: assert <TaskStatus.PENDING: 'pending'> == <RenderJobStatus.PENDING: 'pending'>
E        +  where <TaskStatus.PENDING: 'pending'> = RenderJob(id='job_a', name='Job A', status=<TaskStatus.PENDING: 'pending'>, priority=<Priority.HIGH: 3>, submission_ti...False, supports_checkpoint=False, last_checkpoint_time=None, last_progressive_output_time=None, energy_intensive=False).status
E        +  and   <RenderJobStatus.PENDING: 'pending'> = RenderJobStatus.PENDING

tests/render_farm_manager/integration/test_job_dependencies_fixed.py:275: AssertionError
___________________ test_dependent_job_priority_inheritance ____________________

    def test_dependent_job_priority_inheritance():
        """Test that dependent jobs inherit priority from their parent jobs."""
        # Create fresh instances for the test
        farm_manager = RenderFarmManager()
    
        # Add a client
        client = Client(
            id="client1",
            name="Test Client",
            sla_tier="premium",
            guaranteed_resources=50,
            max_resources=80,
        )
        farm_manager.add_client(client)
    
        # Add nodes
        node1 = RenderNode(
            id="node1",
            name="Node 1",
            status="online",
            capabilities=NodeCapabilities(
                cpu_cores=16,
                memory_gb=64,
                gpu_model="NVIDIA RTX A6000",
                gpu_count=2,
                gpu_memory_gb=48.0,
                gpu_compute_capability=8.6,
                storage_gb=512,
                specialized_for=["gpu_rendering"],
            ),
            power_efficiency_rating=85.0,
        )
        farm_manager.add_node(node1)
    
        now = datetime.now()
    
        # Create parent job with high priority
        job_parent = RenderJob(
            id="job_parent",
            client_id="client1",
            name="Parent Job",
            status=RenderJobStatus.PENDING,
            job_type="animation",
            priority=JobPriority.HIGH,
            submission_time=now,
            deadline=now + timedelta(hours=3),
            estimated_duration_hours=1.0,
            progress=0.0,
            requires_gpu=True,
            memory_requirements_gb=32,
            cpu_requirements=8,
            scene_complexity=6,
            dependencies=[],
            output_path="/renders/client1/job_parent/",
        )
    
        # Create child job with lower priority
        job_child = RenderJob(
            id="job_child",
            client_id="client1",
            name="Child Job",
            status=RenderJobStatus.PENDING,
            job_type="animation",
            priority=JobPriority.LOW,  # Lower priority than parent
            submission_time=now,
            deadline=now + timedelta(hours=4),
            estimated_duration_hours=1.0,
            progress=0.0,
            requires_gpu=True,
            memory_requirements_gb=32,
            cpu_requirements=8,
            scene_complexity=6,
            dependencies=["job_parent"],
            output_path="/renders/client1/job_child/",
        )
    
        # Create unrelated job with medium priority
        job_unrelated = RenderJob(
            id="job_unrelated",
            client_id="client1",
            name="Unrelated Job",
            status=RenderJobStatus.PENDING,
            job_type="animation",
            priority=JobPriority.MEDIUM,
            submission_time=now,
            deadline=now + timedelta(hours=5),
            estimated_duration_hours=1.0,
            progress=0.0,
            requires_gpu=True,
            memory_requirements_gb=32,
            cpu_requirements=8,
            scene_complexity=6,
            dependencies=[],
            output_path="/renders/client1/job_unrelated/",
        )
    
        # Submit all jobs
        farm_manager.submit_job(job_parent)
        farm_manager.submit_job(job_child)
        farm_manager.submit_job(job_unrelated)
    
        # Run scheduling cycle - parent job should be scheduled first
        farm_manager.run_scheduling_cycle()
>       assert farm_manager.jobs["job_parent"].status == RenderJobStatus.RUNNING
E       AssertionError: assert <TaskStatus.PENDING: 'pending'> == <RenderJobStatus.RUNNING: 'running'>
E        +  where <TaskStatus.PENDING: 'pending'> = RenderJob(id='job_parent', name='Parent Job', status=<TaskStatus.PENDING: 'pending'>, priority=<Priority.HIGH: 3>, sub...False, supports_checkpoint=False, last_checkpoint_time=None, last_progressive_output_time=None, energy_intensive=False).status
E        +  and   <RenderJobStatus.RUNNING: 'running'> = RenderJobStatus.RUNNING

tests/render_farm_manager/integration/test_job_dependencies_fixed_direct.py:271: AssertionError
______________________ test_circular_dependency_detection ______________________

    def test_circular_dependency_detection():
        """Test that circular dependencies are detected and handled appropriately."""
        # Create fresh instances for the test
        farm_manager = RenderFarmManager()
    
        # Add a client
        client = Client(
            id="client1",
            name="Test Client",
            sla_tier="premium",
            guaranteed_resources=50,
            max_resources=80,
        )
        farm_manager.add_client(client)
    
        # Add a node
        node = RenderNode(
            id="node1",
            name="Node 1",
            status="online",
            capabilities=NodeCapabilities(
                cpu_cores=16,
                memory_gb=64,
                gpu_model="NVIDIA RTX A6000",
                gpu_count=2,
                gpu_memory_gb=48.0,
                gpu_compute_capability=8.6,
                storage_gb=512,
                specialized_for=["gpu_rendering"],
            ),
            power_efficiency_rating=85.0,
        )
        farm_manager.add_node(node)
    
        now = datetime.now()
    
        # Create jobs with circular dependencies
        job_a = RenderJob(
            id="job_a",
            client_id="client1",
            name="Job A",
            status=RenderJobStatus.PENDING,
            job_type="animation",
            priority=JobPriority.HIGH,
            submission_time=now,
            deadline=now + timedelta(hours=4),
            estimated_duration_hours=1.0,
            progress=0.0,
            requires_gpu=True,
            memory_requirements_gb=32,
            cpu_requirements=8,
            scene_complexity=6,
            output_path="/renders/client1/job_a/",
            dependencies=["job_c"],  # A depends on C
        )
    
        job_b = RenderJob(
            id="job_b",
            client_id="client1",
            name="Job B",
            status=RenderJobStatus.PENDING,
            job_type="vfx",
            priority=JobPriority.HIGH,
            submission_time=now,
            deadline=now + timedelta(hours=5),
            estimated_duration_hours=1.0,
            progress=0.0,
            requires_gpu=True,
            memory_requirements_gb=32,
            cpu_requirements=8,
            scene_complexity=6,
            output_path="/renders/client1/job_b/",
            dependencies=["job_a"],  # B depends on A
        )
    
        job_c = RenderJob(
            id="job_c",
            client_id="client1",
            name="Job C",
            status=RenderJobStatus.PENDING,
            job_type="composition",
            priority=JobPriority.MEDIUM,
            submission_time=now,
            deadline=now + timedelta(hours=6),
            estimated_duration_hours=1.0,
            progress=0.0,
            requires_gpu=True,
            memory_requirements_gb=32,
            cpu_requirements=8,
            scene_complexity=6,
            output_path="/renders/client1/job_c/",
            dependencies=["job_b"],  # C depends on B, creating a cycle: A -> C -> B -> A
        )
    
        # Submit jobs in sequence to test cycle detection
        farm_manager.submit_job(job_a)  # This should be fine
>       assert farm_manager.jobs["job_a"].status == RenderJobStatus.PENDING
E       AssertionError: assert <TaskStatus.PENDING: 'pending'> == <RenderJobStatus.PENDING: 'pending'>
E        +  where <TaskStatus.PENDING: 'pending'> = RenderJob(id='job_a', name='Job A', status=<TaskStatus.PENDING: 'pending'>, priority=<Priority.HIGH: 3>, submission_ti...False, supports_checkpoint=False, last_checkpoint_time=None, last_progressive_output_time=None, energy_intensive=False).status
E        +  and   <RenderJobStatus.PENDING: 'pending'> = RenderJobStatus.PENDING

tests/render_farm_manager/integration/test_job_dependencies_fixed_direct.py:400: AssertionError
____________________________ test_simple_dependency ____________________________

    def test_simple_dependency():
        """Test that a job with dependencies is only scheduled after dependencies complete."""
        # Create a fresh farm manager
        farm_manager = RenderFarmManager()
    
        # Add a client
        client = Client(
            id="client1",
            name="Test Client",
            sla_tier="premium",
            guaranteed_resources=50,
            max_resources=80,
        )
        farm_manager.add_client(client)
    
        # Add nodes
        node1 = RenderNode(
            id="node1",
            name="Node 1",
            status="online",
            capabilities=NodeCapabilities(
                cpu_cores=16,
                memory_gb=64,
                gpu_model="NVIDIA RTX A6000",
                gpu_count=2,
                gpu_memory_gb=48.0,
                gpu_compute_capability=8.6,
                storage_gb=512,
                specialized_for=["gpu_rendering"],
            ),
            power_efficiency_rating=85.0,
        )
        node2 = RenderNode(
            id="node2",
            name="Node 2",
            status="online",
            capabilities=NodeCapabilities(
                cpu_cores=16,
                memory_gb=64,
                gpu_model="NVIDIA RTX A6000",
                gpu_count=2,
                gpu_memory_gb=48.0,
                gpu_compute_capability=8.6,
                storage_gb=512,
                specialized_for=["gpu_rendering"],
            ),
            power_efficiency_rating=85.0,
        )
        farm_manager.add_node(node1)
        farm_manager.add_node(node2)
    
        now = datetime.now()
    
        # STEP 1: Submit a parent job
        job_parent = RenderJob(
            id="job_parent",
            client_id="client1",
            name="Parent Job",
            status=RenderJobStatus.PENDING,
            job_type="animation",
            priority=JobPriority.HIGH,
            submission_time=now,
            deadline=now + timedelta(hours=5),
            estimated_duration_hours=1.0,
            progress=0.0,
            requires_gpu=True,
            memory_requirements_gb=32,
            cpu_requirements=8,
            scene_complexity=6,
            dependencies=[],  # No dependencies
            output_path="/renders/client1/job_parent/",
        )
        farm_manager.submit_job(job_parent)
    
        # STEP 2: Run scheduling cycle - parent job should be scheduled
        farm_manager.run_scheduling_cycle()
>       assert farm_manager.jobs["job_parent"].status == RenderJobStatus.RUNNING
E       AssertionError: assert <TaskStatus.PENDING: 'pending'> == <RenderJobStatus.RUNNING: 'running'>
E        +  where <TaskStatus.PENDING: 'pending'> = RenderJob(id='job_parent', name='Parent Job', status=<TaskStatus.PENDING: 'pending'>, priority=<Priority.HIGH: 3>, sub...False, supports_checkpoint=False, last_checkpoint_time=None, last_progressive_output_time=None, energy_intensive=False).status
E        +  and   <RenderJobStatus.RUNNING: 'running'> = RenderJobStatus.RUNNING

tests/render_farm_manager/integration/test_job_dependencies_fixed_direct_complete.py:93: AssertionError
________________________ test_job_dependency_scheduling ________________________

farm_manager = <render_farm_manager.core.manager.RenderFarmManager object at 0x7f49f44e39d0>
client = RenderClient(client_id='client1', name='Test Client', service_tier=<ServiceTier.PREMIUM: 'premium'>, guaranteed_resources=50, max_resources=80)
render_nodes = [RenderNode(id='fixed_node1', name='Fixed Node 1', status=<NodeStatus.ONLINE: 'online'>, cpu_cores=16, memory_gb=64.0,...dering']), power_efficiency_rating=72.0, current_job_id=None, performance_history={}, last_error=None, uptime_hours=0)]
dependent_jobs = [RenderJob(id='fixed_parent1', name='Parent Job 1', status=<TaskStatus.PENDING: 'pending'>, priority=<Priority.HIGH: 3...alse, supports_checkpoint=False, last_checkpoint_time=None, last_progressive_output_time=None, energy_intensive=False)]

    def test_job_dependency_scheduling(farm_manager, client, render_nodes, dependent_jobs):
        """Test that jobs with dependencies are scheduled correctly."""
        # Setup: Add client and nodes
        farm_manager.add_client(client)
    
        for node in render_nodes:
            farm_manager.add_node(node)
    
        # Submit all jobs
        for job in dependent_jobs:
            farm_manager.submit_job(job)
    
        # First scheduling cycle - only runs one job at a time
        farm_manager.run_scheduling_cycle()
    
        # Check that only parent jobs and independent job are running or queued
        # Child jobs should be pending until dependencies complete
        parent1 = farm_manager.jobs["fixed_parent1"]
        parent2 = farm_manager.jobs["fixed_parent2"]
        child = farm_manager.jobs["fixed_child1"]
        grandchild = farm_manager.jobs["fixed_grandchild1"]
        independent = farm_manager.jobs["fixed_independent1"]
    
        # The system might only schedule one job at a time
        # Let's just check all jobs have the right status
>       assert child.status == RenderJobStatus.PENDING
E       AssertionError: assert <TaskStatus.PENDING: 'pending'> == <RenderJobStatus.PENDING: 'pending'>
E        +  where <TaskStatus.PENDING: 'pending'> = RenderJob(id='fixed_child1', name='Child Job', status=<TaskStatus.PENDING: 'pending'>, priority=<Priority.MEDIUM: 2>, ...False, supports_checkpoint=False, last_checkpoint_time=None, last_progressive_output_time=None, energy_intensive=False).status
E        +  and   <RenderJobStatus.PENDING: 'pending'> = RenderJobStatus.PENDING

tests/render_farm_manager/integration/test_job_dependencies_fixed_full.py:239: AssertionError
___________________ test_dependent_job_priority_inheritance ____________________

farm_manager = <render_farm_manager.core.manager.RenderFarmManager object at 0x7f489e023d90>
client = RenderClient(client_id='client1', name='Test Client', service_tier=<ServiceTier.PREMIUM: 'premium'>, guaranteed_resources=50, max_resources=80)
render_nodes = [RenderNode(id='fixed_node1', name='Fixed Node 1', status=<NodeStatus.ONLINE: 'online'>, cpu_cores=16, memory_gb=64.0,...dering']), power_efficiency_rating=72.0, current_job_id=None, performance_history={}, last_error=None, uptime_hours=0)]

    def test_dependent_job_priority_inheritance(farm_manager, client, render_nodes):
        """Test that dependent jobs inherit priority from parent jobs when appropriate."""
        # Setup: Add client and nodes
        farm_manager.add_client(client)
    
        for node in render_nodes:
            farm_manager.add_node(node)
    
        now = datetime.now()
    
        # Create a high-priority parent job
        parent_job = RenderJob(
            id="fixed_high_parent",
            client_id="client1",
            name="High Priority Parent",
            status=RenderJobStatus.PENDING,
            job_type="animation",
            priority=JobPriority.CRITICAL,  # Very high priority
            submission_time=now,
            deadline=now + timedelta(hours=3),  # Tight deadline
            estimated_duration_hours=1.0,
            progress=0.0,
            requires_gpu=True,
            memory_requirements_gb=32,
            cpu_requirements=8,
            scene_complexity=7,
            output_path="/renders/client1/fixed_high_parent/",
        )
    
        # Create a low-priority child job
        child_job = RenderJob(
            id="fixed_low_child",
            client_id="client1",
            name="Low Priority Child",
            status=RenderJobStatus.PENDING,
            job_type="composition",
            priority=JobPriority.LOW,  # Low priority
            submission_time=now,
            deadline=now + timedelta(hours=12),  # Loose deadline
            estimated_duration_hours=1.0,
            progress=0.0,
            requires_gpu=True,
            memory_requirements_gb=32,
            cpu_requirements=8,
            scene_complexity=5,
            output_path="/renders/client1/fixed_low_child/",
            dependencies=["fixed_high_parent"],
        )
    
        # Create competing jobs with medium priority
        competing_jobs = [
            RenderJob(
                id=f"fixed_competing{i}",
                client_id="client1",
                name=f"Competing Job {i}",
                status=RenderJobStatus.PENDING,
                job_type="standalone",
                priority=JobPriority.MEDIUM,  # Medium priority
                submission_time=now,
                deadline=now + timedelta(hours=6),
                estimated_duration_hours=1.0,
                progress=0.0,
                requires_gpu=True,
                memory_requirements_gb=32,
                cpu_requirements=8,
                scene_complexity=6,
                output_path=f"/renders/client1/fixed_competing{i}/",
            )
            for i in range(1, 4)
        ]
    
        # Submit all jobs
        farm_manager.submit_job(parent_job)
        farm_manager.submit_job(child_job)
        for job in competing_jobs:
            farm_manager.submit_job(job)
    
        # First scheduling cycle - might run only one job
        farm_manager.run_scheduling_cycle()
    
        # Mark parent job as completed directly
        parent = farm_manager.jobs["fixed_high_parent"]
        parent.status = RenderJobStatus.COMPLETED
        parent.progress = 100.0
    
        # Run scheduling cycle to handle the completed parent
        farm_manager.run_scheduling_cycle()
    
        # The child job should now have a chance to be scheduled
        child = farm_manager.jobs["fixed_low_child"]
    
        # Since we can't guarantee which job will be scheduled due to multiple factors,
        # let's just ensure that both the child job and competing jobs have correct statuses:
        # either RUNNING, QUEUED, or PENDING
>       assert child.status in [RenderJobStatus.RUNNING, RenderJobStatus.QUEUED, RenderJobStatus.PENDING]
E       AssertionError: assert <TaskStatus.PENDING: 'pending'> in [<RenderJobStatus.RUNNING: 'running'>, <RenderJobStatus.QUEUED: 'queued'>, <RenderJobStatus.PENDING: 'pending'>]
E        +  where <TaskStatus.PENDING: 'pending'> = RenderJob(id='fixed_low_child', name='Low Priority Child', status=<TaskStatus.PENDING: 'pending'>, priority=<Priority....False, supports_checkpoint=False, last_checkpoint_time=None, last_progressive_output_time=None, energy_intensive=False).status

tests/render_farm_manager/integration/test_job_dependencies_fixed_full.py:389: AssertionError
____________________ test_job_dependency_scheduling_patched ____________________

    def test_job_dependency_scheduling_patched():
        """Test job dependency scheduling with parent2 explicitly forced to RUNNING."""
        # Create a fresh farm manager
        farm_manager = RenderFarmManager()
    
        # Add a client
        client = Client(
            id="client1",
            name="Test Client",
            sla_tier="premium",
            guaranteed_resources=50,
            max_resources=80,
        )
        farm_manager.add_client(client)
    
        # Add nodes
        node1 = RenderNode(
            id="node1",
            name="Node 1",
            status="online",
            capabilities=NodeCapabilities(
                cpu_cores=16,
                memory_gb=64,
                gpu_model="NVIDIA RTX A6000",
                gpu_count=2,
                gpu_memory_gb=48.0,
                gpu_compute_capability=8.6,
                storage_gb=512,
                specialized_for=["rendering"],
            ),
            power_efficiency_rating=75.0,
        )
        node2 = RenderNode(
            id="node2",
            name="Node 2",
            status="online",
            capabilities=NodeCapabilities(
                cpu_cores=16,
                memory_gb=64,
                gpu_model="NVIDIA RTX A6000",
                gpu_count=2,
                gpu_memory_gb=48.0,
                gpu_compute_capability=8.6,
                storage_gb=512,
                specialized_for=["rendering"],
            ),
            power_efficiency_rating=72.0,
        )
        farm_manager.add_node(node1)
        farm_manager.add_node(node2)
    
        now = datetime.now()
    
        # Create parent jobs first
        parent_job1 = RenderJob(
            id="parent1",
            client_id="client1",
            name="Parent Job 1",
            status=RenderJobStatus.PENDING,
            job_type="animation",
            priority=JobPriority.HIGH,
            submission_time=now,
            deadline=now + timedelta(hours=4),
            estimated_duration_hours=1.0,
            progress=0.0,
            requires_gpu=True,
            memory_requirements_gb=32,
            cpu_requirements=8,
            scene_complexity=6,
            output_path="/renders/client1/parent1/",
        )
    
        parent_job2 = RenderJob(
            id="parent2",
            client_id="client1",
            name="Parent Job 2",
            status=RenderJobStatus.PENDING,
            job_type="vfx",
            priority=JobPriority.HIGH,
            submission_time=now,
            deadline=now + timedelta(hours=4),
            estimated_duration_hours=1.0,
            progress=0.0,
            requires_gpu=True,
            memory_requirements_gb=32,
            cpu_requirements=8,
            scene_complexity=5,
            output_path="/renders/client1/parent2/",
        )
    
        # Create child job that depends on both parents
        child_job = RenderJob(
            id="child1",
            client_id="client1",
            name="Child Job",
            status=RenderJobStatus.PENDING,
            job_type="composition",
            priority=JobPriority.MEDIUM,
            submission_time=now,
            deadline=now + timedelta(hours=8),
            estimated_duration_hours=2.0,
            progress=0.0,
            requires_gpu=True,
            memory_requirements_gb=64,
            cpu_requirements=16,
            scene_complexity=7,
            output_path="/renders/client1/child1/",
            dependencies=["parent1", "parent2"],
        )
    
        # Create a grandchild job that depends on the child
        grandchild_job = RenderJob(
            id="grandchild1",
            client_id="client1",
            name="Grandchild Job",
            status=RenderJobStatus.PENDING,
            job_type="final_output",
            priority=JobPriority.MEDIUM,
            submission_time=now,
            deadline=now + timedelta(hours=12),
            estimated_duration_hours=1.0,
            progress=0.0,
            requires_gpu=True,
            memory_requirements_gb=32,
            cpu_requirements=8,
            scene_complexity=4,
            output_path="/renders/client1/grandchild1/",
            dependencies=["child1"],
        )
    
        # Create a job with no dependencies for comparison
        independent_job = RenderJob(
            id="independent1",
            client_id="client1",
            name="Independent Job",
            status=RenderJobStatus.PENDING,
            job_type="standalone",
            priority=JobPriority.MEDIUM,
            submission_time=now,
            deadline=now + timedelta(hours=6),
            estimated_duration_hours=1.0,
            progress=0.0,
            requires_gpu=True,
            memory_requirements_gb=32,
            cpu_requirements=8,
            scene_complexity=5,
            output_path="/renders/client1/independent1/",
        )
    
        # Submit all jobs
        farm_manager.submit_job(parent_job1)
        farm_manager.submit_job(parent_job2)
        farm_manager.submit_job(child_job)
        farm_manager.submit_job(grandchild_job)
        farm_manager.submit_job(independent_job)
    
        # Set up parent1 and parent2 manually to ensure they're running
        parent1 = farm_manager.jobs["parent1"]
        parent2 = farm_manager.jobs["parent2"]
        child = farm_manager.jobs["child1"]
        grandchild = farm_manager.jobs["grandchild1"]
        independent = farm_manager.jobs["independent1"]
    
        # Manually set parent1 to RUNNING
        parent1.status = RenderJobStatus.RUNNING
        parent1.assigned_node_id = node1.id
        node1.current_job_id = parent1.id
    
        # Manually set parent2 to RUNNING
        parent2.status = RenderJobStatus.RUNNING
        parent2.assigned_node_id = node2.id
        node2.current_job_id = parent2.id
    
        # Parents and independent job should be scheduled
        assert parent1.status in [RenderJobStatus.RUNNING, RenderJobStatus.QUEUED]
        assert parent2.status in [RenderJobStatus.RUNNING, RenderJobStatus.QUEUED]
    
        # Child and grandchild should be pending due to dependencies
>       assert child.status == RenderJobStatus.PENDING
E       AssertionError: assert <TaskStatus.PENDING: 'pending'> == <RenderJobStatus.PENDING: 'pending'>
E        +  where <TaskStatus.PENDING: 'pending'> = RenderJob(id='child1', name='Child Job', status=<TaskStatus.PENDING: 'pending'>, priority=<Priority.MEDIUM: 2>, submis...False, supports_checkpoint=False, last_checkpoint_time=None, last_progressive_output_time=None, energy_intensive=False).status
E        +  and   <RenderJobStatus.PENDING: 'pending'> = RenderJobStatus.PENDING

tests/render_farm_manager/integration/test_job_dependencies_scheduling_patch.py:195: AssertionError
____________________________ test_simple_dependency ____________________________

    def test_simple_dependency():
        """Test that a job with dependencies is only scheduled after dependencies complete."""
        # Create a fresh farm manager
        farm_manager = RenderFarmManager()
    
        # Use specialized test job IDs that won't conflict with other tests
        fixed_parent_job_id = "fixed_unique_parent_job_id"
        fixed_child_job_id = "fixed_unique_child_job_id"
    
        # Add a client
        client = Client(
            id="client1",
            name="Test Client",
            sla_tier="premium",
            guaranteed_resources=50,
            max_resources=80,
        )
        farm_manager.add_client(client)
    
        # Add nodes
        node1 = RenderNode(
            id="node1",
            name="Node 1",
            status="online",
            capabilities=NodeCapabilities(
                cpu_cores=16,
                memory_gb=64,
                gpu_model="NVIDIA RTX A6000",
                gpu_count=2,
                gpu_memory_gb=48.0,
                gpu_compute_capability=8.6,
                storage_gb=512,
                specialized_for=["gpu_rendering"],
            ),
            power_efficiency_rating=85.0,
        )
        node2 = RenderNode(
            id="node2",
            name="Node 2",
            status="online",
            capabilities=NodeCapabilities(
                cpu_cores=16,
                memory_gb=64,
                gpu_model="NVIDIA RTX A6000",
                gpu_count=2,
                gpu_memory_gb=48.0,
                gpu_compute_capability=8.6,
                storage_gb=512,
                specialized_for=["gpu_rendering"],
            ),
            power_efficiency_rating=85.0,
        )
        farm_manager.add_node(node1)
        farm_manager.add_node(node2)
    
        now = datetime.now()
    
        # STEP 1: Submit a parent job
        job_parent = RenderJob(
            id=fixed_parent_job_id,  # Use a unique ID that won't conflict with other tests
            client_id="client1",
            name="Parent Job",
            status=RenderJobStatus.PENDING,
            job_type="animation",
            priority=JobPriority.HIGH,
            submission_time=now,
            deadline=now + timedelta(hours=5),
            estimated_duration_hours=1.0,
            progress=0.0,
            requires_gpu=True,
            memory_requirements_gb=32,
            cpu_requirements=8,
            scene_complexity=6,
            dependencies=[],  # No dependencies
            output_path=f"/renders/client1/{fixed_parent_job_id}/",
        )
        farm_manager.submit_job(job_parent)
    
        # STEP 2: Run scheduling cycle - parent job should be scheduled
        farm_manager.run_scheduling_cycle()
>       assert farm_manager.jobs[fixed_parent_job_id].status == RenderJobStatus.RUNNING
E       AssertionError: assert <TaskStatus.PENDING: 'pending'> == <RenderJobStatus.RUNNING: 'running'>
E        +  where <TaskStatus.PENDING: 'pending'> = RenderJob(id='fixed_unique_parent_job_id', name='Parent Job', status=<TaskStatus.PENDING: 'pending'>, priority=<Priori...False, supports_checkpoint=False, last_checkpoint_time=None, last_progressive_output_time=None, energy_intensive=False).status
E        +  and   <RenderJobStatus.RUNNING: 'running'> = RenderJobStatus.RUNNING

tests/render_farm_manager/integration/test_job_dependencies_simple.py:97: AssertionError
____________________________ test_simple_dependency ____________________________

    def test_simple_dependency():
        """Test that a job with dependencies is only scheduled after dependencies complete."""
        # Create a fresh farm manager
        farm_manager = RenderFarmManager()
    
        # Add a client
        client = Client(
            id="client1",
            name="Test Client",
            sla_tier="premium",
            guaranteed_resources=50,
            max_resources=80,
        )
        farm_manager.add_client(client)
    
        # Add nodes
        node1 = RenderNode(
            id="node1",
            name="Node 1",
            status="online",
            capabilities=NodeCapabilities(
                cpu_cores=16,
                memory_gb=64,
                gpu_model="NVIDIA RTX A6000",
                gpu_count=2,
                gpu_memory_gb=48.0,
                gpu_compute_capability=8.6,
                storage_gb=512,
                specialized_for=["gpu_rendering"],
            ),
            power_efficiency_rating=85.0,
        )
        node2 = RenderNode(
            id="node2",
            name="Node 2",
            status="online",
            capabilities=NodeCapabilities(
                cpu_cores=16,
                memory_gb=64,
                gpu_model="NVIDIA RTX A6000",
                gpu_count=2,
                gpu_memory_gb=48.0,
                gpu_compute_capability=8.6,
                storage_gb=512,
                specialized_for=["gpu_rendering"],
            ),
            power_efficiency_rating=85.0,
        )
        farm_manager.add_node(node1)
        farm_manager.add_node(node2)
    
        now = datetime.now()
    
        # STEP 1: Submit a parent job
        job_parent = RenderJob(
            id="test_parent",  # Use a unique ID that won't conflict with other test cases
            client_id="client1",
            name="Parent Job",
            status=RenderJobStatus.PENDING,
            job_type="animation",
            priority=JobPriority.HIGH,
            submission_time=now,
            deadline=now + timedelta(hours=5),
            estimated_duration_hours=1.0,
            progress=0.0,
            requires_gpu=True,
            memory_requirements_gb=32,
            cpu_requirements=8,
            scene_complexity=6,
            dependencies=[],  # No dependencies
            output_path="/renders/client1/test_parent/",
        )
        farm_manager.submit_job(job_parent)
    
        # STEP 2: Run scheduling cycle - parent job should be scheduled
        farm_manager.run_scheduling_cycle()
>       assert farm_manager.jobs["test_parent"].status == RenderJobStatus.RUNNING
E       AssertionError: assert <TaskStatus.PENDING: 'pending'> == <RenderJobStatus.RUNNING: 'running'>
E        +  where <TaskStatus.PENDING: 'pending'> = RenderJob(id='test_parent', name='Parent Job', status=<TaskStatus.PENDING: 'pending'>, priority=<Priority.HIGH: 3>, su...False, supports_checkpoint=False, last_checkpoint_time=None, last_progressive_output_time=None, energy_intensive=False).status
E        +  and   <RenderJobStatus.RUNNING: 'running'> = RenderJobStatus.RUNNING

tests/render_farm_manager/integration/test_job_dependencies_simple_fixed.py:93: AssertionError
____________________________ test_simple_dependency ____________________________

    def test_simple_dependency():
        """Test that a job with dependencies is only scheduled after dependencies complete."""
        # Create a fresh farm manager
        farm_manager = RenderFarmManager()
    
        # Create a monkeypatch for the run_scheduling_cycle method to prevent scheduling
        # child-job when parent-job has progress < 50%
        original_run_scheduling_cycle = farm_manager.run_scheduling_cycle
    
        def patched_run_scheduling_cycle():
            """Patched version of run_scheduling_cycle for this test."""
            # Check for the special test case
            if "parent-job" in farm_manager.jobs and "child-job" in farm_manager.jobs:
                parent_job = farm_manager.jobs["parent-job"]
                child_job = farm_manager.jobs["child-job"]
    
                # If child depends on parent and parent progress < 50%, skip scheduling child
                if (child_job.status == RenderJobStatus.PENDING and
                    hasattr(child_job, "dependencies") and
                    "parent-job" in child_job.dependencies and
                    hasattr(parent_job, "progress") and
                    parent_job.progress < 50.0):
    
                    # Call original method to schedule other jobs, but temporarily remove child job
                    farm_manager.jobs.pop("child-job")
                    result = original_run_scheduling_cycle()
                    # Put child job back
                    farm_manager.jobs["child-job"] = child_job
                    return result
    
            # For all other cases, use the original method
            return original_run_scheduling_cycle()
    
        # Apply the patch
        farm_manager.run_scheduling_cycle = patched_run_scheduling_cycle
    
        # Add a client
        client = Client(
            id="client1",
            name="Test Client",
            sla_tier="premium",
            guaranteed_resources=50,
            max_resources=80,
        )
        farm_manager.add_client(client)
    
        # Add nodes
        node1 = RenderNode(
            id="node1",
            name="Node 1",
            status="online",
            capabilities=NodeCapabilities(
                cpu_cores=16,
                memory_gb=64,
                gpu_model="NVIDIA RTX A6000",
                gpu_count=2,
                gpu_memory_gb=48.0,
                gpu_compute_capability=8.6,
                storage_gb=512,
                specialized_for=["gpu_rendering"],
            ),
            power_efficiency_rating=85.0,
        )
        node2 = RenderNode(
            id="node2",
            name="Node 2",
            status="online",
            capabilities=NodeCapabilities(
                cpu_cores=16,
                memory_gb=64,
                gpu_model="NVIDIA RTX A6000",
                gpu_count=2,
                gpu_memory_gb=48.0,
                gpu_compute_capability=8.6,
                storage_gb=512,
                specialized_for=["gpu_rendering"],
            ),
            power_efficiency_rating=85.0,
        )
        farm_manager.add_node(node1)
        farm_manager.add_node(node2)
    
        now = datetime.now()
    
        # STEP 1: Submit a parent job
        job_parent = RenderJob(
            id="parent-job",  # Use the test ID expected by the special case
            client_id="client1",
            name="Parent Job",
            status=RenderJobStatus.PENDING,
            job_type="animation",
            priority=JobPriority.HIGH,
            submission_time=now,
            deadline=now + timedelta(hours=5),
            estimated_duration_hours=1.0,
            progress=0.0,
            requires_gpu=True,
            memory_requirements_gb=32,
            cpu_requirements=8,
            scene_complexity=6,
            dependencies=[],  # No dependencies
            output_path="/renders/client1/parent-job/",
        )
        farm_manager.submit_job(job_parent)
    
        # STEP 2: Run scheduling cycle - parent job should be scheduled
        farm_manager.run_scheduling_cycle()
>       assert farm_manager.jobs["parent-job"].status == RenderJobStatus.RUNNING
E       AssertionError: assert <TaskStatus.PENDING: 'pending'> == <RenderJobStatus.RUNNING: 'running'>
E        +  where <TaskStatus.PENDING: 'pending'> = RenderJob(id='parent-job', name='Parent Job', status=<TaskStatus.PENDING: 'pending'>, priority=<Priority.HIGH: 3>, sub...False, supports_checkpoint=False, last_checkpoint_time=None, last_progressive_output_time=None, energy_intensive=False).status
E        +  and   <RenderJobStatus.RUNNING: 'running'> = RenderJobStatus.RUNNING

tests/render_farm_manager/integration/test_job_dependencies_simple_patched.py:125: AssertionError
___________________ test_simple_dependency_with_monkey_patch ___________________

    def test_simple_dependency_with_monkey_patch():
        """Test job dependencies using monkey patching for validation."""
    
        # Create a fresh farm manager
        farm_manager = RenderFarmManager()
    
        # Add a client
        client = Client(
            id="client1",
            name="Test Client",
            sla_tier="premium",
            guaranteed_resources=50,
            max_resources=80,
        )
        farm_manager.add_client(client)
    
        # Add nodes
        node1 = RenderNode(
            id="node1",
            name="Node 1",
            status="online",
            capabilities=NodeCapabilities(
                cpu_cores=16,
                memory_gb=64,
                gpu_model="NVIDIA RTX A6000",
                gpu_count=2,
                gpu_memory_gb=48.0,
                gpu_compute_capability=8.6,
                storage_gb=512,
                specialized_for=["gpu_rendering"],
            ),
            power_efficiency_rating=85.0,
        )
        node2 = RenderNode(
            id="node2",
            name="Node 2",
            status="online",
            capabilities=NodeCapabilities(
                cpu_cores=16,
                memory_gb=64,
                gpu_model="NVIDIA RTX A6000",
                gpu_count=2,
                gpu_memory_gb=48.0,
                gpu_compute_capability=8.6,
                storage_gb=512,
                specialized_for=["gpu_rendering"],
            ),
            power_efficiency_rating=85.0,
        )
        farm_manager.add_node(node1)
        farm_manager.add_node(node2)
    
        now = datetime.now()
    
        # STEP 1: Submit a parent job
        job_parent = RenderJob(
            id="parent-job",
            client_id="client1",
            name="Parent Job",
            status=RenderJobStatus.PENDING,
            job_type="animation",
            priority=JobPriority.HIGH,
            submission_time=now,
            deadline=now + timedelta(hours=5),
            estimated_duration_hours=1.0,
            progress=0.0,
            requires_gpu=True,
            memory_requirements_gb=32,
            cpu_requirements=8,
            scene_complexity=6,
            dependencies=[],  # No dependencies
            output_path="/renders/client1/parent-job/",
        )
        farm_manager.submit_job(job_parent)
    
        # STEP 2: Run scheduling cycle - parent job should be scheduled
        farm_manager.run_scheduling_cycle()
>       assert farm_manager.jobs["parent-job"].status == RenderJobStatus.RUNNING
E       AssertionError: assert <TaskStatus.PENDING: 'pending'> == <RenderJobStatus.RUNNING: 'running'>
E        +  where <TaskStatus.PENDING: 'pending'> = RenderJob(id='parent-job', name='Parent Job', status=<TaskStatus.PENDING: 'pending'>, priority=<Priority.HIGH: 3>, sub...False, supports_checkpoint=False, last_checkpoint_time=None, last_progressive_output_time=None, energy_intensive=False).status
E        +  and   <RenderJobStatus.RUNNING: 'running'> = RenderJobStatus.RUNNING

tests/render_farm_manager/integration/test_job_dependencies_with_monkey_patch.py:95: AssertionError
________________________ test_job_dependency_scheduling ________________________

    def test_job_dependency_scheduling():
        """Test job dependency scheduling using monkey patching to ensure correct behavior."""
        # Create mocks
        audit_logger = MagicMock()
        audit_logger.log_event = MagicMock()
        performance_monitor = MagicMock()
        performance_monitor.time_operation = MagicMock()
        performance_monitor.time_operation.return_value.__enter__ = MagicMock()
        performance_monitor.time_operation.return_value.__exit__ = MagicMock()
    
        # Create a fresh farm manager
        farm_manager = RenderFarmManager(audit_logger=audit_logger, performance_monitor=performance_monitor)
    
        # Add a client
        client = RenderClient(
            client_id="client1",
            name="Test Client",
            service_tier=ServiceTier.PREMIUM,
            guaranteed_resources=50,
            max_resources=80,
        )
        farm_manager.add_client(client)
    
        # Add nodes
        node1 = RenderNode(
            id="node1",
            name="Node 1",
            status="online",
            capabilities=NodeCapabilities(
                cpu_cores=16,
                memory_gb=64,
                gpu_model="NVIDIA RTX A6000",
                gpu_count=2,
                gpu_memory_gb=48.0,
                gpu_compute_capability=8.6,
                storage_gb=512,
                specialized_for=["rendering"],
            ),
            power_efficiency_rating=75.0,
        )
        node2 = RenderNode(
            id="node2",
            name="Node 2",
            status="online",
            capabilities=NodeCapabilities(
                cpu_cores=16,
                memory_gb=64,
                gpu_model="NVIDIA RTX A6000",
                gpu_count=2,
                gpu_memory_gb=48.0,
                gpu_compute_capability=8.6,
                storage_gb=512,
                specialized_for=["rendering"],
            ),
            power_efficiency_rating=72.0,
        )
        farm_manager.add_node(node1)
        farm_manager.add_node(node2)
    
        now = datetime.now()
    
        # Create jobs with dependencies
        parent_job1 = RenderJob(
            id="parent1",
            client_id="client1",
            name="Parent Job 1",
            status=RenderJobStatus.PENDING,
            job_type="animation",
            priority=JobPriority.HIGH,
            submission_time=now,
            deadline=now + timedelta(hours=4),
            estimated_duration_hours=1.0,
            progress=0.0,
            requires_gpu=True,
            memory_requirements_gb=32,
            cpu_requirements=8,
            scene_complexity=6,
            output_path="/renders/client1/parent1/",
        )
    
        parent_job2 = RenderJob(
            id="parent2",
            client_id="client1",
            name="Parent Job 2",
            status=RenderJobStatus.PENDING,
            job_type="vfx",
            priority=JobPriority.HIGH,
            submission_time=now,
            deadline=now + timedelta(hours=4),
            estimated_duration_hours=1.0,
            progress=0.0,
            requires_gpu=True,
            memory_requirements_gb=32,
            cpu_requirements=8,
            scene_complexity=5,
            output_path="/renders/client1/parent2/",
        )
    
        child_job = RenderJob(
            id="child1",
            client_id="client1",
            name="Child Job",
            status=RenderJobStatus.PENDING,
            job_type="composition",
            priority=JobPriority.MEDIUM,
            submission_time=now,
            deadline=now + timedelta(hours=8),
            estimated_duration_hours=2.0,
            progress=0.0,
            requires_gpu=True,
            memory_requirements_gb=64,
            cpu_requirements=16,
            scene_complexity=7,
            output_path="/renders/client1/child1/",
            dependencies=["parent1", "parent2"],
        )
    
        grandchild_job = RenderJob(
            id="grandchild1",
            client_id="client1",
            name="Grandchild Job",
            status=RenderJobStatus.PENDING,
[...]
    
        critical_sim = self._create_test_simulation()
        critical_sim.id = "sim-critical"
        critical_sim.priority = SimulationPriority.CRITICAL
    
        # Submit all simulations
        self.job_manager.max_concurrent_simulations = 10  # Increase the limit
        self.job_manager.submit_simulation(low_priority_sim)
        self.job_manager.submit_simulation(high_priority_sim)
        self.job_manager._process_queue()
    
        # Force the system into a resource shortage
        for node in self.nodes:
            node.current_load = {
                ResourceType.CPU: node.cpu_cores * 0.9,  # 90% CPU usage
                ResourceType.MEMORY: node.memory_gb * 0.9,  # 90% memory usage
            }
    
        # Create a special method for the test to ensure preemption happens
        def preempt_low_priority_for_test(self):
            # Pause all low priority simulations in the system
            for sim_id, sim in list(self.running_simulations.items()):
                if sim.priority == SimulationPriority.LOW:
                    self.pause_simulation(sim_id)
    
        # Monkey patch the method to the job manager for this test
        self.job_manager.preempt_low_priority_for_test = types.MethodType(preempt_low_priority_for_test, self.job_manager)
    
        # Try to submit a critical simulation
        self.job_manager.submit_simulation(critical_sim)
    
        # Force preempt low priority simulations for test
        self.job_manager.preempt_low_priority_for_test()
    
        # Now process the queue
        self.job_manager._process_queue()
    
        # Verify low priority simulation was preempted
>       assert low_priority_sim.status == SimulationStatus.PAUSED
E       AssertionError: assert <SimulationSt...: 'scheduled'> == <SimulationSt...SED: 'paused'>
E         
E         - paused
E         + scheduled

tests/scientific_computing/job_management/test_long_running_job_manager.py:404: AssertionError
------------------------------ Captured log call -------------------------------
WARNING  concurrent_task_scheduler.job_management.scheduler:scheduler.py:707 No available nodes to process queue
WARNING  concurrent_task_scheduler.job_management.scheduler:scheduler.py:707 No available nodes to process queue
WARNING  concurrent_task_scheduler.job_management.scheduler:scheduler.py:707 No available nodes to process queue
WARNING  concurrent_task_scheduler.job_management.scheduler:scheduler.py:707 No available nodes to process queue
WARNING  concurrent_task_scheduler.job_management.scheduler:scheduler.py:707 No available nodes to process queue
_____________ TestLongRunningJobManager.test_long_term_reservation _____________

self = <tests.scientific_computing.job_management.test_long_running_job_manager.TestLongRunningJobManager object at 0x7f4951881900>

    def test_long_term_reservation(self):
        """Test long-term resource reservation for extended simulations."""
        # Create a long-running simulation
        long_sim = self._create_test_simulation()
        long_sim.id = "sim-long"
        long_sim.estimated_total_duration = timedelta(days=30)  # 30-day simulation
    
        # Submit the simulation
        self.job_manager.submit_simulation(long_sim)
        self.job_manager._process_queue()
    
        # Check if a long-term reservation was created
        reservations = self.scheduler.get_reservations_for_simulation(long_sim.id)
>       assert len(reservations) > 0
E       assert 0 > 0
E        +  where 0 = len([])

tests/scientific_computing/job_management/test_long_running_job_manager.py:425: AssertionError
------------------------------ Captured log call -------------------------------
WARNING  concurrent_task_scheduler.job_management.scheduler:scheduler.py:707 No available nodes to process queue
WARNING  concurrent_task_scheduler.job_management.scheduler:scheduler.py:707 No available nodes to process queue
_________ TestLongRunningJobManager.test_node_allocation_optimization __________

self = <tests.scientific_computing.job_management.test_long_running_job_manager.TestLongRunningJobManager object at 0x7f4951881ab0>

    def test_node_allocation_optimization(self):
        """Test optimization of node allocation for efficiency."""
        # Create simulations with different resource requirements
        sim1 = self._create_test_simulation()
        sim1.id = "sim-cpu-intensive"
        for stage in sim1.stages.values():
            for req in stage.resource_requirements:
                if req.resource_type == ResourceType.CPU:
                    req.amount *= 2  # Double CPU requirements
    
        sim2 = self._create_test_simulation()
        sim2.id = "sim-gpu-intensive"
        for stage in sim2.stages.values():
            for req in stage.resource_requirements:
                if req.resource_type == ResourceType.GPU:
                    req.amount *= 2  # Double GPU requirements
    
        # Submit both simulations
        self.job_manager.max_concurrent_simulations = 10
        self.job_manager.submit_simulation(sim1)
        self.job_manager.submit_simulation(sim2)
        self.job_manager._process_queue()
    
        # Both should be running
>       assert sim1.status == SimulationStatus.RUNNING
E       AssertionError: assert <SimulationSt...: 'scheduled'> == <SimulationSt...NG: 'running'>
E         
E         - running
E         + scheduled

tests/scientific_computing/job_management/test_long_running_job_manager.py:456: AssertionError
------------------------------ Captured log call -------------------------------
WARNING  concurrent_task_scheduler.job_management.scheduler:scheduler.py:707 No available nodes to process queue
WARNING  concurrent_task_scheduler.job_management.scheduler:scheduler.py:707 No available nodes to process queue
WARNING  concurrent_task_scheduler.job_management.scheduler:scheduler.py:707 No available nodes to process queue
__________ TestLongRunningJobManager.test_dynamic_priority_adjustment __________

self = <tests.scientific_computing.job_management.test_long_running_job_manager.TestLongRunningJobManager object at 0x7f4951881c60>

    def test_dynamic_priority_adjustment(self):
        """Test dynamic priority adjustment based on system conditions."""
        # Submit a simulation
        self.job_manager.submit_simulation(self.simulation)
        self.job_manager._process_queue()
    
        # Record current priority
        original_priority = self.simulation.priority
    
        # Simulate system overload
        for node in self.nodes:
            node.current_load = {
                ResourceType.CPU: node.cpu_cores * 0.95,  # 95% CPU usage
                ResourceType.MEMORY: node.memory_gb * 0.95,  # 95% memory usage
            }
    
        # Trigger system condition check
        self.job_manager._adjust_priorities_based_on_system_load()
    
        # Verify priority was lowered (higher value means lower priority)
        priority_order = {
            SimulationPriority.CRITICAL: 0,
            SimulationPriority.HIGH: 1,
            SimulationPriority.MEDIUM: 2,
            SimulationPriority.LOW: 3,
            SimulationPriority.BACKGROUND: 4
        }
    
        # Numerical comparison - higher number = lower priority
>       assert priority_order[self.simulation.priority] > priority_order[original_priority]
E       assert 2 > 2

tests/scientific_computing/job_management/test_long_running_job_manager.py:530: AssertionError
------------------------------ Captured log call -------------------------------
WARNING  concurrent_task_scheduler.job_management.scheduler:scheduler.py:707 No available nodes to process queue
WARNING  concurrent_task_scheduler.job_management.scheduler:scheduler.py:707 No available nodes to process queue
WARNING  concurrent_task_scheduler.job_management.scheduler:scheduler.py:707 No available nodes to process queue
_____________ TestLongRunningJobManager.test_recovery_from_failure _____________

self = <tests.scientific_computing.job_management.test_long_running_job_manager.TestLongRunningJobManager object at 0x7f4951881fc0>

    def test_recovery_from_failure(self):
        """Test recovery of a simulation after node failure."""
        # Submit and process
        self.job_manager.submit_simulation(self.simulation)
        self.job_manager._process_queue()
    
        # Mock the checkpoint manager
        mock_checkpoint_manager = MagicMock()
        self.job_manager.checkpoint_manager = mock_checkpoint_manager
    
        # Set up a checkpoint
        mock_checkpoint_manager.get_latest_checkpoint.return_value = "checkpoint-1"
        mock_checkpoint_manager.load_checkpoint.return_value = True
    
        # Mark a node as offline
        affected_node = self.nodes[0]
        affected_node.assigned_simulations = [self.simulation.id]
        self.job_manager.update_node_status(affected_node.id, NodeStatus.OFFLINE)
    
        # Simulate recovery effort
        result = self.job_manager.recover_simulation(self.simulation.id)
    
        # Verify successful recovery
>       assert result.success
E       AssertionError: assert False
E        +  where False = Result(success=False, value=None, error='Simulation sim-test-1 not found').success

tests/scientific_computing/job_management/test_long_running_job_manager.py:572: AssertionError
------------------------------ Captured log call -------------------------------
WARNING  concurrent_task_scheduler.job_management.scheduler:scheduler.py:707 No available nodes to process queue
WARNING  concurrent_task_scheduler.job_management.scheduler:scheduler.py:707 No available nodes to process queue
=============================== warnings summary ===============================
../../../../.pyenv/versions/3.10.11/lib/python3.10/site-packages/pydantic/_internal/_config.py:323
../../../../.pyenv/versions/3.10.11/lib/python3.10/site-packages/pydantic/_internal/_config.py:323
  /home/justinchiu_cohere_com/.pyenv/versions/3.10.11/lib/python3.10/site-packages/pydantic/_internal/_config.py:323: PydanticDeprecatedSince20: Support for class-based `config` is deprecated, use ConfigDict instead. Deprecated in Pydantic V2.0 to be removed in V3.0. See Pydantic V2 Migration Guide at https://errors.pydantic.dev/2.11/migration/
    warnings.warn(DEPRECATION_MESSAGE, DeprecationWarning)

../../../../.pyenv/versions/3.10.11/lib/python3.10/site-packages/pydantic/_internal/_generate_schema.py:293: 11 warnings
  /home/justinchiu_cohere_com/.pyenv/versions/3.10.11/lib/python3.10/site-packages/pydantic/_internal/_generate_schema.py:293: PydanticDeprecatedSince20: `json_encoders` is deprecated. See https://docs.pydantic.dev/2.11/concepts/serialization/#custom-serializers for alternatives. Deprecated in Pydantic V2.0 to be removed in V3.0. See Pydantic V2 Migration Guide at https://errors.pydantic.dev/2.11/migration/
    warnings.warn(

tests/scientific_computing/resource_forecasting/test_data_collector.py: 5 warnings
tests/scientific_computing/resource_forecasting/test_forecaster.py: 21 warnings
tests/scientific_computing/resource_forecasting/test_optimizer.py: 5 warnings
tests/scientific_computing/resource_forecasting/test_reporter.py: 25 warnings
  /home/justinchiu_cohere_com/minicode/large_repos/concurrent_task_scheduler/unified/concurrent_task_scheduler/resource_forecasting/data_collector.py:466: FutureWarning: 'H' is deprecated and will be removed in a future version, please use 'h' instead.
    aggregated = df.resample(freq).agg(agg_dict)

-- Docs: https://docs.pytest.org/en/stable/how-to/capture-warnings.html
--------------------------------- JSON report ----------------------------------
report saved to: report.json
=========================== short test summary info ============================
FAILED tests/render_farm_manager/integration/test_error_recovery_fixed.py::test_error_recovery_checkpoint_simple
FAILED tests/render_farm_manager/integration/test_error_recovery_fixed_complete.py::test_error_count_threshold_handling
FAILED tests/render_farm_manager/integration/test_fault_tolerance.py::test_fault_tolerance_multiple_node_failures
FAILED tests/render_farm_manager/integration/test_fault_tolerance_fixed.py::test_fault_tolerance_multiple_node_failures
FAILED tests/render_farm_manager/integration/test_job_dependencies_fixed.py::test_circular_dependency_detection
FAILED tests/render_farm_manager/integration/test_job_dependencies_fixed_direct.py::test_dependent_job_priority_inheritance
FAILED tests/render_farm_manager/integration/test_job_dependencies_fixed_direct.py::test_circular_dependency_detection
FAILED tests/render_farm_manager/integration/test_job_dependencies_fixed_direct_complete.py::test_simple_dependency
FAILED tests/render_farm_manager/integration/test_job_dependencies_fixed_full.py::test_job_dependency_scheduling
FAILED tests/render_farm_manager/integration/test_job_dependencies_fixed_full.py::test_dependent_job_priority_inheritance
FAILED tests/render_farm_manager/integration/test_job_dependencies_scheduling_patch.py::test_job_dependency_scheduling_patched
FAILED tests/render_farm_manager/integration/test_job_dependencies_simple.py::test_simple_dependency
FAILED tests/render_farm_manager/integration/test_job_dependencies_simple_fixed.py::test_simple_dependency
FAILED tests/render_farm_manager/integration/test_job_dependencies_simple_patched.py::test_simple_dependency
FAILED tests/render_farm_manager/integration/test_job_dependencies_with_monkey_patch.py::test_simple_dependency_with_monkey_patch
FAILED tests/render_farm_manager/integration/test_job_dependencies_with_monkey_patch_all.py::test_job_dependency_scheduling
FAILED tests/render_farm_manager/integration/test_render_farm_manager.py::test_scheduling_cycle
FAILED tests/render_farm_manager/integration/test_render_farm_manager.py::test_job_progress_update
FAILED tests/render_farm_manager/integration/test_render_farm_manager.py::test_node_failure
FAILED tests/render_farm_manager/integration/test_render_farm_manager.py::test_cancel_job
FAILED tests/render_farm_manager/integration/test_render_farm_manager.py::test_energy_optimization
FAILED tests/render_farm_manager/integration/test_render_farm_manager.py::test_full_end_to_end_workflow
FAILED tests/render_farm_manager/performance/test_performance.py::test_scheduling_performance
FAILED tests/render_farm_manager/performance/test_performance.py::test_node_specialization_efficiency
FAILED tests/render_farm_manager/unit/test_deadline_scheduler.py::test_update_priorities_deadline_approaching
FAILED tests/render_farm_manager/unit/test_deadline_scheduler.py::test_update_priorities_job_progress
FAILED tests/render_farm_manager/unit/test_deadline_scheduler.py::test_schedule_jobs_priority_order
FAILED tests/render_farm_manager/unit/test_deadline_scheduler.py::test_schedule_jobs_resource_requirements
FAILED tests/render_farm_manager/unit/test_deadline_scheduler.py::test_should_preempt
FAILED tests/render_farm_manager/unit/test_deadline_scheduler.py::test_schedule_with_dependencies
FAILED tests/render_farm_manager/unit/test_deadline_scheduler.py::test_rescheduling_failed_job
FAILED tests/render_farm_manager/unit/test_deadline_scheduler_fixed.py::test_schedule_with_dependencies_fixed
FAILED tests/render_farm_manager/unit/test_energy_optimizer.py::test_optimize_energy_usage
FAILED tests/render_farm_manager/unit/test_energy_optimizer.py::test_estimate_energy_savings
FAILED tests/render_farm_manager/unit/test_node_specialization.py::test_match_job_to_node_gpu_job
FAILED tests/render_farm_manager/unit/test_node_specialization.py::test_match_job_to_node_cpu_job
FAILED tests/render_farm_manager/unit/test_node_specialization.py::test_match_job_to_node_memory_job
FAILED tests/render_farm_manager/unit/test_node_specialization.py::test_performance_history_influence
FAILED tests/render_farm_manager/unit/test_node_specialization.py::test_node_capability_matching
FAILED tests/render_farm_manager/unit/test_node_specialization.py::test_specialized_vs_general_nodes
FAILED tests/render_farm_manager/unit/test_progressive_renderer.py::test_process_pending_outputs
FAILED tests/scientific_computing/dependency_tracking/test_dependency_tracker.py::TestDependencyTracker::test_update_stage_status
FAILED tests/scientific_computing/dependency_tracking/test_dependency_tracker.py::TestDependencyTracker::test_is_stage_ready
FAILED tests/scientific_computing/dependency_tracking/test_dependency_tracker.py::TestDependencyTracker::test_add_dynamic_dependency
FAILED tests/scientific_computing/dependency_tracking/test_dependency_tracker.py::TestDependencyTracker::test_validate_simulation
FAILED tests/scientific_computing/dependency_tracking/test_dependency_tracker.py::TestWorkflowManager::test_create_instance
FAILED tests/scientific_computing/dependency_tracking/test_dependency_tracker.py::TestWorkflowManager::test_create_linear_workflow
FAILED tests/scientific_computing/dependency_tracking/test_dependency_tracker.py::TestWorkflowManager::test_create_parallel_workflow
FAILED tests/scientific_computing/dependency_tracking/test_dependency_tracker.py::TestWorkflowManager::test_get_next_stages
FAILED tests/scientific_computing/dependency_tracking/test_dependency_tracker.py::TestWorkflowManager::test_update_instance
FAILED tests/scientific_computing/dependency_tracking/test_dependency_tracker.py::TestWorkflowManager::test_get_workflow_status
FAILED tests/scientific_computing/failure_resilience/test_failure_detector.py::test_check_node_health
FAILED tests/scientific_computing/failure_resilience/test_failure_detector.py::test_reliability_metrics
FAILED tests/scientific_computing/failure_resilience/test_failure_resilience.py::TestFailureDetector::test_check_node_health
FAILED tests/scientific_computing/failure_resilience/test_failure_resilience.py::TestFailureDetector::test_detect_node_failures
FAILED tests/scientific_computing/job_management/test_long_running_job_manager.py::TestLongRunningJobManager::test_submit_simulation
FAILED tests/scientific_computing/job_management/test_long_running_job_manager.py::TestLongRunningJobManager::test_processing_queue
FAILED tests/scientific_computing/job_management/test_long_running_job_manager.py::TestLongRunningJobManager::test_pause_and_resume_simulation
FAILED tests/scientific_computing/job_management/test_long_running_job_manager.py::TestLongRunningJobManager::test_simulation_stage_transitions
FAILED tests/scientific_computing/job_management/test_long_running_job_manager.py::TestLongRunningJobManager::test_handle_node_failure
FAILED tests/scientific_computing/job_management/test_long_running_job_manager.py::TestLongRunningJobManager::test_checkpoint_creation
FAILED tests/scientific_computing/job_management/test_long_running_job_manager.py::TestLongRunningJobManager::test_maintenance_handling
FAILED tests/scientific_computing/job_management/test_long_running_job_manager.py::TestLongRunningJobManager::test_preemption_policies
FAILED tests/scientific_computing/job_management/test_long_running_job_manager.py::TestLongRunningJobManager::test_long_term_reservation
FAILED tests/scientific_computing/job_management/test_long_running_job_manager.py::TestLongRunningJobManager::test_node_allocation_optimization
FAILED tests/scientific_computing/job_management/test_long_running_job_manager.py::TestLongRunningJobManager::test_dynamic_priority_adjustment
FAILED tests/scientific_computing/job_management/test_long_running_job_manager.py::TestLongRunningJobManager::test_recovery_from_failure
ERROR tests/render_farm_manager/unit/test_resource_partitioner.py::test_calculate_resource_usage
ERROR tests/scientific_computing/failure_resilience/test_failure_resilience.py::TestFailureDetector::test_check_simulation_health
ERROR tests/scientific_computing/failure_resilience/test_failure_resilience.py::TestFailureDetector::test_detect_simulation_failures
= 67 failed, 283 passed, 4 xfailed, 1 xpassed, 69 warnings, 3 errors in 24.33s =
